#! /usr/local/Cellar/icarus-verilog/12.0/bin/vvp
:ivl_version "12.0 (stable)";
:ivl_delay_selection "TYPICAL";
:vpi_time_precision + 0;
:vpi_module "/usr/local/Cellar/icarus-verilog/12.0/lib/ivl/system.vpi";
:vpi_module "/usr/local/Cellar/icarus-verilog/12.0/lib/ivl/vhdl_sys.vpi";
:vpi_module "/usr/local/Cellar/icarus-verilog/12.0/lib/ivl/vhdl_textio.vpi";
:vpi_module "/usr/local/Cellar/icarus-verilog/12.0/lib/ivl/v2005_math.vpi";
:vpi_module "/usr/local/Cellar/icarus-verilog/12.0/lib/ivl/va_math.vpi";
S_0x7fd9bbf0c150 .scope module, "testbench" "testbench" 2 3;
 .timescale 0 0;
v0x7fd9bbf23a30_0 .net "Hundreds_Data", 3 0, v0x7fd9bbf23550_0;  1 drivers
v0x7fd9bbf23ae0_0 .var "Hz", 9 0;
v0x7fd9bbf23b70_0 .net "Ones_Data", 3 0, v0x7fd9bbf236b0_0;  1 drivers
v0x7fd9bbf23c40_0 .net "Tens_Data", 3 0, v0x7fd9bbf23760_0;  1 drivers
v0x7fd9bbf23cf0_0 .net "Thousands_Data", 3 0, v0x7fd9bbf23810_0;  1 drivers
S_0x7fd9bbf070c0 .scope module, "UUT" "BCD_Double_Dabble" 2 6, 3 20 0, S_0x7fd9bbf0c150;
 .timescale 0 0;
    .port_info 0 /INPUT 10 "Hz";
    .port_info 1 /OUTPUT 4 "Thousands_Data";
    .port_info 2 /OUTPUT 4 "Hundreds_Data";
    .port_info 3 /OUTPUT 4 "Tens_Data";
    .port_info 4 /OUTPUT 4 "Ones_Data";
v0x7fd9bbf23550_0 .var "Hundreds_Data", 3 0;
v0x7fd9bbf23610_0 .net "Hz", 9 0, v0x7fd9bbf23ae0_0;  1 drivers
v0x7fd9bbf236b0_0 .var "Ones_Data", 3 0;
v0x7fd9bbf23760_0 .var "Tens_Data", 3 0;
v0x7fd9bbf23810_0 .var "Thousands_Data", 3 0;
v0x7fd9bbf23900_0 .var "bin", 25 0;
E_0x7fd9bbf08a90 .event anyedge, v0x7fd9bbf23610_0;
S_0x7fd9bbf07230 .scope begin, "$ivl_for_loop0" "$ivl_for_loop0" 3 28, 3 28 0, S_0x7fd9bbf070c0;
 .timescale 0 0;
v0x7fd9bbf08610_0 .var/i "i", 31 0;
    .scope S_0x7fd9bbf070c0;
T_0 ;
    %pushi/vec4 0, 0, 4;
    %store/vec4 v0x7fd9bbf23810_0, 0, 4;
    %pushi/vec4 0, 0, 4;
    %store/vec4 v0x7fd9bbf23550_0, 0, 4;
    %pushi/vec4 0, 0, 4;
    %store/vec4 v0x7fd9bbf23760_0, 0, 4;
    %pushi/vec4 0, 0, 4;
    %store/vec4 v0x7fd9bbf236b0_0, 0, 4;
    %pushi/vec4 0, 0, 26;
    %store/vec4 v0x7fd9bbf23900_0, 0, 26;
    %end;
    .thread T_0;
    .scope S_0x7fd9bbf070c0;
T_1 ;
    %wait E_0x7fd9bbf08a90;
    %pushi/vec4 0, 0, 26;
    %store/vec4 v0x7fd9bbf23900_0, 0, 26;
    %load/vec4 v0x7fd9bbf23610_0;
    %ix/load 4, 0, 0;
    %flag_set/imm 4, 0;
    %store/vec4 v0x7fd9bbf23900_0, 4, 10;
    %fork t_1, S_0x7fd9bbf07230;
    %jmp t_0;
    .scope S_0x7fd9bbf07230;
t_1 ;
    %pushi/vec4 0, 0, 32;
    %store/vec4 v0x7fd9bbf08610_0, 0, 32;
T_1.0 ;
    %load/vec4 v0x7fd9bbf08610_0;
    %cmpi/s 10, 0, 32;
    %jmp/0xz T_1.1, 5;
    %load/vec4 v0x7fd9bbf23900_0;
    %parti/s 4, 10, 5;
    %pad/u 32;
    %cmpi/u 5, 0, 32;
    %flag_inv 5; GE is !LT
    %jmp/0xz  T_1.2, 5;
    %load/vec4 v0x7fd9bbf23900_0;
    %parti/s 4, 10, 5;
    %addi 3, 0, 4;
    %ix/load 4, 10, 0;
    %flag_set/imm 4, 0;
    %store/vec4 v0x7fd9bbf23900_0, 4, 4;
T_1.2 ;
    %load/vec4 v0x7fd9bbf23900_0;
    %parti/s 4, 14, 5;
    %pad/u 32;
    %cmpi/u 5, 0, 32;
    %flag_inv 5; GE is !LT
    %jmp/0xz  T_1.4, 5;
    %load/vec4 v0x7fd9bbf23900_0;
    %parti/s 4, 14, 5;
    %addi 3, 0, 4;
    %ix/load 4, 14, 0;
    %flag_set/imm 4, 0;
    %store/vec4 v0x7fd9bbf23900_0, 4, 4;
T_1.4 ;
    %load/vec4 v0x7fd9bbf23900_0;
    %parti/s 4, 18, 6;
    %pad/u 32;
    %cmpi/u 5, 0, 32;
    %flag_inv 5; GE is !LT
    %jmp/0xz  T_1.6, 5;
    %load/vec4 v0x7fd9bbf23900_0;
    %parti/s 4, 18, 6;
    %addi 3, 0, 4;
    %ix/load 4, 18, 0;
    %flag_set/imm 4, 0;
    %store/vec4 v0x7fd9bbf23900_0, 4, 4;
T_1.6 ;
    %load/vec4 v0x7fd9bbf23900_0;
    %parti/s 4, 22, 6;
    %pad/u 32;
    %cmpi/u 5, 0, 32;
    %flag_inv 5; GE is !LT
    %jmp/0xz  T_1.8, 5;
    %load/vec4 v0x7fd9bbf23900_0;
    %parti/s 4, 22, 6;
    %addi 3, 0, 4;
    %ix/load 4, 22, 0;
    %flag_set/imm 4, 0;
    %store/vec4 v0x7fd9bbf23900_0, 4, 4;
T_1.8 ;
    %load/vec4 v0x7fd9bbf23900_0;
    %ix/load 4, 1, 0;
    %flag_set/imm 4, 0;
    %shiftl 4;
    %store/vec4 v0x7fd9bbf23900_0, 0, 26;
    %load/vec4 v0x7fd9bbf08610_0;
    %addi 1, 0, 32;
    %store/vec4 v0x7fd9bbf08610_0, 0, 32;
    %jmp T_1.0;
T_1.1 ;
    %end;
    .scope S_0x7fd9bbf070c0;
t_0 %join;
    %load/vec4 v0x7fd9bbf23900_0;
    %parti/s 4, 10, 5;
    %assign/vec4 v0x7fd9bbf236b0_0, 0;
    %load/vec4 v0x7fd9bbf23900_0;
    %parti/s 4, 14, 5;
    %assign/vec4 v0x7fd9bbf23760_0, 0;
    %load/vec4 v0x7fd9bbf23900_0;
    %parti/s 4, 18, 6;
    %assign/vec4 v0x7fd9bbf23550_0, 0;
    %load/vec4 v0x7fd9bbf23900_0;
    %parti/s 4, 22, 6;
    %assign/vec4 v0x7fd9bbf23810_0, 0;
    %jmp T_1;
    .thread T_1, $push;
    .scope S_0x7fd9bbf0c150;
T_2 ;
    %pushi/vec4 0, 0, 10;
    %store/vec4 v0x7fd9bbf23ae0_0, 0, 10;
    %end;
    .thread T_2;
    .scope S_0x7fd9bbf0c150;
T_3 ;
    %vpi_call 2 8 "$dumpfile", "waveform.vcd" {0 0 0};
    %vpi_call 2 9 "$dumpvars", 32'sb00000000000000000000000000000000, S_0x7fd9bbf0c150 {0 0 0};
    %delay 10, 0;
    %pushi/vec4 1, 0, 10;
    %store/vec4 v0x7fd9bbf23ae0_0, 0, 10;
    %delay 10, 0;
    %pushi/vec4 69, 0, 10;
    %store/vec4 v0x7fd9bbf23ae0_0, 0, 10;
    %delay 10, 0;
    %pushi/vec4 420, 0, 10;
    %store/vec4 v0x7fd9bbf23ae0_0, 0, 10;
    %delay 10, 0;
    %pushi/vec4 1023, 0, 10;
    %store/vec4 v0x7fd9bbf23ae0_0, 0, 10;
    %delay 10, 0;
    %vpi_call 2 19 "$finish" {0 0 0};
    %end;
    .thread T_3;
# The file index is used to find the file name in the following table.
:file_names 4;
    "N/A";
    "<interactive>";
    "TestModules/MicSignalHandler/BCD/BCD_DD_TB.v";
    "./TestModules/MicSignalHandler/BCD/BCD_Double_Dabble.v";
