#! /c/Source/iverilog-install/bin/vvp
:ivl_version "12.0 (devel)" "(s20150603-1539-g2693dd32b)";
:ivl_delay_selection "TYPICAL";
:vpi_time_precision + 0;
:vpi_module "C:\iverilog\lib\ivl\system.vpi";
:vpi_module "C:\iverilog\lib\ivl\vhdl_sys.vpi";
:vpi_module "C:\iverilog\lib\ivl\vhdl_textio.vpi";
:vpi_module "C:\iverilog\lib\ivl\v2005_math.vpi";
:vpi_module "C:\iverilog\lib\ivl\va_math.vpi";
S_000001c84400bbf0 .scope module, "testbench" "testbench" 2 2;
 .timescale 0 0;
v000001c8440460c0_0 .net "Hundreds_Data", 3 0, v000001c84400bf10_0;  1 drivers
v000001c844046160_0 .var "Hz", 9 0;
v000001c844046200_0 .net "Ones_Data", 3 0, v000001c844006ae0_0;  1 drivers
v000001c8440462a0_0 .net "Tens_Data", 3 0, v000001c844006b80_0;  1 drivers
v000001c844046340_0 .net "Thousands_Data", 3 0, v000001c844006c20_0;  1 drivers
S_000001c84400bd80 .scope begin, "$ivl_for_loop0" "$ivl_for_loop0" 2 11, 2 11 0, S_000001c84400bbf0;
 .timescale 0 0;
v000001c8440070a0_0 .var/i "i", 31 0;
S_000001c8440068b0 .scope module, "UUT" "BCD_Converter" 2 5, 3 20 0, S_000001c84400bbf0;
 .timescale 0 0;
    .port_info 0 /INPUT 10 "Hz";
    .port_info 1 /OUTPUT 4 "Thousands_Data";
    .port_info 2 /OUTPUT 4 "Hundreds_Data";
    .port_info 3 /OUTPUT 4 "Tens_Data";
    .port_info 4 /OUTPUT 4 "Ones_Data";
v000001c84400bf10_0 .var "Hundreds_Data", 3 0;
v000001c844006a40_0 .net "Hz", 9 0, v000001c844046160_0;  1 drivers
v000001c844006ae0_0 .var "Ones_Data", 3 0;
v000001c844006b80_0 .var "Tens_Data", 3 0;
v000001c844006c20_0 .var "Thousands_Data", 3 0;
v000001c844006cc0_0 .var "temp", 9 0;
E_000001c844057c60 .event anyedge, v000001c844006a40_0, v000001c844006cc0_0;
    .scope S_000001c8440068b0;
T_0 ;
    %wait E_000001c844057c60;
    %load/vec4 v000001c844006a40_0;
    %pad/u 32;
    %pushi/vec4 1000, 0, 32;
    %div;
    %pad/u 4;
    %store/vec4 v000001c844006c20_0, 0, 4;
    %load/vec4 v000001c844006a40_0;
    %pad/u 32;
    %pushi/vec4 1000, 0, 32;
    %mod;
    %pad/u 10;
    %store/vec4 v000001c844006cc0_0, 0, 10;
    %load/vec4 v000001c844006cc0_0;
    %pad/u 32;
    %pushi/vec4 100, 0, 32;
    %div;
    %pad/u 4;
    %store/vec4 v000001c84400bf10_0, 0, 4;
    %load/vec4 v000001c844006a40_0;
    %pad/u 32;
    %pushi/vec4 100, 0, 32;
    %mod;
    %pad/u 10;
    %store/vec4 v000001c844006cc0_0, 0, 10;
    %load/vec4 v000001c844006cc0_0;
    %pad/u 32;
    %pushi/vec4 10, 0, 32;
    %div;
    %pad/u 4;
    %store/vec4 v000001c844006b80_0, 0, 4;
    %load/vec4 v000001c844006a40_0;
    %pad/u 32;
    %pushi/vec4 10, 0, 32;
    %mod;
    %pad/u 4;
    %store/vec4 v000001c844006ae0_0, 0, 4;
    %jmp T_0;
    .thread T_0, $push;
    .scope S_000001c84400bbf0;
T_1 ;
    %vpi_call 2 8 "$display", "Hz               1000s   100s   10s   1s" {0 0 0};
    %vpi_call 2 9 "$display", "------------------------------------------" {0 0 0};
    %vpi_call 2 10 "$monitor", "%b %d |  %d |  %d |  %d |  %d |", v000001c844046160_0, v000001c844046160_0, v000001c844046340_0, v000001c8440460c0_0, v000001c8440462a0_0, v000001c844046200_0 {0 0 0};
    %fork t_1, S_000001c84400bd80;
    %jmp t_0;
    .scope S_000001c84400bd80;
t_1 ;
    %pushi/vec4 0, 0, 32;
    %store/vec4 v000001c8440070a0_0, 0, 32;
T_1.0 ;
    %load/vec4 v000001c8440070a0_0;
    %cmpi/s 1024, 0, 32;
    %jmp/0xz T_1.1, 5;
    %load/vec4 v000001c8440070a0_0;
    %parti/s 10, 0, 2;
    %store/vec4 v000001c844046160_0, 0, 10;
    %delay 1, 0;
    %load/vec4 v000001c8440070a0_0;
    %addi 1, 0, 32;
    %store/vec4 v000001c8440070a0_0, 0, 32;
    %jmp T_1.0;
T_1.1 ;
    %end;
    .scope S_000001c84400bbf0;
t_0 %join;
    %end;
    .thread T_1;
# The file index is used to find the file name in the following table.
:file_names 4;
    "N/A";
    "<interactive>";
    "TestModules\MicSignalHandler\BCD\BCD_TB.v";
    "./TestModules/MicSignalHandler/BCD/BCD_Converter.v";
