#! /usr/local/Cellar/icarus-verilog/12.0/bin/vvp
:ivl_version "12.0 (stable)";
:ivl_delay_selection "TYPICAL";
:vpi_time_precision + 0;
:vpi_module "/usr/local/Cellar/icarus-verilog/12.0/lib/ivl/system.vpi";
:vpi_module "/usr/local/Cellar/icarus-verilog/12.0/lib/ivl/vhdl_sys.vpi";
:vpi_module "/usr/local/Cellar/icarus-verilog/12.0/lib/ivl/vhdl_textio.vpi";
:vpi_module "/usr/local/Cellar/icarus-verilog/12.0/lib/ivl/v2005_math.vpi";
:vpi_module "/usr/local/Cellar/icarus-verilog/12.0/lib/ivl/va_math.vpi";
S_0x7f948f204de0 .scope module, "testbench" "testbench" 2 3;
 .timescale 0 0;
P_0x7f948f2060e0 .param/l "PRD" 0 2 11, +C4<00000000000000000000000000000010>;
v0x7f948f220640_0 .net "BWD_A", 0 0, v0x7f948f20f5a0_0;  1 drivers
v0x7f948f2206d0_0 .net "BWD_B", 0 0, v0x7f948f21f4b0_0;  1 drivers
v0x7f948f220760_0 .net "Done", 0 0, v0x7f948f21f610_0;  1 drivers
v0x7f948f2207f0_0 .net "Duty_SelA", 1 0, v0x7f948f21f6b0_0;  1 drivers
v0x7f948f220880_0 .net "Duty_SelB", 1 0, v0x7f948f21f7a0_0;  1 drivers
v0x7f948f220950_0 .var "Enable", 0 0;
v0x7f948f2209e0_0 .net "FWD_A", 0 0, v0x7f948f21faa0_0;  1 drivers
v0x7f948f220a90_0 .net "FWD_B", 0 0, v0x7f948f21fb30_0;  1 drivers
v0x7f948f220b40_0 .var "IR_10k", 0 0;
v0x7f948f220c70_0 .var "IR_1k", 0 0;
v0x7f948f220d00_0 .var "Inductance", 0 0;
v0x7f948f220d90_0 .var "Pause", 0 0;
v0x7f948f220e40_0 .var "clk", 0 0;
S_0x7f948f204f50 .scope module, "UUT" "GoalDirectionControl" 2 7, 3 21 0, S_0x7f948f204de0;
 .timescale 0 0;
    .port_info 0 /INPUT 1 "clk";
    .port_info 1 /INPUT 1 "Enable";
    .port_info 2 /INPUT 1 "Pause";
    .port_info 3 /INPUT 1 "Inductance";
    .port_info 4 /INPUT 1 "IR_1k";
    .port_info 5 /INPUT 1 "IR_10k";
    .port_info 6 /OUTPUT 1 "FWD_A";
    .port_info 7 /OUTPUT 1 "FWD_B";
    .port_info 8 /OUTPUT 1 "BWD_A";
    .port_info 9 /OUTPUT 1 "BWD_B";
    .port_info 10 /OUTPUT 1 "Done";
    .port_info 11 /OUTPUT 2 "Duty_SelA";
    .port_info 12 /OUTPUT 2 "Duty_SelB";
P_0x7f948f20f070 .param/l "IDLE" 0 3 26, C4<000>;
P_0x7f948f20f0b0 .param/l "INDUCTANCE" 0 3 31, C4<101>;
P_0x7f948f20f0f0 .param/l "PAUSE" 0 3 30, C4<100>;
P_0x7f948f20f130 .param/l "SMALL_FORWARD" 0 3 32, C4<110>;
P_0x7f948f20f170 .param/l "SMALL_LEFT" 0 3 29, C4<011>;
P_0x7f948f20f1b0 .param/l "SMALL_RIGHT" 0 3 28, C4<010>;
P_0x7f948f20f1f0 .param/l "TURN_RIGHT" 0 3 27, C4<001>;
L_0x7f948f220ef0 .functor NOT 1, v0x7f948f21f990_0, C4<0>, C4<0>, C4<0>;
L_0x7f948f220fa0 .functor AND 1, v0x7f948f220460_0, L_0x7f948f220ef0, C4<1>, C4<1>;
v0x7f948f20f5a0_0 .var "BWD_A", 0 0;
v0x7f948f21f4b0_0 .var "BWD_B", 0 0;
v0x7f948f21f550_0 .var "COUNT", 28 0;
v0x7f948f21f610_0 .var "Done", 0 0;
v0x7f948f21f6b0_0 .var "Duty_SelA", 1 0;
v0x7f948f21f7a0_0 .var "Duty_SelB", 1 0;
v0x7f948f21f850_0 .net "EN", 0 0, L_0x7f948f220fa0;  1 drivers
v0x7f948f21f8f0_0 .net "Enable", 0 0, v0x7f948f220950_0;  1 drivers
v0x7f948f21f990_0 .var "Enable_Edge", 0 0;
v0x7f948f21faa0_0 .var "FWD_A", 0 0;
v0x7f948f21fb30_0 .var "FWD_B", 0 0;
v0x7f948f21fbd0_0 .var "FWD_FLG", 0 0;
v0x7f948f21fc70_0 .var "IND_FLG", 0 0;
v0x7f948f21fd10_0 .net "IR_10k", 0 0, v0x7f948f220b40_0;  1 drivers
v0x7f948f21fdb0_0 .net "IR_1k", 0 0, v0x7f948f220c70_0;  1 drivers
v0x7f948f21fe50_0 .net "Inductance", 0 0, v0x7f948f220d00_0;  1 drivers
v0x7f948f21fef0_0 .var "PREV_STATE", 2 0;
v0x7f948f220080_0 .net "Pause", 0 0, v0x7f948f220d90_0;  1 drivers
v0x7f948f220110_0 .var "SL_FLG", 0 0;
v0x7f948f2201a0_0 .var "SR_FLG", 0 0;
v0x7f948f220240_0 .var "STATE", 2 0;
v0x7f948f220310_0 .net *"_ivl_0", 0 0, L_0x7f948f220ef0;  1 drivers
v0x7f948f2203c0_0 .net "clk", 0 0, v0x7f948f220e40_0;  1 drivers
v0x7f948f220460_0 .var "enable", 0 0;
E_0x7f948f20f520 .event posedge, v0x7f948f2203c0_0;
E_0x7f948f20f560 .event negedge, v0x7f948f2203c0_0;
    .scope S_0x7f948f204f50;
T_0 ;
    %pushi/vec4 0, 0, 1;
    %store/vec4 v0x7f948f21faa0_0, 0, 1;
    %pushi/vec4 0, 0, 1;
    %store/vec4 v0x7f948f21fb30_0, 0, 1;
    %pushi/vec4 0, 0, 1;
    %store/vec4 v0x7f948f20f5a0_0, 0, 1;
    %pushi/vec4 0, 0, 1;
    %store/vec4 v0x7f948f21f4b0_0, 0, 1;
    %pushi/vec4 0, 0, 1;
    %store/vec4 v0x7f948f21f610_0, 0, 1;
    %pushi/vec4 0, 0, 2;
    %store/vec4 v0x7f948f21f6b0_0, 0, 2;
    %pushi/vec4 0, 0, 2;
    %store/vec4 v0x7f948f21f7a0_0, 0, 2;
    %pushi/vec4 0, 0, 3;
    %store/vec4 v0x7f948f220240_0, 0, 3;
    %pushi/vec4 0, 0, 3;
    %store/vec4 v0x7f948f21fef0_0, 0, 3;
    %pushi/vec4 0, 0, 1;
    %store/vec4 v0x7f948f2201a0_0, 0, 1;
    %pushi/vec4 0, 0, 1;
    %store/vec4 v0x7f948f220110_0, 0, 1;
    %pushi/vec4 0, 0, 1;
    %store/vec4 v0x7f948f21fc70_0, 0, 1;
    %pushi/vec4 0, 0, 1;
    %store/vec4 v0x7f948f21fbd0_0, 0, 1;
    %pushi/vec4 0, 0, 29;
    %store/vec4 v0x7f948f21f550_0, 0, 29;
    %pushi/vec4 0, 0, 1;
    %store/vec4 v0x7f948f21f990_0, 0, 1;
    %pushi/vec4 0, 0, 1;
    %store/vec4 v0x7f948f220460_0, 0, 1;
    %end;
    .thread T_0;
    .scope S_0x7f948f204f50;
T_1 ;
    %wait E_0x7f948f20f560;
    %load/vec4 v0x7f948f21f8f0_0;
    %store/vec4 v0x7f948f220460_0, 0, 1;
    %jmp T_1;
    .thread T_1;
    .scope S_0x7f948f204f50;
T_2 ;
    %wait E_0x7f948f20f520;
    %load/vec4 v0x7f948f220460_0;
    %store/vec4 v0x7f948f21f990_0, 0, 1;
    %load/vec4 v0x7f948f220240_0;
    %dup/vec4;
    %pushi/vec4 0, 0, 3;
    %cmp/u;
    %jmp/1 T_2.0, 6;
    %dup/vec4;
    %pushi/vec4 1, 0, 3;
    %cmp/u;
    %jmp/1 T_2.1, 6;
    %dup/vec4;
    %pushi/vec4 2, 0, 3;
    %cmp/u;
    %jmp/1 T_2.2, 6;
    %dup/vec4;
    %pushi/vec4 3, 0, 3;
    %cmp/u;
    %jmp/1 T_2.3, 6;
    %dup/vec4;
    %pushi/vec4 4, 0, 3;
    %cmp/u;
    %jmp/1 T_2.4, 6;
    %dup/vec4;
    %pushi/vec4 5, 0, 3;
    %cmp/u;
    %jmp/1 T_2.5, 6;
    %dup/vec4;
    %pushi/vec4 6, 0, 3;
    %cmp/u;
    %jmp/1 T_2.6, 6;
    %jmp T_2.7;
T_2.0 ;
    %load/vec4 v0x7f948f21f850_0;
    %flag_set/vec4 8;
    %jmp/0 T_2.8, 8;
    %pushi/vec4 1, 0, 3;
    %jmp/1 T_2.9, 8;
T_2.8 ; End of true expr.
    %pushi/vec4 0, 0, 3;
    %jmp/0 T_2.9, 8;
 ; End of false expr.
    %blend;
T_2.9;
    %store/vec4 v0x7f948f220240_0, 0, 3;
    %jmp T_2.7;
T_2.1 ;
    %pushi/vec4 1, 0, 3;
    %store/vec4 v0x7f948f21fef0_0, 0, 3;
    %load/vec4 v0x7f948f220080_0;
    %flag_set/vec4 8;
    %jmp/0 T_2.10, 8;
    %pushi/vec4 4, 0, 3;
    %jmp/1 T_2.11, 8;
T_2.10 ; End of true expr.
    %load/vec4 v0x7f948f21fe50_0;
    %flag_set/vec4 9;
    %jmp/0 T_2.12, 9;
    %pushi/vec4 5, 0, 3;
    %jmp/1 T_2.13, 9;
T_2.12 ; End of true expr.
    %load/vec4 v0x7f948f21fdb0_0;
    %flag_set/vec4 10;
    %jmp/0 T_2.14, 10;
    %pushi/vec4 2, 0, 3;
    %jmp/1 T_2.15, 10;
T_2.14 ; End of true expr.
    %load/vec4 v0x7f948f21fd10_0;
    %flag_set/vec4 11;
    %jmp/0 T_2.16, 11;
    %pushi/vec4 3, 0, 3;
    %jmp/1 T_2.17, 11;
T_2.16 ; End of true expr.
    %pushi/vec4 1, 0, 3;
    %jmp/0 T_2.17, 11;
 ; End of false expr.
    %blend;
T_2.17;
    %jmp/0 T_2.15, 10;
 ; End of false expr.
    %blend;
T_2.15;
    %jmp/0 T_2.13, 9;
 ; End of false expr.
    %blend;
T_2.13;
    %jmp/0 T_2.11, 8;
 ; End of false expr.
    %blend;
T_2.11;
    %store/vec4 v0x7f948f220240_0, 0, 3;
    %jmp T_2.7;
T_2.2 ;
    %load/vec4 v0x7f948f220080_0;
    %flag_set/vec4 8;
    %jmp/0 T_2.18, 8;
    %pushi/vec4 4, 0, 3;
    %jmp/1 T_2.19, 8;
T_2.18 ; End of true expr.
    %load/vec4 v0x7f948f21fe50_0;
    %flag_set/vec4 9;
    %jmp/0 T_2.20, 9;
    %pushi/vec4 5, 0, 3;
    %jmp/1 T_2.21, 9;
T_2.20 ; End of true expr.
    %load/vec4 v0x7f948f2201a0_0;
    %flag_set/vec4 10;
    %jmp/0 T_2.22, 10;
    %pushi/vec4 2, 0, 3;
    %jmp/1 T_2.23, 10;
T_2.22 ; End of true expr.
    %pushi/vec4 6, 0, 3;
    %jmp/0 T_2.23, 10;
 ; End of false expr.
    %blend;
T_2.23;
    %jmp/0 T_2.21, 9;
 ; End of false expr.
    %blend;
T_2.21;
    %jmp/0 T_2.19, 8;
 ; End of false expr.
    %blend;
T_2.19;
    %store/vec4 v0x7f948f220240_0, 0, 3;
    %pushi/vec4 2, 0, 3;
    %store/vec4 v0x7f948f21fef0_0, 0, 3;
    %jmp T_2.7;
T_2.3 ;
    %load/vec4 v0x7f948f220080_0;
    %flag_set/vec4 8;
    %jmp/0 T_2.24, 8;
    %pushi/vec4 4, 0, 3;
    %jmp/1 T_2.25, 8;
T_2.24 ; End of true expr.
    %load/vec4 v0x7f948f21fe50_0;
    %flag_set/vec4 9;
    %jmp/0 T_2.26, 9;
    %pushi/vec4 5, 0, 3;
    %jmp/1 T_2.27, 9;
T_2.26 ; End of true expr.
    %load/vec4 v0x7f948f220110_0;
    %flag_set/vec4 10;
    %jmp/0 T_2.28, 10;
    %pushi/vec4 3, 0, 3;
    %jmp/1 T_2.29, 10;
T_2.28 ; End of true expr.
    %pushi/vec4 6, 0, 3;
    %jmp/0 T_2.29, 10;
 ; End of false expr.
    %blend;
T_2.29;
    %jmp/0 T_2.27, 9;
 ; End of false expr.
    %blend;
T_2.27;
    %jmp/0 T_2.25, 8;
 ; End of false expr.
    %blend;
T_2.25;
    %store/vec4 v0x7f948f220240_0, 0, 3;
    %pushi/vec4 3, 0, 3;
    %store/vec4 v0x7f948f21fef0_0, 0, 3;
    %jmp T_2.7;
T_2.4 ;
    %load/vec4 v0x7f948f220080_0;
    %flag_set/vec4 8;
    %jmp/0 T_2.30, 8;
    %pushi/vec4 4, 0, 3;
    %jmp/1 T_2.31, 8;
T_2.30 ; End of true expr.
    %load/vec4 v0x7f948f21fef0_0;
    %jmp/0 T_2.31, 8;
 ; End of false expr.
    %blend;
T_2.31;
    %store/vec4 v0x7f948f220240_0, 0, 3;
    %jmp T_2.7;
T_2.5 ;
    %load/vec4 v0x7f948f21fc70_0;
    %flag_set/vec4 8;
    %jmp/0 T_2.32, 8;
    %pushi/vec4 5, 0, 3;
    %jmp/1 T_2.33, 8;
T_2.32 ; End of true expr.
    %load/vec4 v0x7f948f21fe50_0;
    %flag_set/vec4 9;
    %jmp/0 T_2.34, 9;
    %pushi/vec4 5, 0, 3;
    %jmp/1 T_2.35, 9;
T_2.34 ; End of true expr.
    %load/vec4 v0x7f948f21fef0_0;
    %jmp/0 T_2.35, 9;
 ; End of false expr.
    %blend;
T_2.35;
    %jmp/0 T_2.33, 8;
 ; End of false expr.
    %blend;
T_2.33;
    %store/vec4 v0x7f948f220240_0, 0, 3;
    %jmp T_2.7;
T_2.6 ;
    %load/vec4 v0x7f948f220080_0;
    %flag_set/vec4 8;
    %jmp/0 T_2.36, 8;
    %pushi/vec4 4, 0, 3;
    %jmp/1 T_2.37, 8;
T_2.36 ; End of true expr.
    %load/vec4 v0x7f948f21fe50_0;
    %flag_set/vec4 9;
    %jmp/0 T_2.38, 9;
    %pushi/vec4 5, 0, 3;
    %jmp/1 T_2.39, 9;
T_2.38 ; End of true expr.
    %load/vec4 v0x7f948f21fbd0_0;
    %flag_set/vec4 10;
    %jmp/0 T_2.40, 10;
    %pushi/vec4 6, 0, 3;
    %jmp/1 T_2.41, 10;
T_2.40 ; End of true expr.
    %pushi/vec4 0, 0, 3;
    %jmp/0 T_2.41, 10;
 ; End of false expr.
    %blend;
T_2.41;
    %jmp/0 T_2.39, 9;
 ; End of false expr.
    %blend;
T_2.39;
    %jmp/0 T_2.37, 8;
 ; End of false expr.
    %blend;
T_2.37;
    %store/vec4 v0x7f948f220240_0, 0, 3;
    %pushi/vec4 6, 0, 3;
    %store/vec4 v0x7f948f21fef0_0, 0, 3;
    %jmp T_2.7;
T_2.7 ;
    %pop/vec4 1;
    %load/vec4 v0x7f948f220240_0;
    %dup/vec4;
    %pushi/vec4 0, 0, 3;
    %cmp/u;
    %jmp/1 T_2.42, 6;
    %dup/vec4;
    %pushi/vec4 1, 0, 3;
    %cmp/u;
    %jmp/1 T_2.43, 6;
    %dup/vec4;
    %pushi/vec4 2, 0, 3;
    %cmp/u;
    %jmp/1 T_2.44, 6;
    %dup/vec4;
    %pushi/vec4 3, 0, 3;
    %cmp/u;
    %jmp/1 T_2.45, 6;
    %dup/vec4;
    %pushi/vec4 6, 0, 3;
    %cmp/u;
    %jmp/1 T_2.46, 6;
    %dup/vec4;
    %pushi/vec4 4, 0, 3;
    %cmp/u;
    %jmp/1 T_2.47, 6;
    %dup/vec4;
    %pushi/vec4 5, 0, 3;
    %cmp/u;
    %jmp/1 T_2.48, 6;
    %jmp T_2.49;
T_2.42 ;
    %pushi/vec4 0, 0, 4;
    %split/vec4 1;
    %store/vec4 v0x7f948f21f4b0_0, 0, 1;
    %split/vec4 1;
    %store/vec4 v0x7f948f20f5a0_0, 0, 1;
    %split/vec4 1;
    %store/vec4 v0x7f948f21fb30_0, 0, 1;
    %store/vec4 v0x7f948f21faa0_0, 0, 1;
    %pushi/vec4 0, 0, 4;
    %split/vec4 2;
    %store/vec4 v0x7f948f21f7a0_0, 0, 2;
    %store/vec4 v0x7f948f21f6b0_0, 0, 2;
    %pushi/vec4 15, 0, 4;
    %split/vec4 1;
    %store/vec4 v0x7f948f21fbd0_0, 0, 1;
    %split/vec4 1;
    %store/vec4 v0x7f948f21fc70_0, 0, 1;
    %split/vec4 1;
    %store/vec4 v0x7f948f220110_0, 0, 1;
    %store/vec4 v0x7f948f2201a0_0, 0, 1;
    %jmp T_2.49;
T_2.43 ;
    %pushi/vec4 9, 0, 4;
    %split/vec4 1;
    %store/vec4 v0x7f948f21f4b0_0, 0, 1;
    %split/vec4 1;
    %store/vec4 v0x7f948f20f5a0_0, 0, 1;
    %split/vec4 1;
    %store/vec4 v0x7f948f21fb30_0, 0, 1;
    %store/vec4 v0x7f948f21faa0_0, 0, 1;
    %pushi/vec4 5, 0, 4;
    %split/vec4 2;
    %store/vec4 v0x7f948f21f7a0_0, 0, 2;
    %store/vec4 v0x7f948f21f6b0_0, 0, 2;
    %pushi/vec4 30, 0, 5;
    %split/vec4 1;
    %store/vec4 v0x7f948f21f610_0, 0, 1;
    %split/vec4 1;
    %store/vec4 v0x7f948f21fbd0_0, 0, 1;
    %split/vec4 1;
    %store/vec4 v0x7f948f21fc70_0, 0, 1;
    %split/vec4 1;
    %store/vec4 v0x7f948f220110_0, 0, 1;
    %store/vec4 v0x7f948f2201a0_0, 0, 1;
    %jmp T_2.49;
T_2.44 ;
    %pushi/vec4 9, 0, 4;
    %split/vec4 1;
    %store/vec4 v0x7f948f21f4b0_0, 0, 1;
    %split/vec4 1;
    %store/vec4 v0x7f948f20f5a0_0, 0, 1;
    %split/vec4 1;
    %store/vec4 v0x7f948f21fb30_0, 0, 1;
    %store/vec4 v0x7f948f21faa0_0, 0, 1;
    %pushi/vec4 15, 0, 4;
    %split/vec4 2;
    %store/vec4 v0x7f948f21f7a0_0, 0, 2;
    %store/vec4 v0x7f948f21f6b0_0, 0, 2;
    %pushi/vec4 14, 0, 4;
    %split/vec4 1;
    %store/vec4 v0x7f948f21f610_0, 0, 1;
    %split/vec4 1;
    %store/vec4 v0x7f948f21fbd0_0, 0, 1;
    %split/vec4 1;
    %store/vec4 v0x7f948f21fc70_0, 0, 1;
    %store/vec4 v0x7f948f220110_0, 0, 1;
    %load/vec4 v0x7f948f21f550_0;
    %addi 1, 0, 29;
    %store/vec4 v0x7f948f21f550_0, 0, 29;
    %load/vec4 v0x7f948f21f550_0;
    %cmpi/e 4, 0, 29;
    %jmp/0xz  T_2.50, 4;
    %pushi/vec4 0, 0, 1;
    %store/vec4 v0x7f948f2201a0_0, 0, 1;
    %pushi/vec4 0, 0, 29;
    %store/vec4 v0x7f948f21f550_0, 0, 29;
T_2.50 ;
    %jmp T_2.49;
T_2.45 ;
    %pushi/vec4 6, 0, 4;
    %split/vec4 1;
    %store/vec4 v0x7f948f21f4b0_0, 0, 1;
    %split/vec4 1;
    %store/vec4 v0x7f948f20f5a0_0, 0, 1;
    %split/vec4 1;
    %store/vec4 v0x7f948f21fb30_0, 0, 1;
    %store/vec4 v0x7f948f21faa0_0, 0, 1;
    %pushi/vec4 15, 0, 4;
    %split/vec4 2;
    %store/vec4 v0x7f948f21f7a0_0, 0, 2;
    %store/vec4 v0x7f948f21f6b0_0, 0, 2;
    %pushi/vec4 14, 0, 4;
    %split/vec4 1;
    %store/vec4 v0x7f948f21f610_0, 0, 1;
    %split/vec4 1;
    %store/vec4 v0x7f948f21fbd0_0, 0, 1;
    %split/vec4 1;
    %store/vec4 v0x7f948f21fc70_0, 0, 1;
    %store/vec4 v0x7f948f2201a0_0, 0, 1;
    %load/vec4 v0x7f948f21f550_0;
    %addi 1, 0, 29;
    %store/vec4 v0x7f948f21f550_0, 0, 29;
    %load/vec4 v0x7f948f21f550_0;
    %cmpi/e 400000000, 0, 29;
    %jmp/0xz  T_2.52, 4;
    %pushi/vec4 0, 0, 1;
    %store/vec4 v0x7f948f220110_0, 0, 1;
    %pushi/vec4 0, 0, 29;
    %store/vec4 v0x7f948f21f550_0, 0, 29;
T_2.52 ;
    %jmp T_2.49;
T_2.46 ;
    %pushi/vec4 12, 0, 4;
    %split/vec4 1;
    %store/vec4 v0x7f948f21f4b0_0, 0, 1;
    %split/vec4 1;
    %store/vec4 v0x7f948f20f5a0_0, 0, 1;
    %split/vec4 1;
    %store/vec4 v0x7f948f21fb30_0, 0, 1;
    %store/vec4 v0x7f948f21faa0_0, 0, 1;
    %pushi/vec4 5, 0, 4;
    %split/vec4 2;
    %store/vec4 v0x7f948f21f7a0_0, 0, 2;
    %store/vec4 v0x7f948f21f6b0_0, 0, 2;
    %pushi/vec4 14, 0, 4;
    %split/vec4 1;
    %store/vec4 v0x7f948f21f610_0, 0, 1;
    %split/vec4 1;
    %store/vec4 v0x7f948f21fc70_0, 0, 1;
    %split/vec4 1;
    %store/vec4 v0x7f948f220110_0, 0, 1;
    %store/vec4 v0x7f948f2201a0_0, 0, 1;
    %load/vec4 v0x7f948f21f550_0;
    %addi 1, 0, 29;
    %store/vec4 v0x7f948f21f550_0, 0, 29;
    %load/vec4 v0x7f948f21f550_0;
    %cmpi/e 400000000, 0, 29;
    %jmp/0xz  T_2.54, 4;
    %pushi/vec4 0, 0, 29;
    %store/vec4 v0x7f948f21f550_0, 0, 29;
    %pushi/vec4 0, 0, 3;
    %store/vec4 v0x7f948f220240_0, 0, 3;
    %pushi/vec4 0, 0, 1;
    %store/vec4 v0x7f948f21fbd0_0, 0, 1;
    %pushi/vec4 1, 0, 1;
    %store/vec4 v0x7f948f21f610_0, 0, 1;
T_2.54 ;
    %jmp T_2.49;
T_2.47 ;
    %pushi/vec4 0, 0, 4;
    %split/vec4 1;
    %store/vec4 v0x7f948f21f4b0_0, 0, 1;
    %split/vec4 1;
    %store/vec4 v0x7f948f20f5a0_0, 0, 1;
    %split/vec4 1;
    %store/vec4 v0x7f948f21fb30_0, 0, 1;
    %store/vec4 v0x7f948f21faa0_0, 0, 1;
    %pushi/vec4 0, 0, 4;
    %split/vec4 2;
    %store/vec4 v0x7f948f21f7a0_0, 0, 2;
    %store/vec4 v0x7f948f21f6b0_0, 0, 2;
    %pushi/vec4 14, 0, 5;
    %split/vec4 1;
    %store/vec4 v0x7f948f21f610_0, 0, 1;
    %split/vec4 1;
    %store/vec4 v0x7f948f21fbd0_0, 0, 1;
    %split/vec4 1;
    %store/vec4 v0x7f948f21fc70_0, 0, 1;
    %split/vec4 1;
    %store/vec4 v0x7f948f220110_0, 0, 1;
    %store/vec4 v0x7f948f2201a0_0, 0, 1;
    %jmp T_2.49;
T_2.48 ;
    %pushi/vec4 3, 0, 2;
    %split/vec4 1;
    %store/vec4 v0x7f948f21f4b0_0, 0, 1;
    %store/vec4 v0x7f948f20f5a0_0, 0, 1;
    %pushi/vec4 0, 0, 2;
    %split/vec4 1;
    %store/vec4 v0x7f948f21fb30_0, 0, 1;
    %store/vec4 v0x7f948f21faa0_0, 0, 1;
    %pushi/vec4 15, 0, 4;
    %split/vec4 2;
    %store/vec4 v0x7f948f21f7a0_0, 0, 2;
    %store/vec4 v0x7f948f21f6b0_0, 0, 2;
    %pushi/vec4 14, 0, 4;
    %split/vec4 1;
    %store/vec4 v0x7f948f21f610_0, 0, 1;
    %split/vec4 1;
    %store/vec4 v0x7f948f21fbd0_0, 0, 1;
    %split/vec4 1;
    %store/vec4 v0x7f948f220110_0, 0, 1;
    %store/vec4 v0x7f948f2201a0_0, 0, 1;
    %load/vec4 v0x7f948f21f550_0;
    %addi 1, 0, 29;
    %store/vec4 v0x7f948f21f550_0, 0, 29;
    %load/vec4 v0x7f948f21f550_0;
    %cmpi/e 50000000, 0, 29;
    %jmp/0xz  T_2.56, 4;
    %pushi/vec4 0, 0, 1;
    %store/vec4 v0x7f948f21fc70_0, 0, 1;
    %pushi/vec4 0, 0, 29;
    %store/vec4 v0x7f948f21f550_0, 0, 29;
T_2.56 ;
    %jmp T_2.49;
T_2.49 ;
    %pop/vec4 1;
    %jmp T_2;
    .thread T_2;
    .scope S_0x7f948f204de0;
T_3 ;
    %pushi/vec4 0, 0, 1;
    %store/vec4 v0x7f948f220950_0, 0, 1;
    %pushi/vec4 0, 0, 1;
    %store/vec4 v0x7f948f220d90_0, 0, 1;
    %pushi/vec4 0, 0, 1;
    %store/vec4 v0x7f948f220d00_0, 0, 1;
    %pushi/vec4 0, 0, 1;
    %store/vec4 v0x7f948f220c70_0, 0, 1;
    %pushi/vec4 0, 0, 1;
    %store/vec4 v0x7f948f220b40_0, 0, 1;
    %pushi/vec4 0, 0, 1;
    %store/vec4 v0x7f948f220e40_0, 0, 1;
    %end;
    .thread T_3;
    .scope S_0x7f948f204de0;
T_4 ;
    %delay 1, 0;
    %load/vec4 v0x7f948f220e40_0;
    %inv;
    %store/vec4 v0x7f948f220e40_0, 0, 1;
    %jmp T_4;
    .thread T_4;
    .scope S_0x7f948f204de0;
T_5 ;
    %vpi_call 2 16 "$dumpfile", "waveform.vcd" {0 0 0};
    %vpi_call 2 17 "$dumpvars", 32'sb00000000000000000000000000000000, S_0x7f948f204de0 {0 0 0};
    %delay 4, 0;
    %pushi/vec4 1, 0, 1;
    %store/vec4 v0x7f948f220950_0, 0, 1;
    %delay 4, 0;
    %pushi/vec4 0, 0, 1;
    %store/vec4 v0x7f948f220950_0, 0, 1;
    %delay 4, 0;
    %pushi/vec4 1, 0, 1;
    %store/vec4 v0x7f948f220d90_0, 0, 1;
    %delay 4, 0;
    %pushi/vec4 0, 0, 1;
    %store/vec4 v0x7f948f220d90_0, 0, 1;
    %delay 4, 0;
    %pushi/vec4 1, 0, 1;
    %store/vec4 v0x7f948f220c70_0, 0, 1;
    %delay 4, 0;
    %pushi/vec4 0, 0, 1;
    %store/vec4 v0x7f948f220c70_0, 0, 1;
    %delay 20, 0;
    %vpi_call 2 40 "$finish" {0 0 0};
    %end;
    .thread T_5;
# The file index is used to find the file name in the following table.
:file_names 4;
    "N/A";
    "<interactive>";
    "MainProject/DriveTrain/DirectionControl/DC_IR_REV2_TB.v";
    "./MainProject/DriveTrain/DirectionControl/DC_IR_Rev2.v";
