#! /usr/local/Cellar/icarus-verilog/12.0/bin/vvp
:ivl_version "12.0 (stable)";
:ivl_delay_selection "TYPICAL";
:vpi_time_precision - 9;
:vpi_module "/usr/local/Cellar/icarus-verilog/12.0/lib/ivl/system.vpi";
:vpi_module "/usr/local/Cellar/icarus-verilog/12.0/lib/ivl/vhdl_sys.vpi";
:vpi_module "/usr/local/Cellar/icarus-verilog/12.0/lib/ivl/vhdl_textio.vpi";
:vpi_module "/usr/local/Cellar/icarus-verilog/12.0/lib/ivl/v2005_math.vpi";
:vpi_module "/usr/local/Cellar/icarus-verilog/12.0/lib/ivl/va_math.vpi";
S_0x7f956c504100 .scope module, "testbench" "testbench" 2 3;
 .timescale -9 -9;
v0x7f956c221660_0 .net "BWD_EN_A", 0 0, L_0x7f956c222310;  1 drivers
v0x7f956c221740_0 .net "BWD_EN_B", 0 0, L_0x7f956c222380;  1 drivers
v0x7f956c221820_0 .var "CountA", 15 0;
v0x7f956c2218f0_0 .var "CountB", 15 0;
v0x7f956c2219c0_0 .var "Direction", 3 0;
v0x7f956c221ad0_0 .net "Duty_Sel", 1 0, L_0x7f956c2223f0;  1 drivers
v0x7f956c221ba0_0 .var "Enable", 0 0;
v0x7f956c221c30_0 .net "EncoderA_RST", 0 0, L_0x7f956c222630;  1 drivers
v0x7f956c221cc0_0 .net "EncoderB_RST", 0 0, L_0x7f956c2226e0;  1 drivers
v0x7f956c221dd0_0 .net "FWD_EN_A", 0 0, L_0x7f956c222230;  1 drivers
v0x7f956c221e60_0 .net "FWD_EN_B", 0 0, L_0x7f956c2222a0;  1 drivers
v0x7f956c221f30_0 .var "INDUCTANCE", 0 0;
v0x7f956c222000_0 .var "PAUSE", 0 0;
v0x7f956c2220d0_0 .var "clk", 0 0;
v0x7f956c222160_0 .var "reset", 0 0;
S_0x7f956c504280 .scope module, "UUT" "moore_sf" 2 10, 3 2 0, S_0x7f956c504100;
 .timescale -9 -9;
    .port_info 0 /INPUT 1 "clk";
    .port_info 1 /INPUT 1 "reset";
    .port_info 2 /INPUT 1 "Enable";
    .port_info 3 /INPUT 4 "Direction";
    .port_info 4 /INPUT 16 "CountA";
    .port_info 5 /INPUT 16 "CountB";
    .port_info 6 /INPUT 1 "PAUSE";
    .port_info 7 /INPUT 1 "INDUCTANCE";
    .port_info 8 /OUTPUT 1 "FWD_EN_A";
    .port_info 9 /OUTPUT 1 "FWD_EN_B";
    .port_info 10 /OUTPUT 1 "BWD_EN_B";
    .port_info 11 /OUTPUT 2 "Duty_Sel";
    .port_info 12 /OUTPUT 1 "EncoderA_RST";
    .port_info 13 /OUTPUT 1 "EncoderB_RST";
    .port_info 14 /OUTPUT 1 "BWD_EN_A";
L_0x7f956c222630 .functor BUFZ 1, v0x7f956c2200e0_0, C4<0>, C4<0>, C4<0>;
L_0x7f956c2226e0 .functor BUFZ 1, v0x7f956c220220_0, C4<0>, C4<0>, C4<0>;
v0x7f956c220910_0 .net "BWD_EN_A", 0 0, L_0x7f956c222310;  alias, 1 drivers
v0x7f956c2209d0_0 .net "BWD_EN_B", 0 0, L_0x7f956c222380;  alias, 1 drivers
v0x7f956c220a80_0 .net "CountA", 15 0, v0x7f956c221820_0;  1 drivers
v0x7f956c220b50_0 .net "CountB", 15 0, v0x7f956c2218f0_0;  1 drivers
v0x7f956c220c00_0 .net "Direction", 3 0, v0x7f956c2219c0_0;  1 drivers
v0x7f956c220cd0_0 .net "Duty_Sel", 1 0, L_0x7f956c2223f0;  alias, 1 drivers
v0x7f956c220d80_0 .net "Enable", 0 0, v0x7f956c221ba0_0;  1 drivers
v0x7f956c220e30_0 .net "EncoderA_RST", 0 0, L_0x7f956c222630;  alias, 1 drivers
v0x7f956c220ec0_0 .net "EncoderB_RST", 0 0, L_0x7f956c2226e0;  alias, 1 drivers
v0x7f956c220fd0_0 .net "FWD_EN_A", 0 0, L_0x7f956c222230;  alias, 1 drivers
v0x7f956c221080_0 .net "FWD_EN_B", 0 0, L_0x7f956c2222a0;  alias, 1 drivers
v0x7f956c221110_0 .net "INDUCTANCE", 0 0, v0x7f956c221f30_0;  1 drivers
v0x7f956c2211a0_0 .net "MotorEncoderA_RST", 0 0, v0x7f956c2200e0_0;  1 drivers
v0x7f956c221250_0 .net "MotorEncoderB_RST", 0 0, v0x7f956c220220_0;  1 drivers
v0x7f956c221300_0 .net "PAUSE", 0 0, v0x7f956c222000_0;  1 drivers
v0x7f956c2213b0_0 .net "clk", 0 0, v0x7f956c2220d0_0;  1 drivers
v0x7f956c221460_0 .net "reset", 0 0, v0x7f956c222160_0;  1 drivers
S_0x7f956c504640 .scope module, "u_Simple_Moore_Chart" "Simple_Moore_Chart" 3 27, 3 46 0, S_0x7f956c504280;
 .timescale -9 -9;
    .port_info 0 /INPUT 1 "clk";
    .port_info 1 /INPUT 1 "reset";
    .port_info 2 /INPUT 1 "Enable";
    .port_info 3 /INPUT 4 "Direction";
    .port_info 4 /INPUT 16 "MotorEncoderCountA";
    .port_info 5 /INPUT 16 "MotorEncoderCountB";
    .port_info 6 /INPUT 1 "PAUSE";
    .port_info 7 /INPUT 1 "INDUCTANCE";
    .port_info 8 /OUTPUT 1 "FWD_EN_A";
    .port_info 9 /OUTPUT 1 "FWD_EN_B";
    .port_info 10 /OUTPUT 1 "BWD_EN_A";
    .port_info 11 /OUTPUT 1 "BWD_EN_B";
    .port_info 12 /OUTPUT 2 "Duty_Sel";
    .port_info 13 /OUTPUT 1 "MotorEncoderA_RST";
    .port_info 14 /OUTPUT 1 "MotorEncoderB_RST";
P_0x7f956d008200 .param/l "state_type_is_Simple_Moore_Chart_IN_DONE" 0 3 63, C4<000000>;
P_0x7f956d008240 .param/l "state_type_is_Simple_Moore_Chart_IN_Forward_Stage1" 0 3 64, C4<000001>;
P_0x7f956d008280 .param/l "state_type_is_Simple_Moore_Chart_IN_Forward_Stage2" 0 3 65, C4<000010>;
P_0x7f956d0082c0 .param/l "state_type_is_Simple_Moore_Chart_IN_INDUCTANCE" 0 3 66, C4<000011>;
P_0x7f956d008300 .param/l "state_type_is_Simple_Moore_Chart_IN_Idle" 0 3 67, C4<000100>;
P_0x7f956d008340 .param/l "state_type_is_Simple_Moore_Chart_IN_PAUSE" 0 3 68, C4<000101>;
P_0x7f956d008380 .param/l "state_type_is_Simple_Moore_Chart_IN_PAUSE1" 0 3 69, C4<000110>;
P_0x7f956d0083c0 .param/l "state_type_is_Simple_Moore_Chart_IN_PAUSE10" 0 3 70, C4<000111>;
P_0x7f956d008400 .param/l "state_type_is_Simple_Moore_Chart_IN_PAUSE11" 0 3 71, C4<001000>;
P_0x7f956d008440 .param/l "state_type_is_Simple_Moore_Chart_IN_PAUSE12" 0 3 72, C4<001001>;
P_0x7f956d008480 .param/l "state_type_is_Simple_Moore_Chart_IN_PAUSE13" 0 3 73, C4<001010>;
P_0x7f956d0084c0 .param/l "state_type_is_Simple_Moore_Chart_IN_PAUSE14" 0 3 74, C4<001011>;
P_0x7f956d008500 .param/l "state_type_is_Simple_Moore_Chart_IN_PAUSE15" 0 3 75, C4<001100>;
P_0x7f956d008540 .param/l "state_type_is_Simple_Moore_Chart_IN_PAUSE2" 0 3 76, C4<001101>;
P_0x7f956d008580 .param/l "state_type_is_Simple_Moore_Chart_IN_PAUSE3" 0 3 77, C4<001110>;
P_0x7f956d0085c0 .param/l "state_type_is_Simple_Moore_Chart_IN_PAUSE4" 0 3 78, C4<001111>;
P_0x7f956d008600 .param/l "state_type_is_Simple_Moore_Chart_IN_PAUSE5" 0 3 79, C4<010000>;
P_0x7f956d008640 .param/l "state_type_is_Simple_Moore_Chart_IN_PAUSE6" 0 3 80, C4<010001>;
P_0x7f956d008680 .param/l "state_type_is_Simple_Moore_Chart_IN_PAUSE7" 0 3 81, C4<010010>;
P_0x7f956d0086c0 .param/l "state_type_is_Simple_Moore_Chart_IN_PAUSE8" 0 3 82, C4<010011>;
P_0x7f956d008700 .param/l "state_type_is_Simple_Moore_Chart_IN_PAUSE9" 0 3 83, C4<010100>;
P_0x7f956d008740 .param/l "state_type_is_Simple_Moore_Chart_IN_Turn1125Left" 0 3 84, C4<010101>;
P_0x7f956d008780 .param/l "state_type_is_Simple_Moore_Chart_IN_Turn1125Right" 0 3 85, C4<010110>;
P_0x7f956d0087c0 .param/l "state_type_is_Simple_Moore_Chart_IN_Turn225Left" 0 3 86, C4<010111>;
P_0x7f956d008800 .param/l "state_type_is_Simple_Moore_Chart_IN_Turn225Right" 0 3 87, C4<011000>;
P_0x7f956d008840 .param/l "state_type_is_Simple_Moore_Chart_IN_Turn3375Left" 0 3 88, C4<011001>;
P_0x7f956d008880 .param/l "state_type_is_Simple_Moore_Chart_IN_Turn3375Right" 0 3 89, C4<011010>;
P_0x7f956d0088c0 .param/l "state_type_is_Simple_Moore_Chart_IN_Turn45Left" 0 3 90, C4<011011>;
P_0x7f956d008900 .param/l "state_type_is_Simple_Moore_Chart_IN_Turn45Right" 0 3 91, C4<011100>;
P_0x7f956d008940 .param/l "state_type_is_Simple_Moore_Chart_IN_Turn5625Left" 0 3 92, C4<011101>;
P_0x7f956d008980 .param/l "state_type_is_Simple_Moore_Chart_IN_Turn5625Right" 0 3 93, C4<011110>;
P_0x7f956d0089c0 .param/l "state_type_is_Simple_Moore_Chart_IN_Turn675Left" 0 3 94, C4<011111>;
P_0x7f956d008a00 .param/l "state_type_is_Simple_Moore_Chart_IN_Turn675Right" 0 3 95, C4<100000>;
P_0x7f956d008a40 .param/l "state_type_is_Simple_Moore_Chart_IN_Turn7875Left" 0 3 96, C4<100001>;
P_0x7f956d008a80 .param/l "state_type_is_Simple_Moore_Chart_IN_Turn7875Right" 0 3 97, C4<100010>;
P_0x7f956d008ac0 .param/l "state_type_is_Simple_Moore_Chart_IN_Turn90Left" 0 3 98, C4<100011>;
P_0x7f956d008b00 .param/l "state_type_is_Simple_Moore_Chart_IN_WAIT" 0 3 99, C4<100100>;
L_0x7f956c222230 .functor BUFZ 1, v0x7f956c21fdd0_0, C4<0>, C4<0>, C4<0>;
L_0x7f956c2222a0 .functor BUFZ 1, v0x7f956c21ff00_0, C4<0>, C4<0>, C4<0>;
L_0x7f956c222310 .functor BUFZ 1, v0x7f956c21f810_0, C4<0>, C4<0>, C4<0>;
L_0x7f956c222380 .functor BUFZ 1, v0x7f956c21f970_0, C4<0>, C4<0>, C4<0>;
L_0x7f956c2223f0 .functor BUFZ 2, v0x7f956c21fb70_0, C4<00>, C4<00>, C4<00>;
v0x7f956c405180_0 .net "BWD_EN_A", 0 0, L_0x7f956c222310;  alias, 1 drivers
v0x7f956c21f810_0 .var "BWD_EN_A_1", 0 0;
v0x7f956c21f8c0_0 .net "BWD_EN_B", 0 0, L_0x7f956c222380;  alias, 1 drivers
v0x7f956c21f970_0 .var "BWD_EN_B_1", 0 0;
v0x7f956c21fa00_0 .net "Direction", 3 0, v0x7f956c2219c0_0;  alias, 1 drivers
v0x7f956c21fad0_0 .net "Duty_Sel", 1 0, L_0x7f956c2223f0;  alias, 1 drivers
v0x7f956c21fb70_0 .var "Duty_Sel_1", 1 0;
v0x7f956c21fc20_0 .net "Enable", 0 0, v0x7f956c221ba0_0;  alias, 1 drivers
v0x7f956c21fcc0_0 .net "FWD_EN_A", 0 0, L_0x7f956c222230;  alias, 1 drivers
v0x7f956c21fdd0_0 .var "FWD_EN_A_1", 0 0;
v0x7f956c21fe60_0 .net "FWD_EN_B", 0 0, L_0x7f956c2222a0;  alias, 1 drivers
v0x7f956c21ff00_0 .var "FWD_EN_B_1", 0 0;
v0x7f956c21ffa0_0 .net "INDUCTANCE", 0 0, v0x7f956c221f30_0;  alias, 1 drivers
v0x7f956c220040_0 .net "MotorEncoderA_RST", 0 0, v0x7f956c2200e0_0;  alias, 1 drivers
v0x7f956c2200e0_0 .var "MotorEncoderA_RST_1", 0 0;
v0x7f956c220180_0 .net "MotorEncoderB_RST", 0 0, v0x7f956c220220_0;  alias, 1 drivers
v0x7f956c220220_0 .var "MotorEncoderB_RST_1", 0 0;
v0x7f956c2203b0_0 .net "MotorEncoderCountA", 15 0, v0x7f956c221820_0;  alias, 1 drivers
v0x7f956c220440_0 .net "MotorEncoderCountB", 15 0, v0x7f956c2218f0_0;  alias, 1 drivers
v0x7f956c2204e0_0 .net "PAUSE", 0 0, v0x7f956c222000_0;  alias, 1 drivers
v0x7f956c220580_0 .net "clk", 0 0, v0x7f956c2220d0_0;  alias, 1 drivers
v0x7f956c220620_0 .var "is_Simple_Moore_Chart", 5 0;
v0x7f956c2206d0_0 .var "is_Simple_Moore_Chart_next", 5 0;
v0x7f956c220780_0 .net "reset", 0 0, v0x7f956c222160_0;  alias, 1 drivers
E_0x7f956c404e90 .event anyedge, v0x7f956c220620_0;
E_0x7f956c404ef0/0 .event anyedge, v0x7f956c220620_0, v0x7f956c2204e0_0, v0x7f956c220440_0, v0x7f956c2203b0_0;
E_0x7f956c404ef0/1 .event anyedge, v0x7f956c21ffa0_0, v0x7f956c21fc20_0, v0x7f956c21fa00_0;
E_0x7f956c404ef0 .event/or E_0x7f956c404ef0/0, E_0x7f956c404ef0/1;
E_0x7f956c404f70 .event posedge, v0x7f956c220780_0, v0x7f956c220580_0;
S_0x7f956c404fb0 .scope begin, "Simple_Moore_Chart_1_process" "Simple_Moore_Chart_1_process" 3 115, 3 115 0, S_0x7f956c504640;
 .timescale -9 -9;
    .scope S_0x7f956c504640;
T_0 ;
    %pushi/vec4 0, 0, 1;
    %store/vec4 v0x7f956c21fdd0_0, 0, 1;
    %pushi/vec4 0, 0, 1;
    %store/vec4 v0x7f956c21ff00_0, 0, 1;
    %pushi/vec4 0, 0, 1;
    %store/vec4 v0x7f956c21f810_0, 0, 1;
    %pushi/vec4 0, 0, 1;
    %store/vec4 v0x7f956c21f970_0, 0, 1;
    %pushi/vec4 0, 0, 2;
    %store/vec4 v0x7f956c21fb70_0, 0, 2;
    %pushi/vec4 0, 0, 1;
    %store/vec4 v0x7f956c2200e0_0, 0, 1;
    %pushi/vec4 0, 0, 1;
    %store/vec4 v0x7f956c220220_0, 0, 1;
    %pushi/vec4 4, 0, 6;
    %store/vec4 v0x7f956c220620_0, 0, 6;
    %end;
    .thread T_0;
    .scope S_0x7f956c504640;
T_1 ;
    %wait E_0x7f956c404f70;
    %fork t_1, S_0x7f956c404fb0;
    %jmp t_0;
    .scope S_0x7f956c404fb0;
t_1 ;
    %load/vec4 v0x7f956c220780_0;
    %cmpi/e 1, 0, 1;
    %jmp/0xz  T_1.0, 4;
    %pushi/vec4 4, 0, 6;
    %assign/vec4 v0x7f956c220620_0, 0;
    %jmp T_1.1;
T_1.0 ;
    %load/vec4 v0x7f956c2206d0_0;
    %assign/vec4 v0x7f956c220620_0, 0;
T_1.1 ;
    %end;
    .scope S_0x7f956c504640;
t_0 %join;
    %jmp T_1;
    .thread T_1;
    .scope S_0x7f956c504640;
T_2 ;
    %wait E_0x7f956c404ef0;
    %load/vec4 v0x7f956c220620_0;
    %store/vec4 v0x7f956c2206d0_0, 0, 6;
    %load/vec4 v0x7f956c220620_0;
    %dup/vec4;
    %pushi/vec4 0, 0, 6;
    %cmp/u;
    %jmp/1 T_2.0, 6;
    %dup/vec4;
    %pushi/vec4 1, 0, 6;
    %cmp/u;
    %jmp/1 T_2.1, 6;
    %dup/vec4;
    %pushi/vec4 2, 0, 6;
    %cmp/u;
    %jmp/1 T_2.2, 6;
    %dup/vec4;
    %pushi/vec4 3, 0, 6;
    %cmp/u;
    %jmp/1 T_2.3, 6;
    %dup/vec4;
    %pushi/vec4 5, 0, 6;
    %cmp/u;
    %jmp/1 T_2.5, 6;
    %dup/vec4;
    %pushi/vec4 6, 0, 6;
    %cmp/u;
    %jmp/1 T_2.6, 6;
    %dup/vec4;
    %pushi/vec4 13, 0, 6;
    %cmp/u;
    %jmp/1 T_2.7, 6;
    %dup/vec4;
    %pushi/vec4 14, 0, 6;
    %cmp/u;
    %jmp/1 T_2.8, 6;
    %dup/vec4;
    %pushi/vec4 15, 0, 6;
    %cmp/u;
    %jmp/1 T_2.9, 6;
    %dup/vec4;
    %pushi/vec4 16, 0, 6;
    %cmp/u;
    %jmp/1 T_2.10, 6;
    %dup/vec4;
    %pushi/vec4 17, 0, 6;
    %cmp/u;
    %jmp/1 T_2.11, 6;
    %dup/vec4;
    %pushi/vec4 18, 0, 6;
    %cmp/u;
    %jmp/1 T_2.12, 6;
    %dup/vec4;
    %pushi/vec4 19, 0, 6;
    %cmp/u;
    %jmp/1 T_2.13, 6;
    %dup/vec4;
    %pushi/vec4 20, 0, 6;
    %cmp/u;
    %jmp/1 T_2.14, 6;
    %dup/vec4;
    %pushi/vec4 7, 0, 6;
    %cmp/u;
    %jmp/1 T_2.15, 6;
    %dup/vec4;
    %pushi/vec4 8, 0, 6;
    %cmp/u;
    %jmp/1 T_2.16, 6;
    %dup/vec4;
    %pushi/vec4 9, 0, 6;
    %cmp/u;
    %jmp/1 T_2.17, 6;
    %dup/vec4;
    %pushi/vec4 10, 0, 6;
    %cmp/u;
    %jmp/1 T_2.18, 6;
    %dup/vec4;
    %pushi/vec4 11, 0, 6;
    %cmp/u;
    %jmp/1 T_2.19, 6;
    %dup/vec4;
    %pushi/vec4 12, 0, 6;
    %cmp/u;
    %jmp/1 T_2.20, 6;
    %dup/vec4;
    %pushi/vec4 21, 0, 6;
    %cmp/u;
    %jmp/1 T_2.21, 6;
    %dup/vec4;
    %pushi/vec4 22, 0, 6;
    %cmp/u;
    %jmp/1 T_2.22, 6;
    %dup/vec4;
    %pushi/vec4 23, 0, 6;
    %cmp/u;
    %jmp/1 T_2.23, 6;
    %dup/vec4;
    %pushi/vec4 24, 0, 6;
    %cmp/u;
    %jmp/1 T_2.24, 6;
    %dup/vec4;
    %pushi/vec4 25, 0, 6;
    %cmp/u;
    %jmp/1 T_2.25, 6;
    %dup/vec4;
    %pushi/vec4 26, 0, 6;
    %cmp/u;
    %jmp/1 T_2.26, 6;
    %dup/vec4;
    %pushi/vec4 27, 0, 6;
    %cmp/u;
    %jmp/1 T_2.27, 6;
    %dup/vec4;
    %pushi/vec4 28, 0, 6;
    %cmp/u;
    %jmp/1 T_2.28, 6;
    %dup/vec4;
    %pushi/vec4 29, 0, 6;
    %cmp/u;
    %jmp/1 T_2.29, 6;
    %dup/vec4;
    %pushi/vec4 30, 0, 6;
    %cmp/u;
    %jmp/1 T_2.30, 6;
    %dup/vec4;
    %pushi/vec4 31, 0, 6;
    %cmp/u;
    %jmp/1 T_2.31, 6;
    %dup/vec4;
    %pushi/vec4 32, 0, 6;
    %cmp/u;
    %jmp/1 T_2.32, 6;
    %dup/vec4;
    %pushi/vec4 33, 0, 6;
    %cmp/u;
    %jmp/1 T_2.33, 6;
    %dup/vec4;
    %pushi/vec4 34, 0, 6;
    %cmp/u;
    %jmp/1 T_2.34, 6;
    %dup/vec4;
    %pushi/vec4 35, 0, 6;
    %cmp/u;
    %jmp/1 T_2.35, 6;
    %dup/vec4;
    %pushi/vec4 36, 0, 6;
    %cmp/u;
    %jmp/1 T_2.36, 6;
    %load/vec4 v0x7f956c21fc20_0;
    %cmpi/e 1, 0, 1;
    %jmp/0xz  T_2.38, 4;
    %pushi/vec4 36, 0, 6;
    %store/vec4 v0x7f956c2206d0_0, 0, 6;
T_2.38 ;
    %jmp T_2.37;
T_2.0 ;
    %pushi/vec4 4, 0, 6;
    %store/vec4 v0x7f956c2206d0_0, 0, 6;
    %jmp T_2.37;
T_2.1 ;
    %load/vec4 v0x7f956c2204e0_0;
    %cmpi/e 1, 0, 1;
    %jmp/0xz  T_2.40, 4;
    %pushi/vec4 19, 0, 6;
    %store/vec4 v0x7f956c2206d0_0, 0, 6;
    %jmp T_2.41;
T_2.40 ;
    %load/vec4 v0x7f956c2203b0_0;
    %cmpi/u 20, 0, 16;
    %flag_inv 5; GE is !LT
    %flag_get/vec4 5;
    %jmp/0 T_2.44, 5;
    %pushi/vec4 20, 0, 16;
    %load/vec4 v0x7f956c220440_0;
    %cmp/u;
    %flag_get/vec4 4;
    %flag_get/vec4 5;
    %or;
    %and;
T_2.44;
    %flag_set/vec4 8;
    %jmp/0xz  T_2.42, 8;
    %pushi/vec4 2, 0, 6;
    %store/vec4 v0x7f956c2206d0_0, 0, 6;
    %jmp T_2.43;
T_2.42 ;
    %load/vec4 v0x7f956c21ffa0_0;
    %cmpi/e 1, 0, 1;
    %jmp/0xz  T_2.45, 4;
    %pushi/vec4 3, 0, 6;
    %store/vec4 v0x7f956c2206d0_0, 0, 6;
T_2.45 ;
T_2.43 ;
T_2.41 ;
    %jmp T_2.37;
T_2.2 ;
    %load/vec4 v0x7f956c2203b0_0;
    %cmpi/u 20, 0, 16;
    %flag_inv 5; GE is !LT
    %flag_get/vec4 5;
    %jmp/0 T_2.49, 5;
    %pushi/vec4 20, 0, 16;
    %load/vec4 v0x7f956c220440_0;
    %cmp/u;
    %flag_get/vec4 4;
    %flag_get/vec4 5;
    %or;
    %and;
T_2.49;
    %flag_set/vec4 8;
    %jmp/0xz  T_2.47, 8;
    %pushi/vec4 0, 0, 6;
    %store/vec4 v0x7f956c2206d0_0, 0, 6;
T_2.47 ;
    %jmp T_2.37;
T_2.3 ;
    %load/vec4 v0x7f956c2203b0_0;
    %cmpi/u 15, 0, 16;
    %flag_inv 5; GE is !LT
    %flag_get/vec4 5;
    %jmp/0 T_2.52, 5;
    %pushi/vec4 15, 0, 16;
    %load/vec4 v0x7f956c220440_0;
    %cmp/u;
    %flag_get/vec4 4;
    %flag_get/vec4 5;
    %or;
    %and;
T_2.52;
    %flag_set/vec4 8;
    %jmp/0xz  T_2.50, 8;
    %pushi/vec4 0, 0, 6;
    %store/vec4 v0x7f956c2206d0_0, 0, 6;
T_2.50 ;
    %jmp T_2.37;
T_2.5 ;
    %load/vec4 v0x7f956c2204e0_0;
    %cmpi/e 0, 0, 1;
    %jmp/0xz  T_2.53, 4;
    %pushi/vec4 35, 0, 6;
    %store/vec4 v0x7f956c2206d0_0, 0, 6;
T_2.53 ;
    %jmp T_2.37;
T_2.6 ;
    %load/vec4 v0x7f956c2204e0_0;
    %cmpi/e 0, 0, 1;
    %jmp/0xz  T_2.55, 4;
    %pushi/vec4 33, 0, 6;
    %store/vec4 v0x7f956c2206d0_0, 0, 6;
T_2.55 ;
    %jmp T_2.37;
T_2.7 ;
    %load/vec4 v0x7f956c2204e0_0;
    %cmpi/e 0, 0, 1;
    %jmp/0xz  T_2.57, 4;
    %pushi/vec4 31, 0, 6;
    %store/vec4 v0x7f956c2206d0_0, 0, 6;
T_2.57 ;
    %jmp T_2.37;
T_2.8 ;
    %load/vec4 v0x7f956c2204e0_0;
    %cmpi/e 0, 0, 1;
    %jmp/0xz  T_2.59, 4;
    %pushi/vec4 29, 0, 6;
    %store/vec4 v0x7f956c2206d0_0, 0, 6;
T_2.59 ;
    %jmp T_2.37;
T_2.9 ;
    %load/vec4 v0x7f956c2204e0_0;
    %cmpi/e 0, 0, 1;
    %jmp/0xz  T_2.61, 4;
    %pushi/vec4 27, 0, 6;
    %store/vec4 v0x7f956c2206d0_0, 0, 6;
T_2.61 ;
    %jmp T_2.37;
T_2.10 ;
    %load/vec4 v0x7f956c2204e0_0;
    %cmpi/e 0, 0, 1;
    %jmp/0xz  T_2.63, 4;
    %pushi/vec4 25, 0, 6;
    %store/vec4 v0x7f956c2206d0_0, 0, 6;
T_2.63 ;
    %jmp T_2.37;
T_2.11 ;
    %load/vec4 v0x7f956c2204e0_0;
    %cmpi/e 0, 0, 1;
    %jmp/0xz  T_2.65, 4;
    %pushi/vec4 23, 0, 6;
    %store/vec4 v0x7f956c2206d0_0, 0, 6;
T_2.65 ;
    %jmp T_2.37;
T_2.12 ;
    %load/vec4 v0x7f956c2204e0_0;
    %cmpi/e 0, 0, 1;
    %jmp/0xz  T_2.67, 4;
    %pushi/vec4 21, 0, 6;
    %store/vec4 v0x7f956c2206d0_0, 0, 6;
T_2.67 ;
    %jmp T_2.37;
T_2.13 ;
    %load/vec4 v0x7f956c2204e0_0;
    %cmpi/e 0, 0, 1;
    %jmp/0xz  T_2.69, 4;
    %pushi/vec4 1, 0, 6;
    %store/vec4 v0x7f956c2206d0_0, 0, 6;
T_2.69 ;
    %jmp T_2.37;
T_2.14 ;
    %load/vec4 v0x7f956c2204e0_0;
    %cmpi/e 0, 0, 1;
    %jmp/0xz  T_2.71, 4;
    %pushi/vec4 22, 0, 6;
    %store/vec4 v0x7f956c2206d0_0, 0, 6;
T_2.71 ;
    %jmp T_2.37;
T_2.15 ;
    %load/vec4 v0x7f956c2204e0_0;
    %cmpi/e 0, 0, 1;
    %jmp/0xz  T_2.73, 4;
    %pushi/vec4 24, 0, 6;
    %store/vec4 v0x7f956c2206d0_0, 0, 6;
T_2.73 ;
    %jmp T_2.37;
T_2.16 ;
    %load/vec4 v0x7f956c2204e0_0;
    %cmpi/e 0, 0, 1;
    %jmp/0xz  T_2.75, 4;
    %pushi/vec4 26, 0, 6;
    %store/vec4 v0x7f956c2206d0_0, 0, 6;
T_2.75 ;
    %jmp T_2.37;
T_2.17 ;
    %load/vec4 v0x7f956c2204e0_0;
    %cmpi/e 0, 0, 1;
    %jmp/0xz  T_2.77, 4;
    %pushi/vec4 28, 0, 6;
    %store/vec4 v0x7f956c2206d0_0, 0, 6;
T_2.77 ;
    %jmp T_2.37;
T_2.18 ;
    %load/vec4 v0x7f956c2204e0_0;
    %cmpi/e 0, 0, 1;
    %jmp/0xz  T_2.79, 4;
    %pushi/vec4 30, 0, 6;
    %store/vec4 v0x7f956c2206d0_0, 0, 6;
T_2.79 ;
    %jmp T_2.37;
T_2.19 ;
    %load/vec4 v0x7f956c2204e0_0;
    %cmpi/e 0, 0, 1;
    %jmp/0xz  T_2.81, 4;
    %pushi/vec4 32, 0, 6;
    %store/vec4 v0x7f956c2206d0_0, 0, 6;
T_2.81 ;
    %jmp T_2.37;
T_2.20 ;
    %load/vec4 v0x7f956c2204e0_0;
    %cmpi/e 0, 0, 1;
    %jmp/0xz  T_2.83, 4;
    %pushi/vec4 34, 0, 6;
    %store/vec4 v0x7f956c2206d0_0, 0, 6;
T_2.83 ;
    %jmp T_2.37;
T_2.21 ;
    %load/vec4 v0x7f956c2204e0_0;
    %cmpi/e 1, 0, 1;
    %jmp/0xz  T_2.85, 4;
    %pushi/vec4 18, 0, 6;
    %store/vec4 v0x7f956c2206d0_0, 0, 6;
    %jmp T_2.86;
T_2.85 ;
    %load/vec4 v0x7f956c2203b0_0;
    %cmpi/u 2, 0, 16;
    %flag_inv 5; GE is !LT
    %jmp/0xz  T_2.87, 5;
    %pushi/vec4 2, 0, 6;
    %store/vec4 v0x7f956c2206d0_0, 0, 6;
    %jmp T_2.88;
T_2.87 ;
    %load/vec4 v0x7f956c21ffa0_0;
    %cmpi/e 1, 0, 1;
    %jmp/0xz  T_2.89, 4;
    %pushi/vec4 3, 0, 6;
    %store/vec4 v0x7f956c2206d0_0, 0, 6;
T_2.89 ;
T_2.88 ;
T_2.86 ;
    %jmp T_2.37;
T_2.22 ;
    %load/vec4 v0x7f956c2204e0_0;
    %cmpi/e 1, 0, 1;
    %jmp/0xz  T_2.91, 4;
    %pushi/vec4 20, 0, 6;
    %store/vec4 v0x7f956c2206d0_0, 0, 6;
    %jmp T_2.92;
T_2.91 ;
    %load/vec4 v0x7f956c220440_0;
    %cmpi/u 2, 0, 16;
    %flag_inv 5; GE is !LT
    %jmp/0xz  T_2.93, 5;
    %pushi/vec4 2, 0, 6;
    %store/vec4 v0x7f956c2206d0_0, 0, 6;
    %jmp T_2.94;
T_2.93 ;
    %load/vec4 v0x7f956c21ffa0_0;
    %cmpi/e 1, 0, 1;
    %jmp/0xz  T_2.95, 4;
    %pushi/vec4 3, 0, 6;
    %store/vec4 v0x7f956c2206d0_0, 0, 6;
T_2.95 ;
T_2.94 ;
T_2.92 ;
    %jmp T_2.37;
T_2.23 ;
    %load/vec4 v0x7f956c2204e0_0;
    %cmpi/e 1, 0, 1;
    %jmp/0xz  T_2.97, 4;
    %pushi/vec4 17, 0, 6;
    %store/vec4 v0x7f956c2206d0_0, 0, 6;
    %jmp T_2.98;
T_2.97 ;
    %load/vec4 v0x7f956c2203b0_0;
    %cmpi/u 4, 0, 16;
    %flag_inv 5; GE is !LT
    %jmp/0xz  T_2.99, 5;
    %pushi/vec4 2, 0, 6;
    %store/vec4 v0x7f956c2206d0_0, 0, 6;
    %jmp T_2.100;
T_2.99 ;
    %load/vec4 v0x7f956c21ffa0_0;
    %cmpi/e 1, 0, 1;
    %jmp/0xz  T_2.101, 4;
    %pushi/vec4 3, 0, 6;
    %store/vec4 v0x7f956c2206d0_0, 0, 6;
T_2.101 ;
T_2.100 ;
T_2.98 ;
    %jmp T_2.37;
T_2.24 ;
    %load/vec4 v0x7f956c2204e0_0;
    %cmpi/e 1, 0, 1;
    %jmp/0xz  T_2.103, 4;
    %pushi/vec4 7, 0, 6;
    %store/vec4 v0x7f956c2206d0_0, 0, 6;
    %jmp T_2.104;
T_2.103 ;
    %load/vec4 v0x7f956c220440_0;
    %cmpi/u 4, 0, 16;
    %flag_inv 5; GE is !LT
    %jmp/0xz  T_2.105, 5;
    %pushi/vec4 2, 0, 6;
    %store/vec4 v0x7f956c2206d0_0, 0, 6;
    %jmp T_2.106;
T_2.105 ;
    %load/vec4 v0x7f956c21ffa0_0;
    %cmpi/e 1, 0, 1;
    %jmp/0xz  T_2.107, 4;
    %pushi/vec4 3, 0, 6;
    %store/vec4 v0x7f956c2206d0_0, 0, 6;
T_2.107 ;
T_2.106 ;
T_2.104 ;
    %jmp T_2.37;
T_2.25 ;
    %load/vec4 v0x7f956c2204e0_0;
    %cmpi/e 1, 0, 1;
    %jmp/0xz  T_2.109, 4;
    %pushi/vec4 16, 0, 6;
    %store/vec4 v0x7f956c2206d0_0, 0, 6;
    %jmp T_2.110;
T_2.109 ;
    %load/vec4 v0x7f956c2203b0_0;
    %cmpi/u 6, 0, 16;
    %flag_inv 5; GE is !LT
    %jmp/0xz  T_2.111, 5;
    %pushi/vec4 2, 0, 6;
    %store/vec4 v0x7f956c2206d0_0, 0, 6;
    %jmp T_2.112;
T_2.111 ;
    %load/vec4 v0x7f956c21ffa0_0;
    %cmpi/e 1, 0, 1;
    %jmp/0xz  T_2.113, 4;
    %pushi/vec4 3, 0, 6;
    %store/vec4 v0x7f956c2206d0_0, 0, 6;
T_2.113 ;
T_2.112 ;
T_2.110 ;
    %jmp T_2.37;
T_2.26 ;
    %load/vec4 v0x7f956c2204e0_0;
    %cmpi/e 1, 0, 1;
    %jmp/0xz  T_2.115, 4;
    %pushi/vec4 8, 0, 6;
    %store/vec4 v0x7f956c2206d0_0, 0, 6;
    %jmp T_2.116;
T_2.115 ;
    %load/vec4 v0x7f956c220440_0;
    %cmpi/u 6, 0, 16;
    %flag_inv 5; GE is !LT
    %jmp/0xz  T_2.117, 5;
    %pushi/vec4 2, 0, 6;
    %store/vec4 v0x7f956c2206d0_0, 0, 6;
    %jmp T_2.118;
T_2.117 ;
    %load/vec4 v0x7f956c21ffa0_0;
    %cmpi/e 1, 0, 1;
    %jmp/0xz  T_2.119, 4;
    %pushi/vec4 3, 0, 6;
    %store/vec4 v0x7f956c2206d0_0, 0, 6;
T_2.119 ;
T_2.118 ;
T_2.116 ;
    %jmp T_2.37;
T_2.27 ;
    %load/vec4 v0x7f956c2204e0_0;
    %cmpi/e 1, 0, 1;
    %jmp/0xz  T_2.121, 4;
    %pushi/vec4 15, 0, 6;
    %store/vec4 v0x7f956c2206d0_0, 0, 6;
    %jmp T_2.122;
T_2.121 ;
    %load/vec4 v0x7f956c2203b0_0;
    %cmpi/u 8, 0, 16;
    %flag_inv 5; GE is !LT
    %jmp/0xz  T_2.123, 5;
    %pushi/vec4 2, 0, 6;
    %store/vec4 v0x7f956c2206d0_0, 0, 6;
    %jmp T_2.124;
T_2.123 ;
    %load/vec4 v0x7f956c21ffa0_0;
    %cmpi/e 1, 0, 1;
    %jmp/0xz  T_2.125, 4;
    %pushi/vec4 3, 0, 6;
    %store/vec4 v0x7f956c2206d0_0, 0, 6;
T_2.125 ;
T_2.124 ;
T_2.122 ;
    %jmp T_2.37;
T_2.28 ;
    %load/vec4 v0x7f956c2204e0_0;
    %cmpi/e 1, 0, 1;
    %jmp/0xz  T_2.127, 4;
    %pushi/vec4 9, 0, 6;
    %store/vec4 v0x7f956c2206d0_0, 0, 6;
    %jmp T_2.128;
T_2.127 ;
    %load/vec4 v0x7f956c220440_0;
    %cmpi/u 8, 0, 16;
    %flag_inv 5; GE is !LT
    %jmp/0xz  T_2.129, 5;
    %pushi/vec4 2, 0, 6;
    %store/vec4 v0x7f956c2206d0_0, 0, 6;
    %jmp T_2.130;
T_2.129 ;
    %load/vec4 v0x7f956c21ffa0_0;
    %cmpi/e 1, 0, 1;
    %jmp/0xz  T_2.131, 4;
    %pushi/vec4 3, 0, 6;
    %store/vec4 v0x7f956c2206d0_0, 0, 6;
T_2.131 ;
T_2.130 ;
T_2.128 ;
    %jmp T_2.37;
T_2.29 ;
    %load/vec4 v0x7f956c2204e0_0;
    %cmpi/e 1, 0, 1;
    %jmp/0xz  T_2.133, 4;
    %pushi/vec4 14, 0, 6;
    %store/vec4 v0x7f956c2206d0_0, 0, 6;
    %jmp T_2.134;
T_2.133 ;
    %load/vec4 v0x7f956c2203b0_0;
    %cmpi/u 10, 0, 16;
    %flag_inv 5; GE is !LT
    %jmp/0xz  T_2.135, 5;
    %pushi/vec4 2, 0, 6;
    %store/vec4 v0x7f956c2206d0_0, 0, 6;
    %jmp T_2.136;
T_2.135 ;
    %load/vec4 v0x7f956c21ffa0_0;
    %cmpi/e 1, 0, 1;
    %jmp/0xz  T_2.137, 4;
    %pushi/vec4 3, 0, 6;
    %store/vec4 v0x7f956c2206d0_0, 0, 6;
T_2.137 ;
T_2.136 ;
T_2.134 ;
    %jmp T_2.37;
T_2.30 ;
    %load/vec4 v0x7f956c2204e0_0;
    %cmpi/e 1, 0, 1;
    %jmp/0xz  T_2.139, 4;
    %pushi/vec4 10, 0, 6;
    %store/vec4 v0x7f956c2206d0_0, 0, 6;
    %jmp T_2.140;
T_2.139 ;
    %load/vec4 v0x7f956c220440_0;
    %cmpi/u 10, 0, 16;
    %flag_inv 5; GE is !LT
    %jmp/0xz  T_2.141, 5;
    %pushi/vec4 2, 0, 6;
    %store/vec4 v0x7f956c2206d0_0, 0, 6;
    %jmp T_2.142;
T_2.141 ;
    %load/vec4 v0x7f956c21ffa0_0;
    %cmpi/e 1, 0, 1;
    %jmp/0xz  T_2.143, 4;
    %pushi/vec4 3, 0, 6;
    %store/vec4 v0x7f956c2206d0_0, 0, 6;
T_2.143 ;
T_2.142 ;
T_2.140 ;
    %jmp T_2.37;
T_2.31 ;
    %load/vec4 v0x7f956c2204e0_0;
    %cmpi/e 1, 0, 1;
    %jmp/0xz  T_2.145, 4;
    %pushi/vec4 13, 0, 6;
    %store/vec4 v0x7f956c2206d0_0, 0, 6;
    %jmp T_2.146;
T_2.145 ;
    %load/vec4 v0x7f956c2203b0_0;
    %cmpi/u 12, 0, 16;
    %flag_inv 5; GE is !LT
    %jmp/0xz  T_2.147, 5;
    %pushi/vec4 2, 0, 6;
    %store/vec4 v0x7f956c2206d0_0, 0, 6;
    %jmp T_2.148;
T_2.147 ;
    %load/vec4 v0x7f956c21ffa0_0;
    %cmpi/e 1, 0, 1;
    %jmp/0xz  T_2.149, 4;
    %pushi/vec4 3, 0, 6;
    %store/vec4 v0x7f956c2206d0_0, 0, 6;
T_2.149 ;
T_2.148 ;
T_2.146 ;
    %jmp T_2.37;
T_2.32 ;
    %load/vec4 v0x7f956c2204e0_0;
    %cmpi/e 1, 0, 1;
    %jmp/0xz  T_2.151, 4;
    %pushi/vec4 11, 0, 6;
    %store/vec4 v0x7f956c2206d0_0, 0, 6;
    %jmp T_2.152;
T_2.151 ;
    %load/vec4 v0x7f956c220440_0;
    %cmpi/u 12, 0, 16;
    %flag_inv 5; GE is !LT
    %jmp/0xz  T_2.153, 5;
    %pushi/vec4 2, 0, 6;
    %store/vec4 v0x7f956c2206d0_0, 0, 6;
    %jmp T_2.154;
T_2.153 ;
    %load/vec4 v0x7f956c21ffa0_0;
    %cmpi/e 1, 0, 1;
    %jmp/0xz  T_2.155, 4;
    %pushi/vec4 3, 0, 6;
    %store/vec4 v0x7f956c2206d0_0, 0, 6;
T_2.155 ;
T_2.154 ;
T_2.152 ;
    %jmp T_2.37;
T_2.33 ;
    %load/vec4 v0x7f956c2204e0_0;
    %cmpi/e 1, 0, 1;
    %jmp/0xz  T_2.157, 4;
    %pushi/vec4 6, 0, 6;
    %store/vec4 v0x7f956c2206d0_0, 0, 6;
    %jmp T_2.158;
T_2.157 ;
    %load/vec4 v0x7f956c2203b0_0;
    %cmpi/u 14, 0, 16;
    %flag_inv 5; GE is !LT
    %jmp/0xz  T_2.159, 5;
    %pushi/vec4 2, 0, 6;
    %store/vec4 v0x7f956c2206d0_0, 0, 6;
    %jmp T_2.160;
T_2.159 ;
    %load/vec4 v0x7f956c21ffa0_0;
    %cmpi/e 1, 0, 1;
    %jmp/0xz  T_2.161, 4;
    %pushi/vec4 3, 0, 6;
    %store/vec4 v0x7f956c2206d0_0, 0, 6;
T_2.161 ;
T_2.160 ;
T_2.158 ;
    %jmp T_2.37;
T_2.34 ;
    %load/vec4 v0x7f956c2204e0_0;
    %cmpi/e 1, 0, 1;
    %jmp/0xz  T_2.163, 4;
    %pushi/vec4 12, 0, 6;
    %store/vec4 v0x7f956c2206d0_0, 0, 6;
    %jmp T_2.164;
T_2.163 ;
    %load/vec4 v0x7f956c220440_0;
    %cmpi/u 14, 0, 16;
    %flag_inv 5; GE is !LT
    %jmp/0xz  T_2.165, 5;
    %pushi/vec4 2, 0, 6;
    %store/vec4 v0x7f956c2206d0_0, 0, 6;
    %jmp T_2.166;
T_2.165 ;
    %load/vec4 v0x7f956c21ffa0_0;
    %cmpi/e 1, 0, 1;
    %jmp/0xz  T_2.167, 4;
    %pushi/vec4 3, 0, 6;
    %store/vec4 v0x7f956c2206d0_0, 0, 6;
T_2.167 ;
T_2.166 ;
T_2.164 ;
    %jmp T_2.37;
T_2.35 ;
    %load/vec4 v0x7f956c2204e0_0;
    %cmpi/e 1, 0, 1;
    %jmp/0xz  T_2.169, 4;
    %pushi/vec4 5, 0, 6;
    %store/vec4 v0x7f956c2206d0_0, 0, 6;
    %jmp T_2.170;
T_2.169 ;
    %load/vec4 v0x7f956c2203b0_0;
    %cmpi/u 16, 0, 16;
    %flag_inv 5; GE is !LT
    %jmp/0xz  T_2.171, 5;
    %pushi/vec4 2, 0, 6;
    %store/vec4 v0x7f956c2206d0_0, 0, 6;
    %jmp T_2.172;
T_2.171 ;
    %load/vec4 v0x7f956c21ffa0_0;
    %cmpi/e 1, 0, 1;
    %jmp/0xz  T_2.173, 4;
    %pushi/vec4 3, 0, 6;
    %store/vec4 v0x7f956c2206d0_0, 0, 6;
T_2.173 ;
T_2.172 ;
T_2.170 ;
    %jmp T_2.37;
T_2.36 ;
    %load/vec4 v0x7f956c21fa00_0;
    %dup/vec4;
    %pushi/vec4 0, 0, 4;
    %cmp/u;
    %jmp/1 T_2.175, 6;
    %dup/vec4;
    %pushi/vec4 1, 0, 4;
    %cmp/u;
    %jmp/1 T_2.176, 6;
    %dup/vec4;
    %pushi/vec4 2, 0, 4;
    %cmp/u;
    %jmp/1 T_2.177, 6;
    %dup/vec4;
    %pushi/vec4 3, 0, 4;
    %cmp/u;
    %jmp/1 T_2.178, 6;
    %dup/vec4;
    %pushi/vec4 4, 0, 4;
    %cmp/u;
    %jmp/1 T_2.179, 6;
    %dup/vec4;
    %pushi/vec4 5, 0, 4;
    %cmp/u;
    %jmp/1 T_2.180, 6;
    %dup/vec4;
    %pushi/vec4 6, 0, 4;
    %cmp/u;
    %jmp/1 T_2.181, 6;
    %dup/vec4;
    %pushi/vec4 7, 0, 4;
    %cmp/u;
    %jmp/1 T_2.182, 6;
    %dup/vec4;
    %pushi/vec4 8, 0, 4;
    %cmp/u;
    %jmp/1 T_2.183, 6;
    %dup/vec4;
    %pushi/vec4 9, 0, 4;
    %cmp/u;
    %jmp/1 T_2.184, 6;
    %dup/vec4;
    %pushi/vec4 10, 0, 4;
    %cmp/u;
    %jmp/1 T_2.185, 6;
    %dup/vec4;
    %pushi/vec4 11, 0, 4;
    %cmp/u;
    %jmp/1 T_2.186, 6;
    %dup/vec4;
    %pushi/vec4 12, 0, 4;
    %cmp/u;
    %jmp/1 T_2.187, 6;
    %dup/vec4;
    %pushi/vec4 13, 0, 4;
    %cmp/u;
    %jmp/1 T_2.188, 6;
    %dup/vec4;
    %pushi/vec4 14, 0, 4;
    %cmp/u;
    %jmp/1 T_2.189, 6;
    %dup/vec4;
    %pushi/vec4 15, 0, 4;
    %cmp/u;
    %jmp/1 T_2.190, 6;
    %jmp T_2.191;
T_2.175 ;
    %pushi/vec4 35, 0, 6;
    %store/vec4 v0x7f956c2206d0_0, 0, 6;
    %jmp T_2.191;
T_2.176 ;
    %pushi/vec4 33, 0, 6;
    %store/vec4 v0x7f956c2206d0_0, 0, 6;
    %jmp T_2.191;
T_2.177 ;
    %pushi/vec4 31, 0, 6;
    %store/vec4 v0x7f956c2206d0_0, 0, 6;
    %jmp T_2.191;
T_2.178 ;
    %pushi/vec4 29, 0, 6;
    %store/vec4 v0x7f956c2206d0_0, 0, 6;
    %jmp T_2.191;
T_2.179 ;
    %pushi/vec4 27, 0, 6;
    %store/vec4 v0x7f956c2206d0_0, 0, 6;
    %jmp T_2.191;
T_2.180 ;
    %pushi/vec4 25, 0, 6;
    %store/vec4 v0x7f956c2206d0_0, 0, 6;
    %jmp T_2.191;
T_2.181 ;
    %pushi/vec4 23, 0, 6;
    %store/vec4 v0x7f956c2206d0_0, 0, 6;
    %jmp T_2.191;
T_2.182 ;
    %pushi/vec4 21, 0, 6;
    %store/vec4 v0x7f956c2206d0_0, 0, 6;
    %jmp T_2.191;
T_2.183 ;
    %pushi/vec4 1, 0, 6;
    %store/vec4 v0x7f956c2206d0_0, 0, 6;
    %jmp T_2.191;
T_2.184 ;
    %pushi/vec4 22, 0, 6;
    %store/vec4 v0x7f956c2206d0_0, 0, 6;
    %jmp T_2.191;
T_2.185 ;
    %pushi/vec4 24, 0, 6;
    %store/vec4 v0x7f956c2206d0_0, 0, 6;
    %jmp T_2.191;
T_2.186 ;
    %pushi/vec4 26, 0, 6;
    %store/vec4 v0x7f956c2206d0_0, 0, 6;
    %jmp T_2.191;
T_2.187 ;
    %pushi/vec4 28, 0, 6;
    %store/vec4 v0x7f956c2206d0_0, 0, 6;
    %jmp T_2.191;
T_2.188 ;
    %pushi/vec4 30, 0, 6;
    %store/vec4 v0x7f956c2206d0_0, 0, 6;
    %jmp T_2.191;
T_2.189 ;
    %pushi/vec4 32, 0, 6;
    %store/vec4 v0x7f956c2206d0_0, 0, 6;
    %jmp T_2.191;
T_2.190 ;
    %pushi/vec4 34, 0, 6;
    %store/vec4 v0x7f956c2206d0_0, 0, 6;
    %jmp T_2.191;
T_2.191 ;
    %pop/vec4 1;
    %jmp T_2.37;
T_2.37 ;
    %pop/vec4 1;
    %jmp T_2;
    .thread T_2, $push;
    .scope S_0x7f956c504640;
T_3 ;
    %wait E_0x7f956c404e90;
    %pushi/vec4 0, 0, 1;
    %store/vec4 v0x7f956c21fdd0_0, 0, 1;
    %pushi/vec4 0, 0, 1;
    %store/vec4 v0x7f956c21ff00_0, 0, 1;
    %pushi/vec4 0, 0, 1;
    %store/vec4 v0x7f956c21f810_0, 0, 1;
    %pushi/vec4 0, 0, 1;
    %store/vec4 v0x7f956c21f970_0, 0, 1;
    %pushi/vec4 0, 0, 2;
    %store/vec4 v0x7f956c21fb70_0, 0, 2;
    %pushi/vec4 0, 0, 1;
    %store/vec4 v0x7f956c2200e0_0, 0, 1;
    %pushi/vec4 0, 0, 1;
    %store/vec4 v0x7f956c220220_0, 0, 1;
    %load/vec4 v0x7f956c220620_0;
    %dup/vec4;
    %pushi/vec4 0, 0, 6;
    %cmp/u;
    %jmp/1 T_3.0, 6;
    %dup/vec4;
    %pushi/vec4 1, 0, 6;
    %cmp/u;
    %jmp/1 T_3.1, 6;
    %dup/vec4;
    %pushi/vec4 2, 0, 6;
    %cmp/u;
    %jmp/1 T_3.2, 6;
    %dup/vec4;
    %pushi/vec4 3, 0, 6;
    %cmp/u;
    %jmp/1 T_3.3, 6;
    %dup/vec4;
    %pushi/vec4 21, 0, 6;
    %cmp/u;
    %jmp/1 T_3.4, 6;
    %dup/vec4;
    %pushi/vec4 22, 0, 6;
    %cmp/u;
    %jmp/1 T_3.5, 6;
    %dup/vec4;
    %pushi/vec4 23, 0, 6;
    %cmp/u;
    %jmp/1 T_3.6, 6;
    %dup/vec4;
    %pushi/vec4 24, 0, 6;
    %cmp/u;
    %jmp/1 T_3.7, 6;
    %dup/vec4;
    %pushi/vec4 25, 0, 6;
    %cmp/u;
    %jmp/1 T_3.8, 6;
    %dup/vec4;
    %pushi/vec4 26, 0, 6;
    %cmp/u;
    %jmp/1 T_3.9, 6;
    %dup/vec4;
    %pushi/vec4 27, 0, 6;
    %cmp/u;
    %jmp/1 T_3.10, 6;
    %dup/vec4;
    %pushi/vec4 28, 0, 6;
    %cmp/u;
    %jmp/1 T_3.11, 6;
    %dup/vec4;
    %pushi/vec4 29, 0, 6;
    %cmp/u;
    %jmp/1 T_3.12, 6;
    %dup/vec4;
    %pushi/vec4 30, 0, 6;
    %cmp/u;
    %jmp/1 T_3.13, 6;
    %dup/vec4;
    %pushi/vec4 31, 0, 6;
    %cmp/u;
    %jmp/1 T_3.14, 6;
    %dup/vec4;
    %pushi/vec4 32, 0, 6;
    %cmp/u;
    %jmp/1 T_3.15, 6;
    %dup/vec4;
    %pushi/vec4 33, 0, 6;
    %cmp/u;
    %jmp/1 T_3.16, 6;
    %dup/vec4;
    %pushi/vec4 34, 0, 6;
    %cmp/u;
    %jmp/1 T_3.17, 6;
    %dup/vec4;
    %pushi/vec4 35, 0, 6;
    %cmp/u;
    %jmp/1 T_3.18, 6;
    %pushi/vec4 1, 0, 1;
    %store/vec4 v0x7f956c2200e0_0, 0, 1;
    %pushi/vec4 1, 0, 1;
    %store/vec4 v0x7f956c220220_0, 0, 1;
    %pushi/vec4 0, 0, 1;
    %store/vec4 v0x7f956c21fdd0_0, 0, 1;
    %pushi/vec4 0, 0, 1;
    %store/vec4 v0x7f956c21ff00_0, 0, 1;
    %jmp T_3.20;
T_3.0 ;
    %jmp T_3.20;
T_3.1 ;
    %pushi/vec4 1, 0, 1;
    %store/vec4 v0x7f956c21fdd0_0, 0, 1;
    %pushi/vec4 1, 0, 1;
    %store/vec4 v0x7f956c21ff00_0, 0, 1;
    %jmp T_3.20;
T_3.2 ;
    %pushi/vec4 3, 0, 2;
    %store/vec4 v0x7f956c21fb70_0, 0, 2;
    %pushi/vec4 1, 0, 1;
    %store/vec4 v0x7f956c21fdd0_0, 0, 1;
    %pushi/vec4 1, 0, 1;
    %store/vec4 v0x7f956c21ff00_0, 0, 1;
    %pushi/vec4 1, 0, 1;
    %store/vec4 v0x7f956c2200e0_0, 0, 1;
    %pushi/vec4 1, 0, 1;
    %store/vec4 v0x7f956c220220_0, 0, 1;
    %jmp T_3.20;
T_3.3 ;
    %pushi/vec4 1, 0, 1;
    %store/vec4 v0x7f956c2200e0_0, 0, 1;
    %pushi/vec4 1, 0, 1;
    %store/vec4 v0x7f956c220220_0, 0, 1;
    %pushi/vec4 0, 0, 1;
    %store/vec4 v0x7f956c21fdd0_0, 0, 1;
    %pushi/vec4 0, 0, 1;
    %store/vec4 v0x7f956c21ff00_0, 0, 1;
    %pushi/vec4 1, 0, 1;
    %store/vec4 v0x7f956c21f810_0, 0, 1;
    %pushi/vec4 1, 0, 1;
    %store/vec4 v0x7f956c21f970_0, 0, 1;
    %jmp T_3.20;
T_3.4 ;
    %pushi/vec4 1, 0, 1;
    %store/vec4 v0x7f956c21fdd0_0, 0, 1;
    %jmp T_3.20;
T_3.5 ;
    %pushi/vec4 1, 0, 1;
    %store/vec4 v0x7f956c21ff00_0, 0, 1;
    %jmp T_3.20;
T_3.6 ;
    %pushi/vec4 1, 0, 1;
    %store/vec4 v0x7f956c21fdd0_0, 0, 1;
    %jmp T_3.20;
T_3.7 ;
    %pushi/vec4 1, 0, 1;
    %store/vec4 v0x7f956c21ff00_0, 0, 1;
    %jmp T_3.20;
T_3.8 ;
    %pushi/vec4 1, 0, 1;
    %store/vec4 v0x7f956c21fdd0_0, 0, 1;
    %jmp T_3.20;
T_3.9 ;
    %pushi/vec4 1, 0, 1;
    %store/vec4 v0x7f956c21ff00_0, 0, 1;
    %jmp T_3.20;
T_3.10 ;
    %pushi/vec4 1, 0, 1;
    %store/vec4 v0x7f956c21fdd0_0, 0, 1;
    %jmp T_3.20;
T_3.11 ;
    %pushi/vec4 1, 0, 1;
    %store/vec4 v0x7f956c21ff00_0, 0, 1;
    %jmp T_3.20;
T_3.12 ;
    %pushi/vec4 1, 0, 1;
    %store/vec4 v0x7f956c21fdd0_0, 0, 1;
    %jmp T_3.20;
T_3.13 ;
    %pushi/vec4 1, 0, 1;
    %store/vec4 v0x7f956c21ff00_0, 0, 1;
    %jmp T_3.20;
T_3.14 ;
    %pushi/vec4 1, 0, 1;
    %store/vec4 v0x7f956c21fdd0_0, 0, 1;
    %jmp T_3.20;
T_3.15 ;
    %pushi/vec4 1, 0, 1;
    %store/vec4 v0x7f956c21ff00_0, 0, 1;
    %jmp T_3.20;
T_3.16 ;
    %pushi/vec4 1, 0, 1;
    %store/vec4 v0x7f956c21fdd0_0, 0, 1;
    %jmp T_3.20;
T_3.17 ;
    %pushi/vec4 1, 0, 1;
    %store/vec4 v0x7f956c21ff00_0, 0, 1;
    %jmp T_3.20;
T_3.18 ;
    %pushi/vec4 1, 0, 1;
    %store/vec4 v0x7f956c21fdd0_0, 0, 1;
    %jmp T_3.20;
T_3.20 ;
    %pop/vec4 1;
    %jmp T_3;
    .thread T_3, $push;
    .scope S_0x7f956c504100;
T_4 ;
    %pushi/vec4 0, 0, 1;
    %store/vec4 v0x7f956c222160_0, 0, 1;
    %pushi/vec4 0, 0, 1;
    %store/vec4 v0x7f956c221ba0_0, 0, 1;
    %pushi/vec4 0, 0, 1;
    %store/vec4 v0x7f956c222000_0, 0, 1;
    %pushi/vec4 0, 0, 1;
    %store/vec4 v0x7f956c221f30_0, 0, 1;
    %pushi/vec4 0, 0, 4;
    %store/vec4 v0x7f956c2219c0_0, 0, 4;
    %pushi/vec4 0, 0, 16;
    %store/vec4 v0x7f956c221820_0, 0, 16;
    %pushi/vec4 0, 0, 16;
    %store/vec4 v0x7f956c2218f0_0, 0, 16;
    %pushi/vec4 0, 0, 1;
    %store/vec4 v0x7f956c2220d0_0, 0, 1;
    %end;
    .thread T_4;
    .scope S_0x7f956c504100;
T_5 ;
    %load/vec4 v0x7f956c2220d0_0;
    %inv;
    %store/vec4 v0x7f956c2220d0_0, 0, 1;
    %delay 1, 0;
    %jmp T_5;
    .thread T_5;
    .scope S_0x7f956c504100;
T_6 ;
    %vpi_call 2 16 "$dumpfile", "waveform.vcd" {0 0 0};
    %vpi_call 2 17 "$dumpvars", 32'sb00000000000000000000000000000000, S_0x7f956c504100 {0 0 0};
    %delay 4, 0;
    %pushi/vec4 1, 0, 1;
    %store/vec4 v0x7f956c221ba0_0, 0, 1;
    %delay 4, 0;
    %pushi/vec4 0, 0, 1;
    %store/vec4 v0x7f956c221ba0_0, 0, 1;
    %pushi/vec4 1, 0, 1;
    %store/vec4 v0x7f956c222000_0, 0, 1;
    %delay 4, 0;
    %pushi/vec4 0, 0, 1;
    %store/vec4 v0x7f956c222000_0, 0, 1;
    %delay 4, 0;
    %pushi/vec4 1, 0, 1;
    %store/vec4 v0x7f956c221f30_0, 0, 1;
    %delay 4, 0;
    %pushi/vec4 0, 0, 1;
    %store/vec4 v0x7f956c221f30_0, 0, 1;
    %delay 4, 0;
    %pushi/vec4 20, 0, 16;
    %store/vec4 v0x7f956c221820_0, 0, 16;
    %delay 4, 0;
    %pushi/vec4 20, 0, 16;
    %store/vec4 v0x7f956c2218f0_0, 0, 16;
    %delay 4, 0;
    %vpi_call 2 51 "$finish" {0 0 0};
    %end;
    .thread T_6;
# The file index is used to find the file name in the following table.
:file_names 4;
    "N/A";
    "<interactive>";
    "MainProject/DriveTrain/DirectionControl/DC_Revised_TB.v";
    "/Users/nicholasrethans/Documents/GitHub/ECE-3331-Robotics-Project-Lab/MainProject/DriveTrain/DirectionControl/DC_Copy.v";
