#! /usr/local/Cellar/icarus-verilog/12.0/bin/vvp
:ivl_version "12.0 (stable)";
:ivl_delay_selection "TYPICAL";
:vpi_time_precision + 0;
:vpi_module "/usr/local/Cellar/icarus-verilog/12.0/lib/ivl/system.vpi";
:vpi_module "/usr/local/Cellar/icarus-verilog/12.0/lib/ivl/vhdl_sys.vpi";
:vpi_module "/usr/local/Cellar/icarus-verilog/12.0/lib/ivl/vhdl_textio.vpi";
:vpi_module "/usr/local/Cellar/icarus-verilog/12.0/lib/ivl/v2005_math.vpi";
:vpi_module "/usr/local/Cellar/icarus-verilog/12.0/lib/ivl/va_math.vpi";
S_0x7fd1aef06050 .scope module, "testbench" "testbench" 2 42;
 .timescale 0 0;
P_0x7fd1aef061c0 .param/l "PRD" 0 2 48, +C4<00000000000000000000000000000010>;
v0x7fd1aef168d0_0 .var "clk", 0 0;
v0x7fd1aef16970_0 .var "data", 3 0;
v0x7fd1aef16a30_0 .net "segments", 7 0, v0x7fd1aef167f0_0;  1 drivers
S_0x7fd1aef062e0 .scope begin, "$ivl_for_loop0" "$ivl_for_loop0" 2 56, 2 56 0, S_0x7fd1aef06050;
 .timescale 0 0;
v0x7fd1aef06450_0 .var/i "i", 31 0;
S_0x7fd1aef164f0 .scope module, "UUT" "Digit_Decoder" 2 46, 2 21 0, S_0x7fd1aef06050;
 .timescale 0 0;
    .port_info 0 /INPUT 4 "data";
    .port_info 1 /OUTPUT 8 "segments";
v0x7fd1aef16730_0 .net "data", 3 0, v0x7fd1aef16970_0;  1 drivers
v0x7fd1aef167f0_0 .var "segments", 7 0;
E_0x7fd1aef166f0 .event anyedge, v0x7fd1aef16730_0;
    .scope S_0x7fd1aef164f0;
T_0 ;
    %wait E_0x7fd1aef166f0;
    %load/vec4 v0x7fd1aef16730_0;
    %dup/vec4;
    %pushi/vec4 0, 0, 4;
    %cmp/u;
    %jmp/1 T_0.0, 6;
    %dup/vec4;
    %pushi/vec4 1, 0, 4;
    %cmp/u;
    %jmp/1 T_0.1, 6;
    %dup/vec4;
    %pushi/vec4 2, 0, 4;
    %cmp/u;
    %jmp/1 T_0.2, 6;
    %dup/vec4;
    %pushi/vec4 3, 0, 4;
    %cmp/u;
    %jmp/1 T_0.3, 6;
    %dup/vec4;
    %pushi/vec4 4, 0, 4;
    %cmp/u;
    %jmp/1 T_0.4, 6;
    %dup/vec4;
    %pushi/vec4 5, 0, 4;
    %cmp/u;
    %jmp/1 T_0.5, 6;
    %dup/vec4;
    %pushi/vec4 6, 0, 4;
    %cmp/u;
    %jmp/1 T_0.6, 6;
    %dup/vec4;
    %pushi/vec4 7, 0, 4;
    %cmp/u;
    %jmp/1 T_0.7, 6;
    %dup/vec4;
    %pushi/vec4 8, 0, 4;
    %cmp/u;
    %jmp/1 T_0.8, 6;
    %dup/vec4;
    %pushi/vec4 9, 0, 4;
    %cmp/u;
    %jmp/1 T_0.9, 6;
    %pushi/vec4 0, 0, 8;
    %store/vec4 v0x7fd1aef167f0_0, 0, 8;
    %jmp T_0.11;
T_0.0 ;
    %pushi/vec4 63, 0, 8;
    %store/vec4 v0x7fd1aef167f0_0, 0, 8;
    %jmp T_0.11;
T_0.1 ;
    %pushi/vec4 6, 0, 8;
    %store/vec4 v0x7fd1aef167f0_0, 0, 8;
    %jmp T_0.11;
T_0.2 ;
    %pushi/vec4 91, 0, 8;
    %store/vec4 v0x7fd1aef167f0_0, 0, 8;
    %jmp T_0.11;
T_0.3 ;
    %pushi/vec4 79, 0, 8;
    %store/vec4 v0x7fd1aef167f0_0, 0, 8;
    %jmp T_0.11;
T_0.4 ;
    %pushi/vec4 102, 0, 8;
    %store/vec4 v0x7fd1aef167f0_0, 0, 8;
    %jmp T_0.11;
T_0.5 ;
    %pushi/vec4 109, 0, 8;
    %store/vec4 v0x7fd1aef167f0_0, 0, 8;
    %jmp T_0.11;
T_0.6 ;
    %pushi/vec4 125, 0, 8;
    %store/vec4 v0x7fd1aef167f0_0, 0, 8;
    %jmp T_0.11;
T_0.7 ;
    %pushi/vec4 7, 0, 8;
    %store/vec4 v0x7fd1aef167f0_0, 0, 8;
    %jmp T_0.11;
T_0.8 ;
    %pushi/vec4 127, 0, 8;
    %store/vec4 v0x7fd1aef167f0_0, 0, 8;
    %jmp T_0.11;
T_0.9 ;
    %pushi/vec4 111, 0, 8;
    %store/vec4 v0x7fd1aef167f0_0, 0, 8;
    %jmp T_0.11;
T_0.11 ;
    %pop/vec4 1;
    %jmp T_0;
    .thread T_0, $push;
    .scope S_0x7fd1aef06050;
T_1 ;
    %pushi/vec4 0, 0, 4;
    %store/vec4 v0x7fd1aef16970_0, 0, 4;
    %pushi/vec4 0, 0, 1;
    %store/vec4 v0x7fd1aef168d0_0, 0, 1;
    %end;
    .thread T_1;
    .scope S_0x7fd1aef06050;
T_2 ;
    %delay 1, 0;
    %load/vec4 v0x7fd1aef168d0_0;
    %inv;
    %store/vec4 v0x7fd1aef168d0_0, 0, 1;
    %jmp T_2;
    .thread T_2;
    .scope S_0x7fd1aef06050;
T_3 ;
    %vpi_call 2 53 "$dumpfile", "waveform.vcd" {0 0 0};
    %vpi_call 2 54 "$dumpvars", 32'sb00000000000000000000000000000000, S_0x7fd1aef06050 {0 0 0};
    %delay 2, 0;
    %fork t_1, S_0x7fd1aef062e0;
    %jmp t_0;
    .scope S_0x7fd1aef062e0;
t_1 ;
    %pushi/vec4 0, 0, 32;
    %store/vec4 v0x7fd1aef06450_0, 0, 32;
T_3.0 ;
    %load/vec4 v0x7fd1aef06450_0;
    %cmpi/s 12, 0, 32;
    %jmp/0xz T_3.1, 5;
    %load/vec4 v0x7fd1aef06450_0;
    %pad/s 4;
    %store/vec4 v0x7fd1aef16970_0, 0, 4;
    %delay 2, 0;
    %load/vec4 v0x7fd1aef06450_0;
    %addi 1, 0, 32;
    %store/vec4 v0x7fd1aef06450_0, 0, 32;
    %jmp T_3.0;
T_3.1 ;
    %end;
    .scope S_0x7fd1aef06050;
t_0 %join;
    %vpi_call 2 59 "$finish" {0 0 0};
    %end;
    .thread T_3;
# The file index is used to find the file name in the following table.
:file_names 3;
    "N/A";
    "<interactive>";
    "TestModules/Display/Digit_Decoder.v";
