#! /usr/local/Cellar/icarus-verilog/12.0/bin/vvp
:ivl_version "12.0 (stable)";
:ivl_delay_selection "TYPICAL";
:vpi_time_precision - 9;
:vpi_module "/usr/local/Cellar/icarus-verilog/12.0/lib/ivl/system.vpi";
:vpi_module "/usr/local/Cellar/icarus-verilog/12.0/lib/ivl/vhdl_sys.vpi";
:vpi_module "/usr/local/Cellar/icarus-verilog/12.0/lib/ivl/vhdl_textio.vpi";
:vpi_module "/usr/local/Cellar/icarus-verilog/12.0/lib/ivl/v2005_math.vpi";
:vpi_module "/usr/local/Cellar/icarus-verilog/12.0/lib/ivl/va_math.vpi";
S_0x7fed7f008280 .scope module, "testbench" "testbench" 2 3;
 .timescale -9 -9;
v0x7fed7f01d5d0_0 .var "Disable", 1 0;
v0x7fed7f01d680_0 .net "Enable", 0 0, L_0x7fed7f01d8b0;  1 drivers
v0x7fed7f01d730_0 .net "Pause", 0 0, v0x7fed7f01d2a0_0;  1 drivers
v0x7fed7f01d800_0 .var "clk", 0 0;
S_0x7fed7f0083f0 .scope module, "UUT" "DisableHandler" 2 6, 3 3 0, S_0x7fed7f008280;
 .timescale 0 0;
    .port_info 0 /INPUT 2 "SnsDisable";
    .port_info 1 /INPUT 1 "clk";
    .port_info 2 /OUTPUT 1 "Enable";
    .port_info 3 /OUTPUT 1 "Pause";
L_0x7fed7f01d8b0 .functor NOT 1, v0x7fed7f01d200_0, C4<0>, C4<0>, C4<0>;
v0x7fed7f005610_0 .net "Enable", 0 0, L_0x7fed7f01d8b0;  alias, 1 drivers
v0x7fed7f01d200_0 .var "HalfPause", 0 0;
v0x7fed7f01d2a0_0 .var "Pause", 0 0;
v0x7fed7f01d350_0 .net "SnsDisable", 1 0, v0x7fed7f01d5d0_0;  1 drivers
v0x7fed7f01d400_0 .var "Timer", 26 0;
v0x7fed7f01d4f0_0 .net "clk", 0 0, v0x7fed7f01d800_0;  1 drivers
E_0x7fed7f00ba30 .event posedge, v0x7fed7f01d4f0_0;
    .scope S_0x7fed7f0083f0;
T_0 ;
    %pushi/vec4 0, 0, 1;
    %store/vec4 v0x7fed7f01d2a0_0, 0, 1;
    %pushi/vec4 0, 0, 27;
    %store/vec4 v0x7fed7f01d400_0, 0, 27;
    %pushi/vec4 0, 0, 1;
    %store/vec4 v0x7fed7f01d200_0, 0, 1;
    %end;
    .thread T_0;
    .scope S_0x7fed7f0083f0;
T_1 ;
    %wait E_0x7fed7f00ba30;
    %load/vec4 v0x7fed7f01d350_0;
    %parti/s 1, 1, 2;
    %load/vec4 v0x7fed7f01d350_0;
    %parti/s 1, 0, 2;
    %or;
    %flag_set/vec4 8;
    %jmp/0xz  T_1.0, 8;
    %pushi/vec4 3, 0, 2;
    %split/vec4 1;
    %assign/vec4 v0x7fed7f01d200_0, 0;
    %assign/vec4 v0x7fed7f01d2a0_0, 0;
T_1.0 ;
    %load/vec4 v0x7fed7f01d2a0_0;
    %flag_set/vec4 8;
    %jmp/0xz  T_1.2, 8;
    %load/vec4 v0x7fed7f01d400_0;
    %addi 1, 0, 27;
    %assign/vec4 v0x7fed7f01d400_0, 0;
T_1.2 ;
    %load/vec4 v0x7fed7f01d400_0;
    %cmpi/u 75000, 0, 27;
    %flag_inv 5; GE is !LT
    %jmp/0xz  T_1.4, 5;
    %pushi/vec4 0, 0, 27;
    %assign/vec4 v0x7fed7f01d400_0, 0;
    %pushi/vec4 0, 0, 1;
    %assign/vec4 v0x7fed7f01d2a0_0, 0;
T_1.4 ;
    %load/vec4 v0x7fed7f01d400_0;
    %cmpi/u 32500, 0, 27;
    %flag_inv 5; GE is !LT
    %jmp/0xz  T_1.6, 5;
    %pushi/vec4 0, 0, 1;
    %assign/vec4 v0x7fed7f01d200_0, 0;
T_1.6 ;
    %jmp T_1;
    .thread T_1;
    .scope S_0x7fed7f008280;
T_2 ;
    %pushi/vec4 0, 0, 2;
    %store/vec4 v0x7fed7f01d5d0_0, 0, 2;
    %pushi/vec4 0, 0, 1;
    %store/vec4 v0x7fed7f01d800_0, 0, 1;
    %end;
    .thread T_2;
    .scope S_0x7fed7f008280;
T_3 ;
    %load/vec4 v0x7fed7f01d800_0;
    %inv;
    %store/vec4 v0x7fed7f01d800_0, 0, 1;
    %delay 1, 0;
    %jmp T_3;
    .thread T_3;
    .scope S_0x7fed7f008280;
T_4 ;
    %vpi_call 2 13 "$dumpfile", "waveform.vcd" {0 0 0};
    %vpi_call 2 14 "$dumpvars", 32'sb00000000000000000000000000000000, S_0x7fed7f008280 {0 0 0};
    %delay 1000, 0;
    %pushi/vec4 1, 0, 2;
    %store/vec4 v0x7fed7f01d5d0_0, 0, 2;
    %delay 1000, 0;
    %pushi/vec4 0, 0, 2;
    %store/vec4 v0x7fed7f01d5d0_0, 0, 2;
    %delay 160000, 0;
    %vpi_call 2 16 "$finish" {0 0 0};
    %end;
    .thread T_4;
# The file index is used to find the file name in the following table.
:file_names 4;
    "N/A";
    "<interactive>";
    "MainProject/DriveTrain/DisableHandler/DisableHandler_TB.v";
    "/Users/nicholasrethans/Documents/GitHub/ECE-3331-Robotics-Project-Lab/MainProject/DriveTrain/DisableHandler/DisableHandler.v";
