#! /usr/local/Cellar/icarus-verilog/12.0/bin/vvp
:ivl_version "12.0 (stable)";
:ivl_delay_selection "TYPICAL";
:vpi_time_precision + 0;
:vpi_module "/usr/local/Cellar/icarus-verilog/12.0/lib/ivl/system.vpi";
:vpi_module "/usr/local/Cellar/icarus-verilog/12.0/lib/ivl/vhdl_sys.vpi";
:vpi_module "/usr/local/Cellar/icarus-verilog/12.0/lib/ivl/vhdl_textio.vpi";
:vpi_module "/usr/local/Cellar/icarus-verilog/12.0/lib/ivl/v2005_math.vpi";
:vpi_module "/usr/local/Cellar/icarus-verilog/12.0/lib/ivl/va_math.vpi";
S_0x7f81b1d06000 .scope module, "testbench" "testbench" 2 42;
 .timescale 0 0;
P_0x7f81b1d06170 .param/l "PRD" 0 2 49, +C4<00000000000000000000000000000100>;
v0x7f81b1d0fc80_0 .net "cathode", 3 0, v0x7f81b1d0f150_0;  1 drivers
v0x7f81b1d0fd70_0 .var "clk", 0 0;
v0x7f81b1d0fe50_0 .var "data1", 3 0;
v0x7f81b1d0ff20_0 .var "data2", 3 0;
v0x7f81b1d0fff0_0 .var "data3", 3 0;
v0x7f81b1d10100_0 .var "data4", 3 0;
v0x7f81b1d101d0_0 .net "segmentout", 7 0, v0x7f81b1d0ed30_0;  1 drivers
S_0x7f81b1e04170 .scope module, "UUT" "DisplayTop" 2 46, 2 25 0, S_0x7f81b1d06000;
 .timescale 0 0;
    .port_info 0 /INPUT 1 "clk";
    .port_info 1 /INPUT 4 "data1";
    .port_info 2 /INPUT 4 "data2";
    .port_info 3 /INPUT 4 "data3";
    .port_info 4 /INPUT 4 "data4";
    .port_info 5 /OUTPUT 4 "cathode";
    .port_info 6 /OUTPUT 8 "segmentout";
v0x7f81b1d0f320_0 .net "cathode", 3 0, v0x7f81b1d0f150_0;  alias, 1 drivers
v0x7f81b1d0f3d0_0 .net "clk", 0 0, v0x7f81b1d0fd70_0;  1 drivers
v0x7f81b1d0f480_0 .net "data1", 3 0, v0x7f81b1d0fe50_0;  1 drivers
v0x7f81b1d0f550_0 .net "data2", 3 0, v0x7f81b1d0ff20_0;  1 drivers
v0x7f81b1d0f600_0 .net "data3", 3 0, v0x7f81b1d0fff0_0;  1 drivers
v0x7f81b1d0f6d0_0 .net "data4", 3 0, v0x7f81b1d10100_0;  1 drivers
v0x7f81b1d0f780_0 .net "decoder1", 7 0, v0x7f81b1d0d670_0;  1 drivers
v0x7f81b1d0f850_0 .net "decoder2", 7 0, v0x7f81b1d0da90_0;  1 drivers
v0x7f81b1d0f920_0 .net "decoder3", 7 0, v0x7f81b1d0de70_0;  1 drivers
v0x7f81b1d0fa30_0 .net "decoder4", 7 0, v0x7f81b1d0e260_0;  1 drivers
v0x7f81b1d0fb00_0 .net "segmentout", 7 0, v0x7f81b1d0ed30_0;  alias, 1 drivers
v0x7f81b1d0fb90_0 .net "sync", 1 0, v0x7f81b1d0e680_0;  1 drivers
S_0x7f81b1e04430 .scope module, "U0" "Digit_Decoder" 2 33, 3 22 0, S_0x7f81b1e04170;
 .timescale 0 0;
    .port_info 0 /INPUT 4 "data";
    .port_info 1 /OUTPUT 8 "segments";
v0x7f81b1e046a0_0 .net "data", 3 0, v0x7f81b1d0fe50_0;  alias, 1 drivers
v0x7f81b1d0d670_0 .var "segments", 7 0;
E_0x7f81b1e04640 .event anyedge, v0x7f81b1e046a0_0;
S_0x7f81b1d0d760 .scope module, "U1" "Digit_Decoder" 2 34, 3 22 0, S_0x7f81b1e04170;
 .timescale 0 0;
    .port_info 0 /INPUT 4 "data";
    .port_info 1 /OUTPUT 8 "segments";
v0x7f81b1d0d9d0_0 .net "data", 3 0, v0x7f81b1d0ff20_0;  alias, 1 drivers
v0x7f81b1d0da90_0 .var "segments", 7 0;
E_0x7f81b1d0d970 .event anyedge, v0x7f81b1d0d9d0_0;
S_0x7f81b1d0db50 .scope module, "U2" "Digit_Decoder" 2 35, 3 22 0, S_0x7f81b1e04170;
 .timescale 0 0;
    .port_info 0 /INPUT 4 "data";
    .port_info 1 /OUTPUT 8 "segments";
v0x7f81b1d0ddb0_0 .net "data", 3 0, v0x7f81b1d0fff0_0;  alias, 1 drivers
v0x7f81b1d0de70_0 .var "segments", 7 0;
E_0x7f81b1d0dd60 .event anyedge, v0x7f81b1d0ddb0_0;
S_0x7f81b1d0df50 .scope module, "U3" "Digit_Decoder" 2 36, 3 22 0, S_0x7f81b1e04170;
 .timescale 0 0;
    .port_info 0 /INPUT 4 "data";
    .port_info 1 /OUTPUT 8 "segments";
v0x7f81b1d0e1a0_0 .net "data", 3 0, v0x7f81b1d10100_0;  alias, 1 drivers
v0x7f81b1d0e260_0 .var "segments", 7 0;
E_0x7f81b1d0e140 .event anyedge, v0x7f81b1d0e1a0_0;
S_0x7f81b1d0e340 .scope module, "U4" "SyncCounter" 2 37, 4 18 0, S_0x7f81b1e04170;
 .timescale 0 0;
    .port_info 0 /INPUT 1 "clk";
    .port_info 1 /OUTPUT 2 "sync_count";
v0x7f81b1d0e5d0_0 .net "clk", 0 0, v0x7f81b1d0fd70_0;  alias, 1 drivers
v0x7f81b1d0e680_0 .var "sync_count", 1 0;
E_0x7f81b1d0e570 .event posedge, v0x7f81b1d0e5d0_0;
S_0x7f81b1d0e740 .scope module, "U5" "DisplayMUX" 2 38, 5 19 0, S_0x7f81b1e04170;
 .timescale 0 0;
    .port_info 0 /INPUT 8 "segment1";
    .port_info 1 /INPUT 8 "segment2";
    .port_info 2 /INPUT 8 "segment3";
    .port_info 3 /INPUT 8 "segment4";
    .port_info 4 /INPUT 2 "sync_count";
    .port_info 5 /OUTPUT 8 "segmentout";
v0x7f81b1d0ea30_0 .net "segment1", 7 0, v0x7f81b1d0d670_0;  alias, 1 drivers
v0x7f81b1d0eb00_0 .net "segment2", 7 0, v0x7f81b1d0da90_0;  alias, 1 drivers
v0x7f81b1d0ebb0_0 .net "segment3", 7 0, v0x7f81b1d0de70_0;  alias, 1 drivers
v0x7f81b1d0ec80_0 .net "segment4", 7 0, v0x7f81b1d0e260_0;  alias, 1 drivers
v0x7f81b1d0ed30_0 .var "segmentout", 7 0;
v0x7f81b1d0ee00_0 .net "sync_count", 1 0, v0x7f81b1d0e680_0;  alias, 1 drivers
E_0x7f81b1d0e9c0/0 .event anyedge, v0x7f81b1d0e680_0, v0x7f81b1d0e260_0, v0x7f81b1d0de70_0, v0x7f81b1d0da90_0;
E_0x7f81b1d0e9c0/1 .event anyedge, v0x7f81b1d0d670_0;
E_0x7f81b1d0e9c0 .event/or E_0x7f81b1d0e9c0/0, E_0x7f81b1d0e9c0/1;
S_0x7f81b1d0ef20 .scope module, "U6" "CathodeDecoder" 2 39, 6 17 0, S_0x7f81b1e04170;
 .timescale 0 0;
    .port_info 0 /INPUT 2 "sync_count";
    .port_info 1 /OUTPUT 4 "cathode";
v0x7f81b1d0f150_0 .var "cathode", 3 0;
v0x7f81b1d0f210_0 .net "sync_count", 1 0, v0x7f81b1d0e680_0;  alias, 1 drivers
E_0x7f81b1d0f0f0 .event anyedge, v0x7f81b1d0e680_0;
    .scope S_0x7f81b1e04430;
T_0 ;
    %wait E_0x7f81b1e04640;
    %load/vec4 v0x7f81b1e046a0_0;
    %dup/vec4;
    %pushi/vec4 0, 0, 4;
    %cmp/u;
    %jmp/1 T_0.0, 6;
    %dup/vec4;
    %pushi/vec4 1, 0, 4;
    %cmp/u;
    %jmp/1 T_0.1, 6;
    %dup/vec4;
    %pushi/vec4 2, 0, 4;
    %cmp/u;
    %jmp/1 T_0.2, 6;
    %dup/vec4;
    %pushi/vec4 3, 0, 4;
    %cmp/u;
    %jmp/1 T_0.3, 6;
    %dup/vec4;
    %pushi/vec4 4, 0, 4;
    %cmp/u;
    %jmp/1 T_0.4, 6;
    %dup/vec4;
    %pushi/vec4 5, 0, 4;
    %cmp/u;
    %jmp/1 T_0.5, 6;
    %dup/vec4;
    %pushi/vec4 6, 0, 4;
    %cmp/u;
    %jmp/1 T_0.6, 6;
    %dup/vec4;
    %pushi/vec4 7, 0, 4;
    %cmp/u;
    %jmp/1 T_0.7, 6;
    %dup/vec4;
    %pushi/vec4 8, 0, 4;
    %cmp/u;
    %jmp/1 T_0.8, 6;
    %dup/vec4;
    %pushi/vec4 9, 0, 4;
    %cmp/u;
    %jmp/1 T_0.9, 6;
    %pushi/vec4 0, 0, 8;
    %store/vec4 v0x7f81b1d0d670_0, 0, 8;
    %jmp T_0.11;
T_0.0 ;
    %pushi/vec4 192, 0, 8;
    %store/vec4 v0x7f81b1d0d670_0, 0, 8;
    %jmp T_0.11;
T_0.1 ;
    %pushi/vec4 249, 0, 8;
    %store/vec4 v0x7f81b1d0d670_0, 0, 8;
    %jmp T_0.11;
T_0.2 ;
    %pushi/vec4 164, 0, 8;
    %store/vec4 v0x7f81b1d0d670_0, 0, 8;
    %jmp T_0.11;
T_0.3 ;
    %pushi/vec4 176, 0, 8;
    %store/vec4 v0x7f81b1d0d670_0, 0, 8;
    %jmp T_0.11;
T_0.4 ;
    %pushi/vec4 153, 0, 8;
    %store/vec4 v0x7f81b1d0d670_0, 0, 8;
    %jmp T_0.11;
T_0.5 ;
    %pushi/vec4 146, 0, 8;
    %store/vec4 v0x7f81b1d0d670_0, 0, 8;
    %jmp T_0.11;
T_0.6 ;
    %pushi/vec4 130, 0, 8;
    %store/vec4 v0x7f81b1d0d670_0, 0, 8;
    %jmp T_0.11;
T_0.7 ;
    %pushi/vec4 248, 0, 8;
    %store/vec4 v0x7f81b1d0d670_0, 0, 8;
    %jmp T_0.11;
T_0.8 ;
    %pushi/vec4 128, 0, 8;
    %store/vec4 v0x7f81b1d0d670_0, 0, 8;
    %jmp T_0.11;
T_0.9 ;
    %pushi/vec4 144, 0, 8;
    %store/vec4 v0x7f81b1d0d670_0, 0, 8;
    %jmp T_0.11;
T_0.11 ;
    %pop/vec4 1;
    %jmp T_0;
    .thread T_0, $push;
    .scope S_0x7f81b1d0d760;
T_1 ;
    %wait E_0x7f81b1d0d970;
    %load/vec4 v0x7f81b1d0d9d0_0;
    %dup/vec4;
    %pushi/vec4 0, 0, 4;
    %cmp/u;
    %jmp/1 T_1.0, 6;
    %dup/vec4;
    %pushi/vec4 1, 0, 4;
    %cmp/u;
    %jmp/1 T_1.1, 6;
    %dup/vec4;
    %pushi/vec4 2, 0, 4;
    %cmp/u;
    %jmp/1 T_1.2, 6;
    %dup/vec4;
    %pushi/vec4 3, 0, 4;
    %cmp/u;
    %jmp/1 T_1.3, 6;
    %dup/vec4;
    %pushi/vec4 4, 0, 4;
    %cmp/u;
    %jmp/1 T_1.4, 6;
    %dup/vec4;
    %pushi/vec4 5, 0, 4;
    %cmp/u;
    %jmp/1 T_1.5, 6;
    %dup/vec4;
    %pushi/vec4 6, 0, 4;
    %cmp/u;
    %jmp/1 T_1.6, 6;
    %dup/vec4;
    %pushi/vec4 7, 0, 4;
    %cmp/u;
    %jmp/1 T_1.7, 6;
    %dup/vec4;
    %pushi/vec4 8, 0, 4;
    %cmp/u;
    %jmp/1 T_1.8, 6;
    %dup/vec4;
    %pushi/vec4 9, 0, 4;
    %cmp/u;
    %jmp/1 T_1.9, 6;
    %pushi/vec4 0, 0, 8;
    %store/vec4 v0x7f81b1d0da90_0, 0, 8;
    %jmp T_1.11;
T_1.0 ;
    %pushi/vec4 192, 0, 8;
    %store/vec4 v0x7f81b1d0da90_0, 0, 8;
    %jmp T_1.11;
T_1.1 ;
    %pushi/vec4 249, 0, 8;
    %store/vec4 v0x7f81b1d0da90_0, 0, 8;
    %jmp T_1.11;
T_1.2 ;
    %pushi/vec4 164, 0, 8;
    %store/vec4 v0x7f81b1d0da90_0, 0, 8;
    %jmp T_1.11;
T_1.3 ;
    %pushi/vec4 176, 0, 8;
    %store/vec4 v0x7f81b1d0da90_0, 0, 8;
    %jmp T_1.11;
T_1.4 ;
    %pushi/vec4 153, 0, 8;
    %store/vec4 v0x7f81b1d0da90_0, 0, 8;
    %jmp T_1.11;
T_1.5 ;
    %pushi/vec4 146, 0, 8;
    %store/vec4 v0x7f81b1d0da90_0, 0, 8;
    %jmp T_1.11;
T_1.6 ;
    %pushi/vec4 130, 0, 8;
    %store/vec4 v0x7f81b1d0da90_0, 0, 8;
    %jmp T_1.11;
T_1.7 ;
    %pushi/vec4 248, 0, 8;
    %store/vec4 v0x7f81b1d0da90_0, 0, 8;
    %jmp T_1.11;
T_1.8 ;
    %pushi/vec4 128, 0, 8;
    %store/vec4 v0x7f81b1d0da90_0, 0, 8;
    %jmp T_1.11;
T_1.9 ;
    %pushi/vec4 144, 0, 8;
    %store/vec4 v0x7f81b1d0da90_0, 0, 8;
    %jmp T_1.11;
T_1.11 ;
    %pop/vec4 1;
    %jmp T_1;
    .thread T_1, $push;
    .scope S_0x7f81b1d0db50;
T_2 ;
    %wait E_0x7f81b1d0dd60;
    %load/vec4 v0x7f81b1d0ddb0_0;
    %dup/vec4;
    %pushi/vec4 0, 0, 4;
    %cmp/u;
    %jmp/1 T_2.0, 6;
    %dup/vec4;
    %pushi/vec4 1, 0, 4;
    %cmp/u;
    %jmp/1 T_2.1, 6;
    %dup/vec4;
    %pushi/vec4 2, 0, 4;
    %cmp/u;
    %jmp/1 T_2.2, 6;
    %dup/vec4;
    %pushi/vec4 3, 0, 4;
    %cmp/u;
    %jmp/1 T_2.3, 6;
    %dup/vec4;
    %pushi/vec4 4, 0, 4;
    %cmp/u;
    %jmp/1 T_2.4, 6;
    %dup/vec4;
    %pushi/vec4 5, 0, 4;
    %cmp/u;
    %jmp/1 T_2.5, 6;
    %dup/vec4;
    %pushi/vec4 6, 0, 4;
    %cmp/u;
    %jmp/1 T_2.6, 6;
    %dup/vec4;
    %pushi/vec4 7, 0, 4;
    %cmp/u;
    %jmp/1 T_2.7, 6;
    %dup/vec4;
    %pushi/vec4 8, 0, 4;
    %cmp/u;
    %jmp/1 T_2.8, 6;
    %dup/vec4;
    %pushi/vec4 9, 0, 4;
    %cmp/u;
    %jmp/1 T_2.9, 6;
    %pushi/vec4 0, 0, 8;
    %store/vec4 v0x7f81b1d0de70_0, 0, 8;
    %jmp T_2.11;
T_2.0 ;
    %pushi/vec4 192, 0, 8;
    %store/vec4 v0x7f81b1d0de70_0, 0, 8;
    %jmp T_2.11;
T_2.1 ;
    %pushi/vec4 249, 0, 8;
    %store/vec4 v0x7f81b1d0de70_0, 0, 8;
    %jmp T_2.11;
T_2.2 ;
    %pushi/vec4 164, 0, 8;
    %store/vec4 v0x7f81b1d0de70_0, 0, 8;
    %jmp T_2.11;
T_2.3 ;
    %pushi/vec4 176, 0, 8;
    %store/vec4 v0x7f81b1d0de70_0, 0, 8;
    %jmp T_2.11;
T_2.4 ;
    %pushi/vec4 153, 0, 8;
    %store/vec4 v0x7f81b1d0de70_0, 0, 8;
    %jmp T_2.11;
T_2.5 ;
    %pushi/vec4 146, 0, 8;
    %store/vec4 v0x7f81b1d0de70_0, 0, 8;
    %jmp T_2.11;
T_2.6 ;
    %pushi/vec4 130, 0, 8;
    %store/vec4 v0x7f81b1d0de70_0, 0, 8;
    %jmp T_2.11;
T_2.7 ;
    %pushi/vec4 248, 0, 8;
    %store/vec4 v0x7f81b1d0de70_0, 0, 8;
    %jmp T_2.11;
T_2.8 ;
    %pushi/vec4 128, 0, 8;
    %store/vec4 v0x7f81b1d0de70_0, 0, 8;
    %jmp T_2.11;
T_2.9 ;
    %pushi/vec4 144, 0, 8;
    %store/vec4 v0x7f81b1d0de70_0, 0, 8;
    %jmp T_2.11;
T_2.11 ;
    %pop/vec4 1;
    %jmp T_2;
    .thread T_2, $push;
    .scope S_0x7f81b1d0df50;
T_3 ;
    %wait E_0x7f81b1d0e140;
    %load/vec4 v0x7f81b1d0e1a0_0;
    %dup/vec4;
    %pushi/vec4 0, 0, 4;
    %cmp/u;
    %jmp/1 T_3.0, 6;
    %dup/vec4;
    %pushi/vec4 1, 0, 4;
    %cmp/u;
    %jmp/1 T_3.1, 6;
    %dup/vec4;
    %pushi/vec4 2, 0, 4;
    %cmp/u;
    %jmp/1 T_3.2, 6;
    %dup/vec4;
    %pushi/vec4 3, 0, 4;
    %cmp/u;
    %jmp/1 T_3.3, 6;
    %dup/vec4;
    %pushi/vec4 4, 0, 4;
    %cmp/u;
    %jmp/1 T_3.4, 6;
    %dup/vec4;
    %pushi/vec4 5, 0, 4;
    %cmp/u;
    %jmp/1 T_3.5, 6;
    %dup/vec4;
    %pushi/vec4 6, 0, 4;
    %cmp/u;
    %jmp/1 T_3.6, 6;
    %dup/vec4;
    %pushi/vec4 7, 0, 4;
    %cmp/u;
    %jmp/1 T_3.7, 6;
    %dup/vec4;
    %pushi/vec4 8, 0, 4;
    %cmp/u;
    %jmp/1 T_3.8, 6;
    %dup/vec4;
    %pushi/vec4 9, 0, 4;
    %cmp/u;
    %jmp/1 T_3.9, 6;
    %pushi/vec4 0, 0, 8;
    %store/vec4 v0x7f81b1d0e260_0, 0, 8;
    %jmp T_3.11;
T_3.0 ;
    %pushi/vec4 192, 0, 8;
    %store/vec4 v0x7f81b1d0e260_0, 0, 8;
    %jmp T_3.11;
T_3.1 ;
    %pushi/vec4 249, 0, 8;
    %store/vec4 v0x7f81b1d0e260_0, 0, 8;
    %jmp T_3.11;
T_3.2 ;
    %pushi/vec4 164, 0, 8;
    %store/vec4 v0x7f81b1d0e260_0, 0, 8;
    %jmp T_3.11;
T_3.3 ;
    %pushi/vec4 176, 0, 8;
    %store/vec4 v0x7f81b1d0e260_0, 0, 8;
    %jmp T_3.11;
T_3.4 ;
    %pushi/vec4 153, 0, 8;
    %store/vec4 v0x7f81b1d0e260_0, 0, 8;
    %jmp T_3.11;
T_3.5 ;
    %pushi/vec4 146, 0, 8;
    %store/vec4 v0x7f81b1d0e260_0, 0, 8;
    %jmp T_3.11;
T_3.6 ;
    %pushi/vec4 130, 0, 8;
    %store/vec4 v0x7f81b1d0e260_0, 0, 8;
    %jmp T_3.11;
T_3.7 ;
    %pushi/vec4 248, 0, 8;
    %store/vec4 v0x7f81b1d0e260_0, 0, 8;
    %jmp T_3.11;
T_3.8 ;
    %pushi/vec4 128, 0, 8;
    %store/vec4 v0x7f81b1d0e260_0, 0, 8;
    %jmp T_3.11;
T_3.9 ;
    %pushi/vec4 144, 0, 8;
    %store/vec4 v0x7f81b1d0e260_0, 0, 8;
    %jmp T_3.11;
T_3.11 ;
    %pop/vec4 1;
    %jmp T_3;
    .thread T_3, $push;
    .scope S_0x7f81b1d0e340;
T_4 ;
    %pushi/vec4 3, 0, 2;
    %store/vec4 v0x7f81b1d0e680_0, 0, 2;
    %end;
    .thread T_4;
    .scope S_0x7f81b1d0e340;
T_5 ;
    %wait E_0x7f81b1d0e570;
    %load/vec4 v0x7f81b1d0e680_0;
    %addi 1, 0, 2;
    %store/vec4 v0x7f81b1d0e680_0, 0, 2;
    %jmp T_5;
    .thread T_5;
    .scope S_0x7f81b1d0e740;
T_6 ;
    %pushi/vec4 0, 0, 8;
    %store/vec4 v0x7f81b1d0ed30_0, 0, 8;
    %end;
    .thread T_6;
    .scope S_0x7f81b1d0e740;
T_7 ;
    %wait E_0x7f81b1d0e9c0;
    %load/vec4 v0x7f81b1d0ee00_0;
    %dup/vec4;
    %pushi/vec4 0, 0, 2;
    %cmp/u;
    %jmp/1 T_7.0, 6;
    %dup/vec4;
    %pushi/vec4 1, 0, 2;
    %cmp/u;
    %jmp/1 T_7.1, 6;
    %dup/vec4;
    %pushi/vec4 2, 0, 2;
    %cmp/u;
    %jmp/1 T_7.2, 6;
    %dup/vec4;
    %pushi/vec4 3, 0, 2;
    %cmp/u;
    %jmp/1 T_7.3, 6;
    %pushi/vec4 1, 0, 8;
    %store/vec4 v0x7f81b1d0ed30_0, 0, 8;
    %jmp T_7.5;
T_7.0 ;
    %load/vec4 v0x7f81b1d0ea30_0;
    %store/vec4 v0x7f81b1d0ed30_0, 0, 8;
    %jmp T_7.5;
T_7.1 ;
    %load/vec4 v0x7f81b1d0eb00_0;
    %store/vec4 v0x7f81b1d0ed30_0, 0, 8;
    %jmp T_7.5;
T_7.2 ;
    %load/vec4 v0x7f81b1d0ebb0_0;
    %store/vec4 v0x7f81b1d0ed30_0, 0, 8;
    %jmp T_7.5;
T_7.3 ;
    %load/vec4 v0x7f81b1d0ec80_0;
    %store/vec4 v0x7f81b1d0ed30_0, 0, 8;
    %jmp T_7.5;
T_7.5 ;
    %pop/vec4 1;
    %jmp T_7;
    .thread T_7, $push;
    .scope S_0x7f81b1d0ef20;
T_8 ;
    %pushi/vec4 0, 0, 4;
    %store/vec4 v0x7f81b1d0f150_0, 0, 4;
    %end;
    .thread T_8;
    .scope S_0x7f81b1d0ef20;
T_9 ;
    %wait E_0x7f81b1d0f0f0;
    %load/vec4 v0x7f81b1d0f210_0;
    %dup/vec4;
    %pushi/vec4 0, 0, 2;
    %cmp/u;
    %jmp/1 T_9.0, 6;
    %dup/vec4;
    %pushi/vec4 1, 0, 2;
    %cmp/u;
    %jmp/1 T_9.1, 6;
    %dup/vec4;
    %pushi/vec4 2, 0, 2;
    %cmp/u;
    %jmp/1 T_9.2, 6;
    %dup/vec4;
    %pushi/vec4 3, 0, 2;
    %cmp/u;
    %jmp/1 T_9.3, 6;
    %jmp T_9.4;
T_9.0 ;
    %pushi/vec4 1, 0, 4;
    %assign/vec4 v0x7f81b1d0f150_0, 0;
    %jmp T_9.4;
T_9.1 ;
    %pushi/vec4 2, 0, 4;
    %assign/vec4 v0x7f81b1d0f150_0, 0;
    %jmp T_9.4;
T_9.2 ;
    %pushi/vec4 4, 0, 4;
    %assign/vec4 v0x7f81b1d0f150_0, 0;
    %jmp T_9.4;
T_9.3 ;
    %pushi/vec4 8, 0, 4;
    %assign/vec4 v0x7f81b1d0f150_0, 0;
    %jmp T_9.4;
T_9.4 ;
    %pop/vec4 1;
    %jmp T_9;
    .thread T_9, $push;
    .scope S_0x7f81b1d06000;
T_10 ;
    %pushi/vec4 0, 0, 4;
    %store/vec4 v0x7f81b1d0fe50_0, 0, 4;
    %pushi/vec4 1, 0, 4;
    %store/vec4 v0x7f81b1d0ff20_0, 0, 4;
    %pushi/vec4 2, 0, 4;
    %store/vec4 v0x7f81b1d0fff0_0, 0, 4;
    %pushi/vec4 3, 0, 4;
    %store/vec4 v0x7f81b1d10100_0, 0, 4;
    %pushi/vec4 0, 0, 1;
    %store/vec4 v0x7f81b1d0fd70_0, 0, 1;
    %end;
    .thread T_10;
    .scope S_0x7f81b1d06000;
T_11 ;
    %delay 2, 0;
    %load/vec4 v0x7f81b1d0fd70_0;
    %inv;
    %store/vec4 v0x7f81b1d0fd70_0, 0, 1;
    %jmp T_11;
    .thread T_11;
    .scope S_0x7f81b1d06000;
T_12 ;
    %vpi_call 2 54 "$dumpfile", "waveform.vcd" {0 0 0};
    %vpi_call 2 55 "$dumpvars", 32'sb00000000000000000000000000000000, S_0x7f81b1d06000 {0 0 0};
    %delay 16, 0;
    %pushi/vec4 4, 0, 4;
    %store/vec4 v0x7f81b1d0fe50_0, 0, 4;
    %pushi/vec4 5, 0, 4;
    %store/vec4 v0x7f81b1d0ff20_0, 0, 4;
    %pushi/vec4 6, 0, 4;
    %store/vec4 v0x7f81b1d0fff0_0, 0, 4;
    %pushi/vec4 7, 0, 4;
    %store/vec4 v0x7f81b1d10100_0, 0, 4;
    %delay 16, 0;
    %pushi/vec4 8, 0, 4;
    %store/vec4 v0x7f81b1d0fe50_0, 0, 4;
    %pushi/vec4 9, 0, 4;
    %store/vec4 v0x7f81b1d0ff20_0, 0, 4;
    %delay 8, 0;
    %vpi_call 2 65 "$finish" {0 0 0};
    %end;
    .thread T_12;
# The file index is used to find the file name in the following table.
:file_names 7;
    "N/A";
    "<interactive>";
    "TestModules/Display/DisplayTop.v";
    "./TestModules/Display/DigitDecoder.v";
    "./TestModules/Display/SyncCounter.v";
    "./TestModules/Display/DisplayMUX.v";
    "./TestModules/Display/CathodeDecoder.v";
