#! /c/Source/iverilog-install/bin/vvp
:ivl_version "12.0 (devel)" "(s20150603-1539-g2693dd32b)";
:ivl_delay_selection "TYPICAL";
:vpi_time_precision + 0;
:vpi_module "C:\iverilog\lib\ivl\system.vpi";
:vpi_module "C:\iverilog\lib\ivl\vhdl_sys.vpi";
:vpi_module "C:\iverilog\lib\ivl\vhdl_textio.vpi";
:vpi_module "C:\iverilog\lib\ivl\v2005_math.vpi";
:vpi_module "C:\iverilog\lib\ivl\va_math.vpi";
S_0000020310c85740 .scope module, "testbench" "testbench" 2 40;
 .timescale 0 0;
v0000020310c3b8f0_0 .var "DisableA", 0 0;
v0000020310c3b990_0 .var "DisableB", 0 0;
v0000020310c3ba30_0 .net "EnableA", 0 0, L_0000020310c38b60;  1 drivers
v0000020310c3bad0_0 .net "EnableB", 0 0, L_0000020310c36c30;  1 drivers
S_0000020310c858d0 .scope module, "UUT" "DriveTrainTop" 2 43, 2 19 0, S_0000020310c85740;
 .timescale 0 0;
    .port_info 0 /OUTPUT 1 "EnableA";
    .port_info 1 /OUTPUT 1 "EnableB";
    .port_info 2 /INPUT 1 "DisableA";
    .port_info 3 /INPUT 1 "DisableB";
L_0000020310c39ed0 .functor OR 1, v0000020310c3b8f0_0, v0000020310c3b990_0, C4<0>, C4<0>;
L_0000020310c38820 .functor NOT 1, L_0000020310c39ed0, C4<0>, C4<0>, C4<0>;
L_0000020310c38b60 .functor BUFZ 1, L_0000020310c38820, C4<0>, C4<0>, C4<0>;
L_0000020310c36c30 .functor BUFZ 1, L_0000020310c38820, C4<0>, C4<0>, C4<0>;
v0000020310c36a10_0 .net "DisableA", 0 0, v0000020310c3b8f0_0;  1 drivers
v0000020310c36550_0 .net "DisableB", 0 0, v0000020310c3b990_0;  1 drivers
v0000020310c38ac0_0 .net "Enable", 0 0, L_0000020310c38820;  1 drivers
v0000020310c38780_0 .net "EnableA", 0 0, L_0000020310c38b60;  alias, 1 drivers
v0000020310c85a60_0 .net "EnableB", 0 0, L_0000020310c36c30;  alias, 1 drivers
v0000020310c85b00_0 .net *"_ivl_0", 0 0, L_0000020310c39ed0;  1 drivers
    .scope S_0000020310c85740;
T_0 ;
    %pushi/vec4 0, 0, 1;
    %store/vec4 v0000020310c3b8f0_0, 0, 1;
    %pushi/vec4 0, 0, 1;
    %store/vec4 v0000020310c3b990_0, 0, 1;
    %end;
    .thread T_0;
    .scope S_0000020310c85740;
T_1 ;
    %vpi_call 2 51 "$dumpfile", "waveform.vcd" {0 0 0};
    %vpi_call 2 52 "$dumpvars", 32'sb00000000000000000000000000000000, S_0000020310c85740 {0 0 0};
    %delay 5, 0;
    %pushi/vec4 1, 0, 1;
    %store/vec4 v0000020310c3b8f0_0, 0, 1;
    %delay 5, 0;
    %pushi/vec4 1, 0, 1;
    %store/vec4 v0000020310c3b990_0, 0, 1;
    %delay 5, 0;
    %pushi/vec4 0, 0, 1;
    %store/vec4 v0000020310c3b8f0_0, 0, 1;
    %delay 5, 0;
    %pushi/vec4 0, 0, 1;
    %store/vec4 v0000020310c3b990_0, 0, 1;
    %delay 5, 0;
    %vpi_call 2 54 "$finish" {0 0 0};
    %end;
    .thread T_1;
# The file index is used to find the file name in the following table.
:file_names 3;
    "N/A";
    "<interactive>";
    "MainProject\DriveTrain\DriveTrainTop\DriveTrainControl.v";
