#! /usr/local/Cellar/icarus-verilog/12.0/bin/vvp
:ivl_version "12.0 (stable)";
:ivl_delay_selection "TYPICAL";
:vpi_time_precision - 12;
:vpi_module "/usr/local/Cellar/icarus-verilog/12.0/lib/ivl/system.vpi";
:vpi_module "/usr/local/Cellar/icarus-verilog/12.0/lib/ivl/vhdl_sys.vpi";
:vpi_module "/usr/local/Cellar/icarus-verilog/12.0/lib/ivl/vhdl_textio.vpi";
:vpi_module "/usr/local/Cellar/icarus-verilog/12.0/lib/ivl/v2005_math.vpi";
:vpi_module "/usr/local/Cellar/icarus-verilog/12.0/lib/ivl/va_math.vpi";
S_0x7fd059a23190 .scope module, "testbench" "testbench" 2 9;
 .timescale -9 -9;
P_0x7fd059a22900 .param/l "PRD" 0 2 20, +C4<00000000000000000000000000000010>;
v0x7fd059c09e40_0 .net "Pause", 0 0, v0x7fd059c07b30_0;  1 drivers
v0x7fd059c09f20_0 .var "Serial_In_Disable", 1 0;
v0x7fd059c09ff0_0 .net "Serial_Out", 5 2, L_0x7fd059c0ba90;  1 drivers
v0x7fd059c0a080_0 .net "Serial_Out_Enable", 1 0, L_0x7fd059c0ade0;  1 drivers
v0x7fd059c0a150_0 .var "clk", 0 0;
v0x7fd059c0a220_0 .net "led", 7 0, L_0x7fd059c0a950;  1 drivers
v0x7fd059c0a2b0_0 .var "sw", 5 0;
S_0x7fd059a21940 .scope module, "UUT" "DriveTrainTop" 2 17, 3 22 0, S_0x7fd059a23190;
 .timescale -9 -9;
    .port_info 0 /OUTPUT 4 "Serial_Out";
    .port_info 1 /OUTPUT 2 "Serial_Out_Enable";
    .port_info 2 /OUTPUT 1 "Pause";
    .port_info 3 /OUTPUT 8 "led";
    .port_info 4 /INPUT 6 "sw";
    .port_info 5 /INPUT 2 "Serial_In_Disable";
    .port_info 6 /INPUT 1 "clk";
v0x7fd059c09220_0 .net "Internal_PWM_Signal", 1 0, L_0x7fd059c0b110;  1 drivers
v0x7fd059c092e0_0 .net "Pause", 0 0, v0x7fd059c07b30_0;  alias, 1 drivers
v0x7fd059c09380_0 .net "Serial_In_Disable", 1 0, v0x7fd059c09f20_0;  1 drivers
v0x7fd059c09450_0 .net "Serial_Out", 5 2, L_0x7fd059c0ba90;  alias, 1 drivers
v0x7fd059c094e0_0 .net "Serial_Out_Enable", 1 0, L_0x7fd059c0ade0;  alias, 1 drivers
v0x7fd059c095b0_0 .net *"_ivl_11", 0 0, L_0x7fd059c0a4e0;  1 drivers
v0x7fd059c09650_0 .net *"_ivl_15", 0 0, L_0x7fd059c0a640;  1 drivers
v0x7fd059c09700_0 .net *"_ivl_19", 0 0, L_0x7fd059c0a6e0;  1 drivers
v0x7fd059c097b0_0 .net *"_ivl_23", 0 0, L_0x7fd059c0a7b0;  1 drivers
v0x7fd059c098e0_0 .net *"_ivl_27", 0 0, L_0x7fd059c0a850;  1 drivers
v0x7fd059c09990_0 .net *"_ivl_3", 0 0, L_0x7fd059c0a340;  1 drivers
v0x7fd059c09a40_0 .net *"_ivl_32", 0 0, L_0x7fd059c0abc0;  1 drivers
v0x7fd059c09af0_0 .net *"_ivl_7", 0 0, L_0x7fd059c0a440;  1 drivers
v0x7fd059c09ba0_0 .net "clk", 0 0, v0x7fd059c0a150_0;  1 drivers
v0x7fd059c09c30_0 .net "led", 7 0, L_0x7fd059c0a950;  alias, 1 drivers
v0x7fd059c09ce0_0 .net "sw", 5 0, v0x7fd059c0a2b0_0;  1 drivers
L_0x7fd059c0a340 .part v0x7fd059c0a2b0_0, 0, 1;
L_0x7fd059c0a440 .part v0x7fd059c0a2b0_0, 1, 1;
L_0x7fd059c0a4e0 .part v0x7fd059c0a2b0_0, 2, 1;
L_0x7fd059c0a640 .part v0x7fd059c0a2b0_0, 3, 1;
L_0x7fd059c0a6e0 .part v0x7fd059c0a2b0_0, 4, 1;
L_0x7fd059c0a7b0 .part v0x7fd059c0a2b0_0, 5, 1;
L_0x7fd059c0a850 .part v0x7fd059c09f20_0, 0, 1;
LS_0x7fd059c0a950_0_0 .concat8 [ 1 1 1 1], L_0x7fd059c0a340, L_0x7fd059c0a440, L_0x7fd059c0a4e0, L_0x7fd059c0a640;
LS_0x7fd059c0a950_0_4 .concat8 [ 1 1 1 1], L_0x7fd059c0a6e0, L_0x7fd059c0a7b0, L_0x7fd059c0a850, L_0x7fd059c0abc0;
L_0x7fd059c0a950 .concat8 [ 4 4 0 0], LS_0x7fd059c0a950_0_0, LS_0x7fd059c0a950_0_4;
L_0x7fd059c0abc0 .part v0x7fd059c09f20_0, 1, 1;
L_0x7fd059c0af70 .part v0x7fd059c0a2b0_0, 0, 2;
L_0x7fd059c0b110 .concat8 [ 1 1 0 0], v0x7fd059c08fe0_0, v0x7fd059c08f40_0;
L_0x7fd059c0b330 .part v0x7fd059c0a2b0_0, 2, 1;
L_0x7fd059c0b410 .part v0x7fd059c0a2b0_0, 3, 1;
L_0x7fd059c0b560 .part L_0x7fd059c0b110, 1, 1;
L_0x7fd059c0b760 .part v0x7fd059c0a2b0_0, 4, 1;
L_0x7fd059c0b8c0 .part v0x7fd059c0a2b0_0, 5, 1;
L_0x7fd059c0b960 .part L_0x7fd059c0b110, 0, 1;
L_0x7fd059c0ba90 .concat8 [ 1 1 1 1], L_0x7fd059c0b1b0, L_0x7fd059c0b220, L_0x7fd059c0b600, L_0x7fd059c0b670;
S_0x7fd059a11a40 .scope module, "DisableUnit" "DisableHandler" 3 34, 4 3 0, S_0x7fd059a21940;
 .timescale -9 -9;
    .port_info 0 /INPUT 2 "Disable";
    .port_info 1 /INPUT 1 "clk";
    .port_info 2 /OUTPUT 2 "Enable";
    .port_info 3 /OUTPUT 1 "Pause";
L_0x7fd059c0ad70 .functor NOT 1, v0x7fd059c07b30_0, C4<0>, C4<0>, C4<0>;
L_0x7fd059c0ae80 .functor NOT 1, v0x7fd059c07b30_0, C4<0>, C4<0>, C4<0>;
v0x7fd059a05e10_0 .net "Disable", 1 0, v0x7fd059c09f20_0;  alias, 1 drivers
v0x7fd059c07a70_0 .net "Enable", 1 0, L_0x7fd059c0ade0;  alias, 1 drivers
v0x7fd059c07b30_0 .var "Pause", 0 0;
v0x7fd059c07be0_0 .var "Timer", 26 0;
v0x7fd059c07c90_0 .net *"_ivl_2", 0 0, L_0x7fd059c0ad70;  1 drivers
v0x7fd059c07d80_0 .net *"_ivl_7", 0 0, L_0x7fd059c0ae80;  1 drivers
v0x7fd059c07e30_0 .net "clk", 0 0, v0x7fd059c0a150_0;  alias, 1 drivers
E_0x7fd059a210b0 .event posedge, v0x7fd059c07e30_0;
L_0x7fd059c0ade0 .concat8 [ 1 1 0 0], L_0x7fd059c0ae80, L_0x7fd059c0ad70;
S_0x7fd059c07f10 .scope module, "PWMEncoderUnit1" "PWMEncoder" 3 36, 5 19 0, S_0x7fd059a21940;
 .timescale -12 -12;
    .port_info 0 /INPUT 1 "swA";
    .port_info 1 /INPUT 1 "swB";
    .port_info 2 /INPUT 1 "Pulse";
    .port_info 3 /OUTPUT 1 "SerialOut1";
    .port_info 4 /OUTPUT 1 "SerialOut2";
L_0x7fd059c0b1b0 .functor AND 1, L_0x7fd059c0b330, L_0x7fd059c0b560, C4<1>, C4<1>;
L_0x7fd059c0b220 .functor AND 1, L_0x7fd059c0b410, L_0x7fd059c0b560, C4<1>, C4<1>;
v0x7fd059c08190_0 .net "Pulse", 0 0, L_0x7fd059c0b560;  1 drivers
v0x7fd059c08240_0 .net "SerialOut1", 0 0, L_0x7fd059c0b1b0;  1 drivers
v0x7fd059c082e0_0 .net "SerialOut2", 0 0, L_0x7fd059c0b220;  1 drivers
v0x7fd059c08390_0 .net "swA", 0 0, L_0x7fd059c0b330;  1 drivers
v0x7fd059c08430_0 .net "swB", 0 0, L_0x7fd059c0b410;  1 drivers
S_0x7fd059c08590 .scope module, "PWMEncoderUnit2" "PWMEncoder" 3 37, 5 19 0, S_0x7fd059a21940;
 .timescale -12 -12;
    .port_info 0 /INPUT 1 "swA";
    .port_info 1 /INPUT 1 "swB";
    .port_info 2 /INPUT 1 "Pulse";
    .port_info 3 /OUTPUT 1 "SerialOut1";
    .port_info 4 /OUTPUT 1 "SerialOut2";
L_0x7fd059c0b600 .functor AND 1, L_0x7fd059c0b760, L_0x7fd059c0b960, C4<1>, C4<1>;
L_0x7fd059c0b670 .functor AND 1, L_0x7fd059c0b8c0, L_0x7fd059c0b960, C4<1>, C4<1>;
v0x7fd059c087d0_0 .net "Pulse", 0 0, L_0x7fd059c0b960;  1 drivers
v0x7fd059c08870_0 .net "SerialOut1", 0 0, L_0x7fd059c0b600;  1 drivers
v0x7fd059c08910_0 .net "SerialOut2", 0 0, L_0x7fd059c0b670;  1 drivers
v0x7fd059c089c0_0 .net "swA", 0 0, L_0x7fd059c0b760;  1 drivers
v0x7fd059c08a60_0 .net "swB", 0 0, L_0x7fd059c0b8c0;  1 drivers
S_0x7fd059c08bc0 .scope module, "PwmUnit" "MotorPWM" 3 35, 6 20 0, S_0x7fd059a21940;
 .timescale -12 -12;
    .port_info 0 /INPUT 1 "clk";
    .port_info 1 /INPUT 2 "DutyCycle";
    .port_info 2 /OUTPUT 1 "PulseSignalA";
    .port_info 3 /OUTPUT 1 "PulseSignalB";
P_0x7fd059c08d80 .param/l "HalfDuty" 0 6 22, C4<01100001101010>;
v0x7fd059c08ea0_0 .net "DutyCycle", 1 0, L_0x7fd059c0af70;  1 drivers
v0x7fd059c08f40_0 .var "PulseSignalA", 0 0;
v0x7fd059c08fe0_0 .var "PulseSignalB", 0 0;
v0x7fd059c09070_0 .net "clk", 0 0, v0x7fd059c0a150_0;  alias, 1 drivers
v0x7fd059c09100_0 .var "count", 13 0;
    .scope S_0x7fd059a11a40;
T_0 ;
    %pushi/vec4 0, 0, 1;
    %store/vec4 v0x7fd059c07b30_0, 0, 1;
    %pushi/vec4 0, 0, 27;
    %store/vec4 v0x7fd059c07be0_0, 0, 27;
    %end;
    .thread T_0;
    .scope S_0x7fd059a11a40;
T_1 ;
    %wait E_0x7fd059a210b0;
    %load/vec4 v0x7fd059a05e10_0;
    %parti/s 1, 1, 2;
    %load/vec4 v0x7fd059a05e10_0;
    %parti/s 1, 0, 2;
    %or;
    %flag_set/vec4 8;
    %jmp/0xz  T_1.0, 8;
    %pushi/vec4 1, 0, 1;
    %assign/vec4 v0x7fd059c07b30_0, 0;
T_1.0 ;
    %load/vec4 v0x7fd059c07b30_0;
    %flag_set/vec4 8;
    %jmp/0xz  T_1.2, 8;
    %load/vec4 v0x7fd059c07be0_0;
    %addi 1, 0, 27;
    %assign/vec4 v0x7fd059c07be0_0, 0;
T_1.2 ;
    %load/vec4 v0x7fd059c07be0_0;
    %cmpi/u 7500, 0, 27;
    %flag_inv 5; GE is !LT
    %jmp/0xz  T_1.4, 5;
    %pushi/vec4 0, 0, 27;
    %assign/vec4 v0x7fd059c07be0_0, 0;
    %pushi/vec4 0, 0, 1;
    %assign/vec4 v0x7fd059c07b30_0, 0;
T_1.4 ;
    %jmp T_1;
    .thread T_1;
    .scope S_0x7fd059c08bc0;
T_2 ;
    %pushi/vec4 0, 0, 1;
    %store/vec4 v0x7fd059c08f40_0, 0, 1;
    %pushi/vec4 0, 0, 1;
    %store/vec4 v0x7fd059c08fe0_0, 0, 1;
    %pushi/vec4 0, 0, 14;
    %store/vec4 v0x7fd059c09100_0, 0, 14;
    %end;
    .thread T_2;
    .scope S_0x7fd059c08bc0;
T_3 ;
    %wait E_0x7fd059a210b0;
    %load/vec4 v0x7fd059c09100_0;
    %cmpi/u 12500, 0, 14;
    %flag_inv 5; GE is !LT
    %jmp/0xz  T_3.0, 5;
    %pushi/vec4 0, 0, 14;
    %store/vec4 v0x7fd059c09100_0, 0, 14;
    %load/vec4 v0x7fd059c09100_0;
    %addi 1, 0, 14;
    %store/vec4 v0x7fd059c09100_0, 0, 14;
    %jmp T_3.1;
T_3.0 ;
    %load/vec4 v0x7fd059c09100_0;
    %addi 1, 0, 14;
    %assign/vec4 v0x7fd059c09100_0, 0;
T_3.1 ;
    %load/vec4 v0x7fd059c08ea0_0;
    %parti/s 1, 1, 2;
    %load/vec4 v0x7fd059c08ea0_0;
    %parti/s 1, 0, 2;
    %concat/vec4; draw_concat_vec4
    %dup/vec4;
    %pushi/vec4 0, 0, 2;
    %cmp/u;
    %jmp/1 T_3.2, 6;
    %dup/vec4;
    %pushi/vec4 1, 0, 2;
    %cmp/u;
    %jmp/1 T_3.3, 6;
    %dup/vec4;
    %pushi/vec4 2, 0, 2;
    %cmp/u;
    %jmp/1 T_3.4, 6;
    %dup/vec4;
    %pushi/vec4 3, 0, 2;
    %cmp/u;
    %jmp/1 T_3.5, 6;
    %pushi/vec4 0, 0, 2;
    %split/vec4 1;
    %store/vec4 v0x7fd059c08f40_0, 0, 1;
    %store/vec4 v0x7fd059c08f40_0, 0, 1;
    %jmp T_3.7;
T_3.2 ;
    %load/vec4 v0x7fd059c09100_0;
    %cmpi/u 6250, 0, 14;
    %flag_or 5, 4;
    %jmp/0xz  T_3.8, 5;
    %pushi/vec4 3, 0, 2;
    %split/vec4 1;
    %assign/vec4 v0x7fd059c08fe0_0, 0;
    %assign/vec4 v0x7fd059c08f40_0, 0;
    %jmp T_3.9;
T_3.8 ;
    %pushi/vec4 0, 0, 2;
    %split/vec4 1;
    %assign/vec4 v0x7fd059c08fe0_0, 0;
    %assign/vec4 v0x7fd059c08f40_0, 0;
T_3.9 ;
    %jmp T_3.7;
T_3.3 ;
    %load/vec4 v0x7fd059c09100_0;
    %cmpi/u 6250, 0, 14;
    %flag_or 5, 4;
    %jmp/0xz  T_3.10, 5;
    %pushi/vec4 1, 0, 1;
    %assign/vec4 v0x7fd059c08fe0_0, 0;
    %jmp T_3.11;
T_3.10 ;
    %pushi/vec4 0, 0, 1;
    %store/vec4 v0x7fd059c08fe0_0, 0, 1;
T_3.11 ;
    %pushi/vec4 1, 0, 1;
    %store/vec4 v0x7fd059c08f40_0, 0, 1;
    %jmp T_3.7;
T_3.4 ;
    %load/vec4 v0x7fd059c09100_0;
    %cmpi/u 6250, 0, 14;
    %flag_or 5, 4;
    %jmp/0xz  T_3.12, 5;
    %pushi/vec4 1, 0, 1;
    %assign/vec4 v0x7fd059c08f40_0, 0;
    %jmp T_3.13;
T_3.12 ;
    %pushi/vec4 0, 0, 1;
    %store/vec4 v0x7fd059c08f40_0, 0, 1;
T_3.13 ;
    %pushi/vec4 1, 0, 1;
    %store/vec4 v0x7fd059c08fe0_0, 0, 1;
    %jmp T_3.7;
T_3.5 ;
    %pushi/vec4 3, 0, 2;
    %split/vec4 1;
    %store/vec4 v0x7fd059c08fe0_0, 0, 1;
    %store/vec4 v0x7fd059c08f40_0, 0, 1;
    %jmp T_3.7;
T_3.7 ;
    %pop/vec4 1;
    %jmp T_3;
    .thread T_3;
    .scope S_0x7fd059a23190;
T_4 ;
    %pushi/vec4 0, 0, 6;
    %store/vec4 v0x7fd059c0a2b0_0, 0, 6;
    %pushi/vec4 0, 0, 2;
    %store/vec4 v0x7fd059c09f20_0, 0, 2;
    %pushi/vec4 0, 0, 1;
    %store/vec4 v0x7fd059c0a150_0, 0, 1;
    %end;
    .thread T_4;
    .scope S_0x7fd059a23190;
T_5 ;
    %delay 1000, 0;
    %load/vec4 v0x7fd059c0a150_0;
    %inv;
    %store/vec4 v0x7fd059c0a150_0, 0, 1;
    %jmp T_5;
    .thread T_5;
    .scope S_0x7fd059a23190;
T_6 ;
    %vpi_call 2 25 "$dumpfile", "waveform.vcd" {0 0 0};
    %vpi_call 2 26 "$dumpvars", 32'sb00000000000000000000000000000000, S_0x7fd059a23190 {0 0 0};
    %pushi/vec4 1, 0, 1;
    %ix/load 4, 2, 0;
    %flag_set/imm 4, 0;
    %store/vec4 v0x7fd059c0a2b0_0, 4, 1;
    %pushi/vec4 1, 0, 1;
    %ix/load 4, 4, 0;
    %flag_set/imm 4, 0;
    %store/vec4 v0x7fd059c0a2b0_0, 4, 1;
    %delay 50000000, 0;
    %pushi/vec4 1, 0, 1;
    %ix/load 4, 1, 0;
    %flag_set/imm 4, 0;
    %store/vec4 v0x7fd059c0a2b0_0, 4, 1;
    %delay 50000000, 0;
    %pushi/vec4 1, 0, 1;
    %ix/load 4, 1, 0;
    %flag_set/imm 4, 0;
    %store/vec4 v0x7fd059c09f20_0, 4, 1;
    %delay 20000000, 0;
    %pushi/vec4 0, 0, 1;
    %ix/load 4, 1, 0;
    %flag_set/imm 4, 0;
    %store/vec4 v0x7fd059c09f20_0, 4, 1;
    %delay 30000000, 0;
    %vpi_call 2 36 "$finish" {0 0 0};
    %end;
    .thread T_6;
# The file index is used to find the file name in the following table.
:file_names 7;
    "N/A";
    "<interactive>";
    "MainProject/DriveTrain/DriveTrainTop/DTC_TB.v";
    "/Users/nicholasrethans/Documents/GitHub/ECE-3331-Robotics-Project-Lab/MainProject/DriveTrain/DriveTrainTop/DriveTrainControl.v";
    "/Users/nicholasrethans/Documents/GitHub/ECE-3331-Robotics-Project-Lab/MainProject/DriveTrain/DisableHandler/DisableHandler.v";
    "/Users/nicholasrethans/Documents/GitHub/ECE-3331-Robotics-Project-Lab/MainProject/DriveTrain/MotorEncoder/MotorEncoder.v";
    "/Users/nicholasrethans/Documents/GitHub/ECE-3331-Robotics-Project-Lab/MainProject/DriveTrain/MotorPWM/MotorPWM.v";
