#! /c/Source/iverilog-install/bin/vvp
:ivl_version "12.0 (devel)" "(s20150603-1539-g2693dd32b)";
:ivl_delay_selection "TYPICAL";
:vpi_time_precision + 0;
:vpi_module "C:\iverilog\lib\ivl\system.vpi";
:vpi_module "C:\iverilog\lib\ivl\vhdl_sys.vpi";
:vpi_module "C:\iverilog\lib\ivl\vhdl_textio.vpi";
:vpi_module "C:\iverilog\lib\ivl\v2005_math.vpi";
:vpi_module "C:\iverilog\lib\ivl\va_math.vpi";
S_000002c62858bb70 .scope module, "testbench" "testbench" 2 45;
 .timescale 0 0;
v000002c6285865c0_0 .net "Hz", 10 0, v000002c62858bda0_0;  1 drivers
v000002c628586660_0 .var "JA1", 0 0;
v000002c628586700_0 .var "clk", 0 0;
S_000002c62858dd30 .scope module, "UUT" "InputCounter" 2 48, 2 32 0, S_000002c62858bb70;
 .timescale 0 0;
    .port_info 0 /INPUT 1 "clk";
    .port_info 1 /INPUT 1 "JA1";
    .port_info 2 /OUTPUT 11 "Hz";
v000002c62858bda0_0 .var "Hz", 10 0;
v000002c628586340_0 .net "JA1", 0 0, v000002c628586660_0;  1 drivers
v000002c6285863e0_0 .net "OneSecond", 0 0, v000002c62858e050_0;  1 drivers
v000002c628586480_0 .net "clk", 0 0, v000002c628586700_0;  1 drivers
v000002c628586520_0 .var "count", 10 0;
E_000002c6285da1b0 .event anyedge, v000002c62858e050_0;
E_000002c6285da230 .event anyedge, v000002c628586340_0;
S_000002c62858dec0 .scope module, "U0" "OneSecondTimer" 2 35, 2 18 0, S_000002c62858dd30;
 .timescale 0 0;
    .port_info 0 /INPUT 1 "clk";
    .port_info 1 /OUTPUT 1 "OneSecond";
v000002c62858e050_0 .var "OneSecond", 0 0;
v000002c62858e0f0_0 .net "clk", 0 0, v000002c628586700_0;  alias, 1 drivers
v000002c62858bd00_0 .var "count", 27 0;
E_000002c62858cb50 .event posedge, v000002c62858e0f0_0;
    .scope S_000002c62858dec0;
T_0 ;
    %pushi/vec4 1, 0, 1;
    %store/vec4 v000002c62858e050_0, 0, 1;
    %pushi/vec4 0, 0, 28;
    %store/vec4 v000002c62858bd00_0, 0, 28;
    %end;
    .thread T_0;
    .scope S_000002c62858dec0;
T_1 ;
    %wait E_000002c62858cb50;
    %load/vec4 v000002c62858bd00_0;
    %pad/u 32;
    %cmpi/e 50, 0, 32;
    %jmp/0xz  T_1.0, 4;
    %pushi/vec4 0, 0, 28;
    %store/vec4 v000002c62858bd00_0, 0, 28;
    %load/vec4 v000002c62858e050_0;
    %inv;
    %store/vec4 v000002c62858e050_0, 0, 1;
    %load/vec4 v000002c62858bd00_0;
    %addi 1, 0, 28;
    %store/vec4 v000002c62858bd00_0, 0, 28;
    %jmp T_1.1;
T_1.0 ;
    %load/vec4 v000002c62858bd00_0;
    %addi 1, 0, 28;
    %assign/vec4 v000002c62858bd00_0, 0;
T_1.1 ;
    %jmp T_1;
    .thread T_1;
    .scope S_000002c62858dd30;
T_2 ;
    %pushi/vec4 0, 0, 11;
    %store/vec4 v000002c62858bda0_0, 0, 11;
    %end;
    .thread T_2;
    .scope S_000002c62858dd30;
T_3 ;
    %wait E_000002c6285da230;
    %load/vec4 v000002c628586520_0;
    %addi 1, 0, 11;
    %assign/vec4 v000002c628586520_0, 0;
    %jmp T_3;
    .thread T_3, $push;
    .scope S_000002c62858dd30;
T_4 ;
    %wait E_000002c6285da1b0;
    %load/vec4 v000002c628586520_0;
    %store/vec4 v000002c62858bda0_0, 0, 11;
    %pushi/vec4 0, 0, 11;
    %store/vec4 v000002c628586520_0, 0, 11;
    %jmp T_4;
    .thread T_4, $push;
    .scope S_000002c62858bb70;
T_5 ;
    %pushi/vec4 0, 0, 1;
    %store/vec4 v000002c628586660_0, 0, 1;
    %pushi/vec4 0, 0, 1;
    %store/vec4 v000002c628586700_0, 0, 1;
    %end;
    .thread T_5;
    .scope S_000002c62858bb70;
T_6 ;
    %load/vec4 v000002c628586700_0;
    %inv;
    %store/vec4 v000002c628586700_0, 0, 1;
    %delay 1, 0;
    %jmp T_6;
    .thread T_6;
    .scope S_000002c62858bb70;
T_7 ;
    %vpi_call 2 55 "$dumpfile", "waveform.vcd" {0 0 0};
    %vpi_call 2 56 "$dumpvars", 32'sb00000000000000000000000000000000, S_000002c62858bb70 {0 0 0};
    %delay 100, 0;
    %delay 10, 0;
    %pushi/vec4 1, 0, 1;
    %store/vec4 v000002c628586660_0, 0, 1;
    %delay 10, 0;
    %pushi/vec4 0, 0, 1;
    %store/vec4 v000002c628586660_0, 0, 1;
    %delay 10, 0;
    %pushi/vec4 1, 0, 1;
    %store/vec4 v000002c628586660_0, 0, 1;
    %delay 10, 0;
    %pushi/vec4 0, 0, 1;
    %store/vec4 v000002c628586660_0, 0, 1;
    %delay 10, 0;
    %pushi/vec4 1, 0, 1;
    %store/vec4 v000002c628586660_0, 0, 1;
    %delay 10, 0;
    %pushi/vec4 0, 0, 1;
    %store/vec4 v000002c628586660_0, 0, 1;
    %delay 10, 0;
    %pushi/vec4 1, 0, 1;
    %store/vec4 v000002c628586660_0, 0, 1;
    %delay 40, 0;
    %vpi_call 2 73 "$finish" {0 0 0};
    %end;
    .thread T_7;
# The file index is used to find the file name in the following table.
:file_names 3;
    "N/A";
    "<interactive>";
    "InputCounter.v";
