#! /c/Source/iverilog-install/bin/vvp
:ivl_version "12.0 (devel)" "(s20150603-1539-g2693dd32b)";
:ivl_delay_selection "TYPICAL";
:vpi_time_precision + 0;
:vpi_module "C:\iverilog\lib\ivl\system.vpi";
:vpi_module "C:\iverilog\lib\ivl\vhdl_sys.vpi";
:vpi_module "C:\iverilog\lib\ivl\vhdl_textio.vpi";
:vpi_module "C:\iverilog\lib\ivl\v2005_math.vpi";
:vpi_module "C:\iverilog\lib\ivl\va_math.vpi";
S_00000244f9a94630 .scope module, "testbench" "testbench" 2 2;
 .timescale 0 0;
v00000244f9aa2a50_0 .var "CLK", 0 0;
v00000244f9aa3860_0 .net "Direction", 0 0, v00000244f9a56720_0;  1 drivers
v00000244f9aa30e0_0 .var "LeftMic", 0 0;
v00000244f9aa2d20_0 .var "RightMic", 0 0;
S_00000244f9a5db90 .scope module, "UUT" "MicFFs" 2 5, 3 28 0, S_00000244f9a94630;
 .timescale 0 0;
    .port_info 0 /INPUT 1 "CLK";
    .port_info 1 /INPUT 1 "RightMic";
    .port_info 2 /INPUT 1 "LeftMic";
    .port_info 3 /OUTPUT 1 "Direction";
v00000244f9a567c0_0 .net "CLK", 0 0, v00000244f9aa2a50_0;  1 drivers
v00000244f9a56860_0 .net "Direction", 0 0, v00000244f9a56720_0;  alias, 1 drivers
v00000244f9aa2730_0 .var "LMic", 0 0;
v00000244f9aa27d0_0 .net "LeftMic", 0 0, v00000244f9aa30e0_0;  1 drivers
v00000244f9aa2870_0 .var "RMic", 0 0;
v00000244f9aa2910_0 .net "RightMic", 0 0, v00000244f9aa2d20_0;  1 drivers
v00000244f9aa29b0_0 .net "W1", 0 0, v00000244f9a5deb0_0;  1 drivers
E_00000244f9a95530 .event negedge, v00000244f9a5df50_0;
S_00000244f9a5dd20 .scope module, "U0" "FF" 3 39, 3 20 0, S_00000244f9a5db90;
 .timescale 0 0;
    .port_info 0 /INPUT 1 "CLK";
    .port_info 1 /INPUT 1 "D";
    .port_info 2 /OUTPUT 1 "Q";
v00000244f9a5ad80_0 .net "CLK", 0 0, v00000244f9aa2730_0;  1 drivers
v00000244f9a5bed0_0 .net "D", 0 0, v00000244f9aa2870_0;  1 drivers
v00000244f9a5deb0_0 .var "Q", 0 0;
E_00000244f9a953f0 .event posedge, v00000244f9a5ad80_0;
S_00000244f9a564f0 .scope module, "U1" "FF" 3 40, 3 20 0, S_00000244f9a5db90;
 .timescale 0 0;
    .port_info 0 /INPUT 1 "CLK";
    .port_info 1 /INPUT 1 "D";
    .port_info 2 /OUTPUT 1 "Q";
v00000244f9a5df50_0 .net "CLK", 0 0, v00000244f9aa2a50_0;  alias, 1 drivers
v00000244f9a56680_0 .net "D", 0 0, v00000244f9a5deb0_0;  alias, 1 drivers
v00000244f9a56720_0 .var "Q", 0 0;
E_00000244f9a95cb0 .event posedge, v00000244f9a5df50_0;
    .scope S_00000244f9a5dd20;
T_0 ;
    %pushi/vec4 0, 0, 1;
    %store/vec4 v00000244f9a5deb0_0, 0, 1;
    %end;
    .thread T_0;
    .scope S_00000244f9a5dd20;
T_1 ;
    %wait E_00000244f9a953f0;
    %load/vec4 v00000244f9a5bed0_0;
    %store/vec4 v00000244f9a5deb0_0, 0, 1;
    %jmp T_1;
    .thread T_1;
    .scope S_00000244f9a564f0;
T_2 ;
    %pushi/vec4 0, 0, 1;
    %store/vec4 v00000244f9a56720_0, 0, 1;
    %end;
    .thread T_2;
    .scope S_00000244f9a564f0;
T_3 ;
    %wait E_00000244f9a95cb0;
    %load/vec4 v00000244f9a56680_0;
    %store/vec4 v00000244f9a56720_0, 0, 1;
    %jmp T_3;
    .thread T_3;
    .scope S_00000244f9a5db90;
T_4 ;
    %pushi/vec4 0, 0, 1;
    %store/vec4 v00000244f9aa2870_0, 0, 1;
    %pushi/vec4 0, 0, 1;
    %store/vec4 v00000244f9aa2730_0, 0, 1;
    %end;
    .thread T_4;
    .scope S_00000244f9a5db90;
T_5 ;
    %wait E_00000244f9a95cb0;
    %load/vec4 v00000244f9aa2910_0;
    %store/vec4 v00000244f9aa2870_0, 0, 1;
    %load/vec4 v00000244f9aa27d0_0;
    %store/vec4 v00000244f9aa2730_0, 0, 1;
    %jmp T_5;
    .thread T_5;
    .scope S_00000244f9a5db90;
T_6 ;
    %wait E_00000244f9a95530;
    %load/vec4 v00000244f9aa2910_0;
    %store/vec4 v00000244f9aa2870_0, 0, 1;
    %load/vec4 v00000244f9aa27d0_0;
    %store/vec4 v00000244f9aa2730_0, 0, 1;
    %jmp T_6;
    .thread T_6;
    .scope S_00000244f9a94630;
T_7 ;
    %pushi/vec4 0, 0, 1;
    %store/vec4 v00000244f9aa2a50_0, 0, 1;
    %pushi/vec4 0, 0, 1;
    %store/vec4 v00000244f9aa2d20_0, 0, 1;
    %pushi/vec4 0, 0, 1;
    %store/vec4 v00000244f9aa30e0_0, 0, 1;
    %end;
    .thread T_7;
    .scope S_00000244f9a94630;
T_8 ;
    %load/vec4 v00000244f9aa2a50_0;
    %inv;
    %store/vec4 v00000244f9aa2a50_0, 0, 1;
    %delay 1, 0;
    %jmp T_8;
    .thread T_8;
    .scope S_00000244f9a94630;
T_9 ;
    %load/vec4 v00000244f9aa2d20_0;
    %inv;
    %store/vec4 v00000244f9aa2d20_0, 0, 1;
    %delay 4, 0;
    %jmp T_9;
    .thread T_9;
    .scope S_00000244f9a94630;
T_10 ;
    %vpi_call 2 14 "$dumpfile", "waveform.vcd" {0 0 0};
    %vpi_call 2 15 "$dumpvars", 32'sb00000000000000000000000000000000, S_00000244f9a94630 {0 0 0};
    %delay 1, 0;
    %pushi/vec4 1, 0, 1;
    %store/vec4 v00000244f9aa30e0_0, 0, 1;
    %delay 4, 0;
    %pushi/vec4 0, 0, 1;
    %store/vec4 v00000244f9aa30e0_0, 0, 1;
    %delay 4, 0;
    %pushi/vec4 1, 0, 1;
    %store/vec4 v00000244f9aa30e0_0, 0, 1;
    %delay 4, 0;
    %pushi/vec4 0, 0, 1;
    %store/vec4 v00000244f9aa30e0_0, 0, 1;
    %delay 4, 0;
    %pushi/vec4 1, 0, 1;
    %store/vec4 v00000244f9aa30e0_0, 0, 1;
    %delay 4, 0;
    %pushi/vec4 0, 0, 1;
    %store/vec4 v00000244f9aa30e0_0, 0, 1;
    %delay 4, 0;
    %pushi/vec4 1, 0, 1;
    %store/vec4 v00000244f9aa30e0_0, 0, 1;
    %delay 4, 0;
    %pushi/vec4 0, 0, 1;
    %store/vec4 v00000244f9aa30e0_0, 0, 1;
    %delay 4, 0;
    %pushi/vec4 1, 0, 1;
    %store/vec4 v00000244f9aa30e0_0, 0, 1;
    %delay 4, 0;
    %pushi/vec4 0, 0, 1;
    %store/vec4 v00000244f9aa30e0_0, 0, 1;
    %delay 4, 0;
    %pushi/vec4 1, 0, 1;
    %store/vec4 v00000244f9aa30e0_0, 0, 1;
    %delay 6, 0;
    %pushi/vec4 0, 0, 1;
    %store/vec4 v00000244f9aa30e0_0, 0, 1;
    %delay 4, 0;
    %pushi/vec4 1, 0, 1;
    %store/vec4 v00000244f9aa30e0_0, 0, 1;
    %delay 4, 0;
    %pushi/vec4 0, 0, 1;
    %store/vec4 v00000244f9aa30e0_0, 0, 1;
    %delay 4, 0;
    %pushi/vec4 1, 0, 1;
    %store/vec4 v00000244f9aa30e0_0, 0, 1;
    %delay 4, 0;
    %pushi/vec4 0, 0, 1;
    %store/vec4 v00000244f9aa30e0_0, 0, 1;
    %delay 4, 0;
    %pushi/vec4 1, 0, 1;
    %store/vec4 v00000244f9aa30e0_0, 0, 1;
    %delay 4, 0;
    %pushi/vec4 0, 0, 1;
    %store/vec4 v00000244f9aa30e0_0, 0, 1;
    %delay 8, 0;
    %pushi/vec4 1, 0, 1;
    %store/vec4 v00000244f9aa30e0_0, 0, 1;
    %delay 4, 0;
    %pushi/vec4 0, 0, 1;
    %store/vec4 v00000244f9aa30e0_0, 0, 1;
    %delay 4, 0;
    %pushi/vec4 1, 0, 1;
    %store/vec4 v00000244f9aa30e0_0, 0, 1;
    %delay 4, 0;
    %pushi/vec4 0, 0, 1;
    %store/vec4 v00000244f9aa30e0_0, 0, 1;
    %delay 4, 0;
    %pushi/vec4 1, 0, 1;
    %store/vec4 v00000244f9aa30e0_0, 0, 1;
    %delay 4, 0;
    %pushi/vec4 0, 0, 1;
    %store/vec4 v00000244f9aa30e0_0, 0, 1;
    %delay 4, 0;
    %pushi/vec4 1, 0, 1;
    %store/vec4 v00000244f9aa30e0_0, 0, 1;
    %delay 4, 0;
    %pushi/vec4 0, 0, 1;
    %store/vec4 v00000244f9aa30e0_0, 0, 1;
    %delay 4, 0;
    %pushi/vec4 1, 0, 1;
    %store/vec4 v00000244f9aa30e0_0, 0, 1;
    %delay 4, 0;
    %pushi/vec4 0, 0, 1;
    %store/vec4 v00000244f9aa30e0_0, 0, 1;
    %delay 4, 0;
    %pushi/vec4 1, 0, 1;
    %store/vec4 v00000244f9aa30e0_0, 0, 1;
    %delay 4, 0;
    %pushi/vec4 0, 0, 1;
    %store/vec4 v00000244f9aa30e0_0, 0, 1;
    %vpi_call 2 47 "$finish" {0 0 0};
    %end;
    .thread T_10;
# The file index is used to find the file name in the following table.
:file_names 4;
    "N/A";
    "<interactive>";
    "MainProject\Sensors\Microphone\MicrophoneFF_TB.v";
    "./MainProject/Sensors/Microphone/MicrophoneFFs.v";
