#! /usr/local/Cellar/icarus-verilog/12.0/bin/vvp
:ivl_version "12.0 (stable)";
:ivl_delay_selection "TYPICAL";
:vpi_time_precision + 0;
:vpi_module "/usr/local/Cellar/icarus-verilog/12.0/lib/ivl/system.vpi";
:vpi_module "/usr/local/Cellar/icarus-verilog/12.0/lib/ivl/vhdl_sys.vpi";
:vpi_module "/usr/local/Cellar/icarus-verilog/12.0/lib/ivl/vhdl_textio.vpi";
:vpi_module "/usr/local/Cellar/icarus-verilog/12.0/lib/ivl/v2005_math.vpi";
:vpi_module "/usr/local/Cellar/icarus-verilog/12.0/lib/ivl/va_math.vpi";
S_0x7fc33a504180 .scope module, "SlowClk" "SlowClk" 2 23;
 .timescale 0 0;
    .port_info 0 /INPUT 1 "clk_fast";
    .port_info 1 /OUTPUT 1 "clk_slow";
o0x7fc33a032008 .functor BUFZ 1, C4<z>; HiZ drive
v0x7fc33a504500_0 .net "clk_fast", 0 0, o0x7fc33a032008;  0 drivers
v0x7fc33a5145a0_0 .net "clk_slow", 0 0, L_0x7fc33a519b30;  1 drivers
v0x7fc33a514640_0 .var "count", 18 0;
E_0x7fc33a5044c0 .event posedge, v0x7fc33a504500_0;
L_0x7fc33a519b30 .part v0x7fc33a514640_0, 18, 1;
S_0x7fc33a504340 .scope module, "testbench" "testbench" 3 3;
 .timescale 0 0;
v0x7fc33a5198d0_0 .var "JA1", 0 0;
v0x7fc33a519970_0 .net "anodes", 7 0, v0x7fc33a5182f0_0;  1 drivers
v0x7fc33a519a10_0 .net "cathodes", 3 0, v0x7fc33a518710_0;  1 drivers
v0x7fc33a519aa0_0 .var "clk", 0 0;
S_0x7fc33a514710 .scope begin, "$ivl_for_loop0" "$ivl_for_loop0" 3 17, 3 17 0, S_0x7fc33a504340;
 .timescale 0 0;
v0x7fc33a5148d0_0 .var/i "i", 31 0;
S_0x7fc33a514990 .scope module, "UUT" "MiniProjectTop" 3 11, 4 25 0, S_0x7fc33a504340;
 .timescale 0 0;
    .port_info 0 /INPUT 1 "clk";
    .port_info 1 /INPUT 1 "JA1";
    .port_info 2 /OUTPUT 4 "cathodes";
    .port_info 3 /OUTPUT 8 "anodes";
v0x7fc33a519230_0 .net "Hundreds_Data", 3 0, v0x7fc33a515c80_0;  1 drivers
v0x7fc33a519360_0 .net "JA1", 0 0, v0x7fc33a5198d0_0;  1 drivers
v0x7fc33a5193f0_0 .net "Ones_Data", 3 0, v0x7fc33a515df0_0;  1 drivers
v0x7fc33a519500_0 .net "Tens_Data", 3 0, v0x7fc33a515ea0_0;  1 drivers
v0x7fc33a519610_0 .net "Thousands_Data", 3 0, v0x7fc33a515f50_0;  1 drivers
v0x7fc33a519720_0 .net "anodes", 7 0, v0x7fc33a5182f0_0;  alias, 1 drivers
v0x7fc33a5197b0_0 .net "cathodes", 3 0, v0x7fc33a518710_0;  alias, 1 drivers
v0x7fc33a519840_0 .net "clk", 0 0, v0x7fc33a519aa0_0;  1 drivers
S_0x7fc33a514be0 .scope module, "Unit0" "MicSignalHandlerTop" 4 27, 5 25 0, S_0x7fc33a514990;
 .timescale 0 0;
    .port_info 0 /INPUT 1 "clk";
    .port_info 1 /INPUT 1 "JA1";
    .port_info 2 /OUTPUT 4 "Thousands_Data";
    .port_info 3 /OUTPUT 4 "Hundreds_Data";
    .port_info 4 /OUTPUT 4 "Tens_Data";
    .port_info 5 /OUTPUT 4 "Ones_Data";
v0x7fc33a516170_0 .net "Binary_Hz", 9 0, v0x7fc33a515600_0;  1 drivers
v0x7fc33a516240_0 .net "Hundreds_Data", 3 0, v0x7fc33a515c80_0;  alias, 1 drivers
v0x7fc33a5162d0_0 .net "JA1", 0 0, v0x7fc33a5198d0_0;  alias, 1 drivers
v0x7fc33a516380_0 .net "Ones_Data", 3 0, v0x7fc33a515df0_0;  alias, 1 drivers
v0x7fc33a516430_0 .net "Tens_Data", 3 0, v0x7fc33a515ea0_0;  alias, 1 drivers
v0x7fc33a516500_0 .net "Thousands_Data", 3 0, v0x7fc33a515f50_0;  alias, 1 drivers
v0x7fc33a5165b0_0 .net "clk", 0 0, v0x7fc33a519aa0_0;  alias, 1 drivers
S_0x7fc33a514e60 .scope module, "Unit0" "HzCounter" 5 28, 6 22 0, S_0x7fc33a514be0;
 .timescale 0 0;
    .port_info 0 /INPUT 1 "clk";
    .port_info 1 /INPUT 1 "JA1";
    .port_info 2 /OUTPUT 10 "Hz";
v0x7fc33a515600_0 .var "Hz", 9 0;
v0x7fc33a5156b0_0 .net "JA1", 0 0, v0x7fc33a5198d0_0;  alias, 1 drivers
v0x7fc33a515750_0 .net "OneSecond", 0 0, v0x7fc33a5153c0_0;  1 drivers
v0x7fc33a515820_0 .net "clk", 0 0, v0x7fc33a519aa0_0;  alias, 1 drivers
v0x7fc33a5158d0_0 .var "count", 9 0;
E_0x7fc33a5150a0 .event anyedge, v0x7fc33a5153c0_0;
E_0x7fc33a515100 .event posedge, v0x7fc33a5156b0_0;
S_0x7fc33a515150 .scope module, "U0" "OneSecondTimer" 6 25, 7 19 0, S_0x7fc33a514e60;
 .timescale 0 0;
    .port_info 0 /INPUT 1 "clk";
    .port_info 1 /OUTPUT 1 "OneSecond";
v0x7fc33a5153c0_0 .var "OneSecond", 0 0;
v0x7fc33a515470_0 .net "clk", 0 0, v0x7fc33a519aa0_0;  alias, 1 drivers
v0x7fc33a515510_0 .var "count", 27 0;
E_0x7fc33a515360 .event posedge, v0x7fc33a515470_0;
S_0x7fc33a5159c0 .scope module, "Unit1" "BCD_Converter" 5 29, 8 20 0, S_0x7fc33a514be0;
 .timescale 0 0;
    .port_info 0 /INPUT 10 "Hz";
    .port_info 1 /OUTPUT 4 "Thousands_Data";
    .port_info 2 /OUTPUT 4 "Hundreds_Data";
    .port_info 3 /OUTPUT 4 "Tens_Data";
    .port_info 4 /OUTPUT 4 "Ones_Data";
v0x7fc33a515c80_0 .var "Hundreds_Data", 3 0;
v0x7fc33a515d30_0 .net "Hz", 9 0, v0x7fc33a515600_0;  alias, 1 drivers
v0x7fc33a515df0_0 .var "Ones_Data", 3 0;
v0x7fc33a515ea0_0 .var "Tens_Data", 3 0;
v0x7fc33a515f50_0 .var "Thousands_Data", 3 0;
v0x7fc33a516040_0 .var "temp", 9 0;
E_0x7fc33a515c40 .event anyedge, v0x7fc33a515600_0, v0x7fc33a516040_0;
S_0x7fc33a5166e0 .scope module, "Unit1" "DisplayTop" 4 28, 9 26 0, S_0x7fc33a514990;
 .timescale 0 0;
    .port_info 0 /INPUT 1 "clk";
    .port_info 1 /INPUT 4 "Thousands_Data";
    .port_info 2 /INPUT 4 "Hundreds_Data";
    .port_info 3 /INPUT 4 "Tens_Data";
    .port_info 4 /INPUT 4 "Ones_Data";
    .port_info 5 /OUTPUT 4 "cathode";
    .port_info 6 /OUTPUT 8 "segmentout";
v0x7fc33a5188e0_0 .net "Hundreds_Data", 3 0, v0x7fc33a515c80_0;  alias, 1 drivers
v0x7fc33a518970_0 .net "Ones_Data", 3 0, v0x7fc33a515df0_0;  alias, 1 drivers
v0x7fc33a518a00_0 .net "Tens_Data", 3 0, v0x7fc33a515ea0_0;  alias, 1 drivers
v0x7fc33a518ab0_0 .net "Thousands_Data", 3 0, v0x7fc33a515f50_0;  alias, 1 drivers
v0x7fc33a518b50_0 .net "cathode", 3 0, v0x7fc33a518710_0;  alias, 1 drivers
v0x7fc33a518c30_0 .net "clk", 0 0, v0x7fc33a519aa0_0;  alias, 1 drivers
v0x7fc33a518d40_0 .net "decoder1", 7 0, v0x7fc33a516ca0_0;  1 drivers
v0x7fc33a518dd0_0 .net "decoder2", 7 0, v0x7fc33a5170a0_0;  1 drivers
v0x7fc33a518eb0_0 .net "decoder3", 7 0, v0x7fc33a5174b0_0;  1 drivers
v0x7fc33a518fc0_0 .net "decoder4", 7 0, v0x7fc33a5178b0_0;  1 drivers
v0x7fc33a519090_0 .net "segmentout", 7 0, v0x7fc33a5182f0_0;  alias, 1 drivers
v0x7fc33a519120_0 .net "sync", 1 0, v0x7fc33a517c40_0;  1 drivers
S_0x7fc33a516990 .scope module, "U1" "Digit_Decoder" 9 36, 10 22 0, S_0x7fc33a5166e0;
 .timescale 0 0;
    .port_info 0 /INPUT 4 "data";
    .port_info 1 /OUTPUT 8 "segments";
v0x7fc33a516bb0_0 .net "data", 3 0, v0x7fc33a515f50_0;  alias, 1 drivers
v0x7fc33a516ca0_0 .var "segments", 7 0;
E_0x7fc33a516b50 .event anyedge, v0x7fc33a515f50_0;
S_0x7fc33a516d60 .scope module, "U2" "Digit_Decoder" 9 37, 10 22 0, S_0x7fc33a5166e0;
 .timescale 0 0;
    .port_info 0 /INPUT 4 "data";
    .port_info 1 /OUTPUT 8 "segments";
v0x7fc33a516fb0_0 .net "data", 3 0, v0x7fc33a515c80_0;  alias, 1 drivers
v0x7fc33a5170a0_0 .var "segments", 7 0;
E_0x7fc33a516f50 .event anyedge, v0x7fc33a515c80_0;
S_0x7fc33a517160 .scope module, "U3" "Digit_Decoder" 9 38, 10 22 0, S_0x7fc33a5166e0;
 .timescale 0 0;
    .port_info 0 /INPUT 4 "data";
    .port_info 1 /OUTPUT 8 "segments";
v0x7fc33a5173c0_0 .net "data", 3 0, v0x7fc33a515ea0_0;  alias, 1 drivers
v0x7fc33a5174b0_0 .var "segments", 7 0;
E_0x7fc33a517370 .event anyedge, v0x7fc33a515ea0_0;
S_0x7fc33a517570 .scope module, "U4" "Digit_Decoder" 9 39, 10 22 0, S_0x7fc33a5166e0;
 .timescale 0 0;
    .port_info 0 /INPUT 4 "data";
    .port_info 1 /OUTPUT 8 "segments";
v0x7fc33a5177c0_0 .net "data", 3 0, v0x7fc33a515df0_0;  alias, 1 drivers
v0x7fc33a5178b0_0 .var "segments", 7 0;
E_0x7fc33a517760 .event anyedge, v0x7fc33a515df0_0;
S_0x7fc33a517970 .scope module, "U5" "SyncCounter" 9 40, 11 18 0, S_0x7fc33a5166e0;
 .timescale 0 0;
    .port_info 0 /INPUT 1 "clk";
    .port_info 1 /OUTPUT 2 "sync_count";
v0x7fc33a517ba0_0 .net "clk", 0 0, v0x7fc33a519aa0_0;  alias, 1 drivers
v0x7fc33a517c40_0 .var "sync_count", 1 0;
S_0x7fc33a517d00 .scope module, "U6" "DisplayMUX" 9 41, 12 19 0, S_0x7fc33a5166e0;
 .timescale 0 0;
    .port_info 0 /INPUT 8 "segment1";
    .port_info 1 /INPUT 8 "segment2";
    .port_info 2 /INPUT 8 "segment3";
    .port_info 3 /INPUT 8 "segment4";
    .port_info 4 /INPUT 2 "sync_count";
    .port_info 5 /OUTPUT 8 "segmentout";
v0x7fc33a517ff0_0 .net "segment1", 7 0, v0x7fc33a516ca0_0;  alias, 1 drivers
v0x7fc33a5180c0_0 .net "segment2", 7 0, v0x7fc33a5170a0_0;  alias, 1 drivers
v0x7fc33a518170_0 .net "segment3", 7 0, v0x7fc33a5174b0_0;  alias, 1 drivers
v0x7fc33a518240_0 .net "segment4", 7 0, v0x7fc33a5178b0_0;  alias, 1 drivers
v0x7fc33a5182f0_0 .var "segmentout", 7 0;
v0x7fc33a5183c0_0 .net "sync_count", 1 0, v0x7fc33a517c40_0;  alias, 1 drivers
E_0x7fc33a517f80/0 .event anyedge, v0x7fc33a517c40_0, v0x7fc33a5178b0_0, v0x7fc33a5174b0_0, v0x7fc33a5170a0_0;
E_0x7fc33a517f80/1 .event anyedge, v0x7fc33a516ca0_0;
E_0x7fc33a517f80 .event/or E_0x7fc33a517f80/0, E_0x7fc33a517f80/1;
S_0x7fc33a5184e0 .scope module, "U7" "CathodeDecoder" 9 42, 13 17 0, S_0x7fc33a5166e0;
 .timescale 0 0;
    .port_info 0 /INPUT 2 "sync_count";
    .port_info 1 /OUTPUT 4 "cathode";
v0x7fc33a518710_0 .var "cathode", 3 0;
v0x7fc33a5187d0_0 .net "sync_count", 1 0, v0x7fc33a517c40_0;  alias, 1 drivers
E_0x7fc33a5186b0 .event anyedge, v0x7fc33a517c40_0;
    .scope S_0x7fc33a504180;
T_0 ;
    %pushi/vec4 0, 0, 19;
    %store/vec4 v0x7fc33a514640_0, 0, 19;
    %end;
    .thread T_0;
    .scope S_0x7fc33a504180;
T_1 ;
    %wait E_0x7fc33a5044c0;
    %load/vec4 v0x7fc33a514640_0;
    %addi 1, 0, 19;
    %assign/vec4 v0x7fc33a514640_0, 0;
    %jmp T_1;
    .thread T_1;
    .scope S_0x7fc33a515150;
T_2 ;
    %pushi/vec4 0, 0, 1;
    %store/vec4 v0x7fc33a5153c0_0, 0, 1;
    %pushi/vec4 0, 0, 28;
    %store/vec4 v0x7fc33a515510_0, 0, 28;
    %end;
    .thread T_2;
    .scope S_0x7fc33a515150;
T_3 ;
    %wait E_0x7fc33a515360;
    %load/vec4 v0x7fc33a515510_0;
    %pad/u 32;
    %cmpi/e 200, 0, 32;
    %jmp/0xz  T_3.0, 4;
    %pushi/vec4 0, 0, 28;
    %store/vec4 v0x7fc33a515510_0, 0, 28;
    %load/vec4 v0x7fc33a5153c0_0;
    %inv;
    %store/vec4 v0x7fc33a5153c0_0, 0, 1;
    %load/vec4 v0x7fc33a515510_0;
    %addi 1, 0, 28;
    %store/vec4 v0x7fc33a515510_0, 0, 28;
    %jmp T_3.1;
T_3.0 ;
    %load/vec4 v0x7fc33a515510_0;
    %addi 1, 0, 28;
    %assign/vec4 v0x7fc33a515510_0, 0;
T_3.1 ;
    %jmp T_3;
    .thread T_3;
    .scope S_0x7fc33a514e60;
T_4 ;
    %pushi/vec4 0, 0, 10;
    %store/vec4 v0x7fc33a515600_0, 0, 10;
    %pushi/vec4 0, 0, 10;
    %store/vec4 v0x7fc33a5158d0_0, 0, 10;
    %end;
    .thread T_4;
    .scope S_0x7fc33a514e60;
T_5 ;
    %wait E_0x7fc33a515100;
    %load/vec4 v0x7fc33a5158d0_0;
    %addi 1, 0, 10;
    %assign/vec4 v0x7fc33a5158d0_0, 0;
    %jmp T_5;
    .thread T_5;
    .scope S_0x7fc33a514e60;
T_6 ;
    %wait E_0x7fc33a5150a0;
    %load/vec4 v0x7fc33a5158d0_0;
    %store/vec4 v0x7fc33a515600_0, 0, 10;
    %pushi/vec4 0, 0, 10;
    %store/vec4 v0x7fc33a5158d0_0, 0, 10;
    %jmp T_6;
    .thread T_6, $push;
    .scope S_0x7fc33a5159c0;
T_7 ;
    %wait E_0x7fc33a515c40;
    %load/vec4 v0x7fc33a515d30_0;
    %pad/u 32;
    %pushi/vec4 1000, 0, 32;
    %div;
    %pad/u 4;
    %store/vec4 v0x7fc33a515f50_0, 0, 4;
    %load/vec4 v0x7fc33a515d30_0;
    %pad/u 32;
    %pushi/vec4 1000, 0, 32;
    %mod;
    %pad/u 10;
    %store/vec4 v0x7fc33a516040_0, 0, 10;
    %load/vec4 v0x7fc33a516040_0;
    %pad/u 32;
    %pushi/vec4 100, 0, 32;
    %div;
    %pad/u 4;
    %store/vec4 v0x7fc33a515c80_0, 0, 4;
    %load/vec4 v0x7fc33a515d30_0;
    %pad/u 32;
    %pushi/vec4 100, 0, 32;
    %mod;
    %pad/u 10;
    %store/vec4 v0x7fc33a516040_0, 0, 10;
    %load/vec4 v0x7fc33a516040_0;
    %pad/u 32;
    %pushi/vec4 10, 0, 32;
    %div;
    %pad/u 4;
    %store/vec4 v0x7fc33a515ea0_0, 0, 4;
    %load/vec4 v0x7fc33a515d30_0;
    %pad/u 32;
    %pushi/vec4 10, 0, 32;
    %mod;
    %pad/u 4;
    %store/vec4 v0x7fc33a515df0_0, 0, 4;
    %jmp T_7;
    .thread T_7, $push;
    .scope S_0x7fc33a516990;
T_8 ;
    %wait E_0x7fc33a516b50;
    %load/vec4 v0x7fc33a516bb0_0;
    %dup/vec4;
    %pushi/vec4 0, 0, 4;
    %cmp/u;
    %jmp/1 T_8.0, 6;
    %dup/vec4;
    %pushi/vec4 1, 0, 4;
    %cmp/u;
    %jmp/1 T_8.1, 6;
    %dup/vec4;
    %pushi/vec4 2, 0, 4;
    %cmp/u;
    %jmp/1 T_8.2, 6;
    %dup/vec4;
    %pushi/vec4 3, 0, 4;
    %cmp/u;
    %jmp/1 T_8.3, 6;
    %dup/vec4;
    %pushi/vec4 4, 0, 4;
    %cmp/u;
    %jmp/1 T_8.4, 6;
    %dup/vec4;
    %pushi/vec4 5, 0, 4;
    %cmp/u;
    %jmp/1 T_8.5, 6;
    %dup/vec4;
    %pushi/vec4 6, 0, 4;
    %cmp/u;
    %jmp/1 T_8.6, 6;
    %dup/vec4;
    %pushi/vec4 7, 0, 4;
    %cmp/u;
    %jmp/1 T_8.7, 6;
    %dup/vec4;
    %pushi/vec4 8, 0, 4;
    %cmp/u;
    %jmp/1 T_8.8, 6;
    %dup/vec4;
    %pushi/vec4 9, 0, 4;
    %cmp/u;
    %jmp/1 T_8.9, 6;
    %pushi/vec4 0, 0, 8;
    %store/vec4 v0x7fc33a516ca0_0, 0, 8;
    %jmp T_8.11;
T_8.0 ;
    %pushi/vec4 192, 0, 8;
    %store/vec4 v0x7fc33a516ca0_0, 0, 8;
    %jmp T_8.11;
T_8.1 ;
    %pushi/vec4 249, 0, 8;
    %store/vec4 v0x7fc33a516ca0_0, 0, 8;
    %jmp T_8.11;
T_8.2 ;
    %pushi/vec4 164, 0, 8;
    %store/vec4 v0x7fc33a516ca0_0, 0, 8;
    %jmp T_8.11;
T_8.3 ;
    %pushi/vec4 176, 0, 8;
    %store/vec4 v0x7fc33a516ca0_0, 0, 8;
    %jmp T_8.11;
T_8.4 ;
    %pushi/vec4 153, 0, 8;
    %store/vec4 v0x7fc33a516ca0_0, 0, 8;
    %jmp T_8.11;
T_8.5 ;
    %pushi/vec4 146, 0, 8;
    %store/vec4 v0x7fc33a516ca0_0, 0, 8;
    %jmp T_8.11;
T_8.6 ;
    %pushi/vec4 130, 0, 8;
    %store/vec4 v0x7fc33a516ca0_0, 0, 8;
    %jmp T_8.11;
T_8.7 ;
    %pushi/vec4 248, 0, 8;
    %store/vec4 v0x7fc33a516ca0_0, 0, 8;
    %jmp T_8.11;
T_8.8 ;
    %pushi/vec4 128, 0, 8;
    %store/vec4 v0x7fc33a516ca0_0, 0, 8;
    %jmp T_8.11;
T_8.9 ;
    %pushi/vec4 144, 0, 8;
    %store/vec4 v0x7fc33a516ca0_0, 0, 8;
    %jmp T_8.11;
T_8.11 ;
    %pop/vec4 1;
    %jmp T_8;
    .thread T_8, $push;
    .scope S_0x7fc33a516d60;
T_9 ;
    %wait E_0x7fc33a516f50;
    %load/vec4 v0x7fc33a516fb0_0;
    %dup/vec4;
    %pushi/vec4 0, 0, 4;
    %cmp/u;
    %jmp/1 T_9.0, 6;
    %dup/vec4;
    %pushi/vec4 1, 0, 4;
    %cmp/u;
    %jmp/1 T_9.1, 6;
    %dup/vec4;
    %pushi/vec4 2, 0, 4;
    %cmp/u;
    %jmp/1 T_9.2, 6;
    %dup/vec4;
    %pushi/vec4 3, 0, 4;
    %cmp/u;
    %jmp/1 T_9.3, 6;
    %dup/vec4;
    %pushi/vec4 4, 0, 4;
    %cmp/u;
    %jmp/1 T_9.4, 6;
    %dup/vec4;
    %pushi/vec4 5, 0, 4;
    %cmp/u;
    %jmp/1 T_9.5, 6;
    %dup/vec4;
    %pushi/vec4 6, 0, 4;
    %cmp/u;
    %jmp/1 T_9.6, 6;
    %dup/vec4;
    %pushi/vec4 7, 0, 4;
    %cmp/u;
    %jmp/1 T_9.7, 6;
    %dup/vec4;
    %pushi/vec4 8, 0, 4;
    %cmp/u;
    %jmp/1 T_9.8, 6;
    %dup/vec4;
    %pushi/vec4 9, 0, 4;
    %cmp/u;
    %jmp/1 T_9.9, 6;
    %pushi/vec4 0, 0, 8;
    %store/vec4 v0x7fc33a5170a0_0, 0, 8;
    %jmp T_9.11;
T_9.0 ;
    %pushi/vec4 192, 0, 8;
    %store/vec4 v0x7fc33a5170a0_0, 0, 8;
    %jmp T_9.11;
T_9.1 ;
    %pushi/vec4 249, 0, 8;
    %store/vec4 v0x7fc33a5170a0_0, 0, 8;
    %jmp T_9.11;
T_9.2 ;
    %pushi/vec4 164, 0, 8;
    %store/vec4 v0x7fc33a5170a0_0, 0, 8;
    %jmp T_9.11;
T_9.3 ;
    %pushi/vec4 176, 0, 8;
    %store/vec4 v0x7fc33a5170a0_0, 0, 8;
    %jmp T_9.11;
T_9.4 ;
    %pushi/vec4 153, 0, 8;
    %store/vec4 v0x7fc33a5170a0_0, 0, 8;
    %jmp T_9.11;
T_9.5 ;
    %pushi/vec4 146, 0, 8;
    %store/vec4 v0x7fc33a5170a0_0, 0, 8;
    %jmp T_9.11;
T_9.6 ;
    %pushi/vec4 130, 0, 8;
    %store/vec4 v0x7fc33a5170a0_0, 0, 8;
    %jmp T_9.11;
T_9.7 ;
    %pushi/vec4 248, 0, 8;
    %store/vec4 v0x7fc33a5170a0_0, 0, 8;
    %jmp T_9.11;
T_9.8 ;
    %pushi/vec4 128, 0, 8;
    %store/vec4 v0x7fc33a5170a0_0, 0, 8;
    %jmp T_9.11;
T_9.9 ;
    %pushi/vec4 144, 0, 8;
    %store/vec4 v0x7fc33a5170a0_0, 0, 8;
    %jmp T_9.11;
T_9.11 ;
    %pop/vec4 1;
    %jmp T_9;
    .thread T_9, $push;
    .scope S_0x7fc33a517160;
T_10 ;
    %wait E_0x7fc33a517370;
    %load/vec4 v0x7fc33a5173c0_0;
    %dup/vec4;
    %pushi/vec4 0, 0, 4;
    %cmp/u;
    %jmp/1 T_10.0, 6;
    %dup/vec4;
    %pushi/vec4 1, 0, 4;
    %cmp/u;
    %jmp/1 T_10.1, 6;
    %dup/vec4;
    %pushi/vec4 2, 0, 4;
    %cmp/u;
    %jmp/1 T_10.2, 6;
    %dup/vec4;
    %pushi/vec4 3, 0, 4;
    %cmp/u;
    %jmp/1 T_10.3, 6;
    %dup/vec4;
    %pushi/vec4 4, 0, 4;
    %cmp/u;
    %jmp/1 T_10.4, 6;
    %dup/vec4;
    %pushi/vec4 5, 0, 4;
    %cmp/u;
    %jmp/1 T_10.5, 6;
    %dup/vec4;
    %pushi/vec4 6, 0, 4;
    %cmp/u;
    %jmp/1 T_10.6, 6;
    %dup/vec4;
    %pushi/vec4 7, 0, 4;
    %cmp/u;
    %jmp/1 T_10.7, 6;
    %dup/vec4;
    %pushi/vec4 8, 0, 4;
    %cmp/u;
    %jmp/1 T_10.8, 6;
    %dup/vec4;
    %pushi/vec4 9, 0, 4;
    %cmp/u;
    %jmp/1 T_10.9, 6;
    %pushi/vec4 0, 0, 8;
    %store/vec4 v0x7fc33a5174b0_0, 0, 8;
    %jmp T_10.11;
T_10.0 ;
    %pushi/vec4 192, 0, 8;
    %store/vec4 v0x7fc33a5174b0_0, 0, 8;
    %jmp T_10.11;
T_10.1 ;
    %pushi/vec4 249, 0, 8;
    %store/vec4 v0x7fc33a5174b0_0, 0, 8;
    %jmp T_10.11;
T_10.2 ;
    %pushi/vec4 164, 0, 8;
    %store/vec4 v0x7fc33a5174b0_0, 0, 8;
    %jmp T_10.11;
T_10.3 ;
    %pushi/vec4 176, 0, 8;
    %store/vec4 v0x7fc33a5174b0_0, 0, 8;
    %jmp T_10.11;
T_10.4 ;
    %pushi/vec4 153, 0, 8;
    %store/vec4 v0x7fc33a5174b0_0, 0, 8;
    %jmp T_10.11;
T_10.5 ;
    %pushi/vec4 146, 0, 8;
    %store/vec4 v0x7fc33a5174b0_0, 0, 8;
    %jmp T_10.11;
T_10.6 ;
    %pushi/vec4 130, 0, 8;
    %store/vec4 v0x7fc33a5174b0_0, 0, 8;
    %jmp T_10.11;
T_10.7 ;
    %pushi/vec4 248, 0, 8;
    %store/vec4 v0x7fc33a5174b0_0, 0, 8;
    %jmp T_10.11;
T_10.8 ;
    %pushi/vec4 128, 0, 8;
    %store/vec4 v0x7fc33a5174b0_0, 0, 8;
    %jmp T_10.11;
T_10.9 ;
    %pushi/vec4 144, 0, 8;
    %store/vec4 v0x7fc33a5174b0_0, 0, 8;
    %jmp T_10.11;
T_10.11 ;
    %pop/vec4 1;
    %jmp T_10;
    .thread T_10, $push;
    .scope S_0x7fc33a517570;
T_11 ;
    %wait E_0x7fc33a517760;
    %load/vec4 v0x7fc33a5177c0_0;
    %dup/vec4;
    %pushi/vec4 0, 0, 4;
    %cmp/u;
    %jmp/1 T_11.0, 6;
    %dup/vec4;
    %pushi/vec4 1, 0, 4;
    %cmp/u;
    %jmp/1 T_11.1, 6;
    %dup/vec4;
    %pushi/vec4 2, 0, 4;
    %cmp/u;
    %jmp/1 T_11.2, 6;
    %dup/vec4;
    %pushi/vec4 3, 0, 4;
    %cmp/u;
    %jmp/1 T_11.3, 6;
    %dup/vec4;
    %pushi/vec4 4, 0, 4;
    %cmp/u;
    %jmp/1 T_11.4, 6;
    %dup/vec4;
    %pushi/vec4 5, 0, 4;
    %cmp/u;
    %jmp/1 T_11.5, 6;
    %dup/vec4;
    %pushi/vec4 6, 0, 4;
    %cmp/u;
    %jmp/1 T_11.6, 6;
    %dup/vec4;
    %pushi/vec4 7, 0, 4;
    %cmp/u;
    %jmp/1 T_11.7, 6;
    %dup/vec4;
    %pushi/vec4 8, 0, 4;
    %cmp/u;
    %jmp/1 T_11.8, 6;
    %dup/vec4;
    %pushi/vec4 9, 0, 4;
    %cmp/u;
    %jmp/1 T_11.9, 6;
    %pushi/vec4 0, 0, 8;
    %store/vec4 v0x7fc33a5178b0_0, 0, 8;
    %jmp T_11.11;
T_11.0 ;
    %pushi/vec4 192, 0, 8;
    %store/vec4 v0x7fc33a5178b0_0, 0, 8;
    %jmp T_11.11;
T_11.1 ;
    %pushi/vec4 249, 0, 8;
    %store/vec4 v0x7fc33a5178b0_0, 0, 8;
    %jmp T_11.11;
T_11.2 ;
    %pushi/vec4 164, 0, 8;
    %store/vec4 v0x7fc33a5178b0_0, 0, 8;
    %jmp T_11.11;
T_11.3 ;
    %pushi/vec4 176, 0, 8;
    %store/vec4 v0x7fc33a5178b0_0, 0, 8;
    %jmp T_11.11;
T_11.4 ;
    %pushi/vec4 153, 0, 8;
    %store/vec4 v0x7fc33a5178b0_0, 0, 8;
    %jmp T_11.11;
T_11.5 ;
    %pushi/vec4 146, 0, 8;
    %store/vec4 v0x7fc33a5178b0_0, 0, 8;
    %jmp T_11.11;
T_11.6 ;
    %pushi/vec4 130, 0, 8;
    %store/vec4 v0x7fc33a5178b0_0, 0, 8;
    %jmp T_11.11;
T_11.7 ;
    %pushi/vec4 248, 0, 8;
    %store/vec4 v0x7fc33a5178b0_0, 0, 8;
    %jmp T_11.11;
T_11.8 ;
    %pushi/vec4 128, 0, 8;
    %store/vec4 v0x7fc33a5178b0_0, 0, 8;
    %jmp T_11.11;
T_11.9 ;
    %pushi/vec4 144, 0, 8;
    %store/vec4 v0x7fc33a5178b0_0, 0, 8;
    %jmp T_11.11;
T_11.11 ;
    %pop/vec4 1;
    %jmp T_11;
    .thread T_11, $push;
    .scope S_0x7fc33a517970;
T_12 ;
    %pushi/vec4 3, 0, 2;
    %store/vec4 v0x7fc33a517c40_0, 0, 2;
    %end;
    .thread T_12;
    .scope S_0x7fc33a517970;
T_13 ;
    %wait E_0x7fc33a515360;
    %load/vec4 v0x7fc33a517c40_0;
    %addi 1, 0, 2;
    %store/vec4 v0x7fc33a517c40_0, 0, 2;
    %jmp T_13;
    .thread T_13;
    .scope S_0x7fc33a517d00;
T_14 ;
    %pushi/vec4 0, 0, 8;
    %store/vec4 v0x7fc33a5182f0_0, 0, 8;
    %end;
    .thread T_14;
    .scope S_0x7fc33a517d00;
T_15 ;
    %wait E_0x7fc33a517f80;
    %load/vec4 v0x7fc33a5183c0_0;
    %dup/vec4;
    %pushi/vec4 0, 0, 2;
    %cmp/u;
    %jmp/1 T_15.0, 6;
    %dup/vec4;
    %pushi/vec4 1, 0, 2;
    %cmp/u;
    %jmp/1 T_15.1, 6;
    %dup/vec4;
    %pushi/vec4 2, 0, 2;
    %cmp/u;
    %jmp/1 T_15.2, 6;
    %dup/vec4;
    %pushi/vec4 3, 0, 2;
    %cmp/u;
    %jmp/1 T_15.3, 6;
    %pushi/vec4 1, 0, 8;
    %store/vec4 v0x7fc33a5182f0_0, 0, 8;
    %jmp T_15.5;
T_15.0 ;
    %load/vec4 v0x7fc33a517ff0_0;
    %store/vec4 v0x7fc33a5182f0_0, 0, 8;
    %jmp T_15.5;
T_15.1 ;
    %load/vec4 v0x7fc33a5180c0_0;
    %store/vec4 v0x7fc33a5182f0_0, 0, 8;
    %jmp T_15.5;
T_15.2 ;
    %load/vec4 v0x7fc33a518170_0;
    %store/vec4 v0x7fc33a5182f0_0, 0, 8;
    %jmp T_15.5;
T_15.3 ;
    %load/vec4 v0x7fc33a518240_0;
    %store/vec4 v0x7fc33a5182f0_0, 0, 8;
    %jmp T_15.5;
T_15.5 ;
    %pop/vec4 1;
    %jmp T_15;
    .thread T_15, $push;
    .scope S_0x7fc33a5184e0;
T_16 ;
    %pushi/vec4 0, 0, 4;
    %store/vec4 v0x7fc33a518710_0, 0, 4;
    %end;
    .thread T_16;
    .scope S_0x7fc33a5184e0;
T_17 ;
    %wait E_0x7fc33a5186b0;
    %load/vec4 v0x7fc33a5187d0_0;
    %dup/vec4;
    %pushi/vec4 0, 0, 2;
    %cmp/u;
    %jmp/1 T_17.0, 6;
    %dup/vec4;
    %pushi/vec4 1, 0, 2;
    %cmp/u;
    %jmp/1 T_17.1, 6;
    %dup/vec4;
    %pushi/vec4 2, 0, 2;
    %cmp/u;
    %jmp/1 T_17.2, 6;
    %dup/vec4;
    %pushi/vec4 3, 0, 2;
    %cmp/u;
    %jmp/1 T_17.3, 6;
    %jmp T_17.4;
T_17.0 ;
    %pushi/vec4 14, 0, 4;
    %assign/vec4 v0x7fc33a518710_0, 0;
    %jmp T_17.4;
T_17.1 ;
    %pushi/vec4 13, 0, 4;
    %assign/vec4 v0x7fc33a518710_0, 0;
    %jmp T_17.4;
T_17.2 ;
    %pushi/vec4 11, 0, 4;
    %assign/vec4 v0x7fc33a518710_0, 0;
    %jmp T_17.4;
T_17.3 ;
    %pushi/vec4 7, 0, 4;
    %assign/vec4 v0x7fc33a518710_0, 0;
    %jmp T_17.4;
T_17.4 ;
    %pop/vec4 1;
    %jmp T_17;
    .thread T_17, $push;
    .scope S_0x7fc33a504340;
T_18 ;
    %pushi/vec4 0, 0, 1;
    %store/vec4 v0x7fc33a519aa0_0, 0, 1;
    %end;
    .thread T_18;
    .scope S_0x7fc33a504340;
T_19 ;
    %load/vec4 v0x7fc33a519aa0_0;
    %inv;
    %store/vec4 v0x7fc33a519aa0_0, 0, 1;
    %delay 1, 0;
    %jmp T_19;
    .thread T_19;
    .scope S_0x7fc33a504340;
T_20 ;
    %vpi_call 3 13 "$dumpfile", "waveform.vcd" {0 0 0};
    %vpi_call 3 14 "$dumpvars", 32'sb00000000000000000000000000000000, S_0x7fc33a504340 {0 0 0};
    %delay 10, 0;
    %fork t_1, S_0x7fc33a514710;
    %jmp t_0;
    .scope S_0x7fc33a514710;
t_1 ;
    %pushi/vec4 0, 0, 32;
    %store/vec4 v0x7fc33a5148d0_0, 0, 32;
T_20.0 ;
    %load/vec4 v0x7fc33a5148d0_0;
    %cmpi/s 246, 0, 32;
    %jmp/0xz T_20.1, 5;
    %load/vec4 v0x7fc33a5198d0_0;
    %inv;
    %store/vec4 v0x7fc33a5198d0_0, 0, 1;
    %delay 1, 0;
    %load/vec4 v0x7fc33a5148d0_0;
    %addi 1, 0, 32;
    %store/vec4 v0x7fc33a5148d0_0, 0, 32;
    %jmp T_20.0;
T_20.1 ;
    %end;
    .scope S_0x7fc33a504340;
t_0 %join;
    %delay 154, 0;
    %delay 300, 0;
    %vpi_call 3 22 "$finish" {0 0 0};
    %end;
    .thread T_20;
# The file index is used to find the file name in the following table.
:file_names 14;
    "N/A";
    "<interactive>";
    "./Testmodules/Display/SlowClk/SlowClk.v";
    "TestModules/MiniProjecTop_TB.v";
    "./TestModules/MiniProjectTop.v";
    "./TestModules/MicSignalHandler/MicSignalHandlerTop/MicSignalHandlerTop.v";
    "./TestModules/MicSignalHandler/HzCounter/HzCounter.v";
    "./TestModules/MicSignalHandler/OneSecondTimer/OneSecondTimer.v";
    "./TestModules/MicSignalHandler/BCD/BCD_Converter.v";
    "./TestModules/Display/DisplayTop/VSCODEDisplayTop.v";
    "./TestModules/Display/DigitDecoder/DigitDecoder.v";
    "./TestModules/Display/SyncCounter/SyncCounter.v";
    "./TestModules/Display/DisplayMUX/DisplayMUX.v";
    "./TestModules/Display/CathodeDecoder/CathodeDecoder.v";
