#! /usr/local/Cellar/icarus-verilog/12.0/bin/vvp
:ivl_version "12.0 (stable)";
:ivl_delay_selection "TYPICAL";
:vpi_time_precision + 0;
:vpi_module "/usr/local/Cellar/icarus-verilog/12.0/lib/ivl/system.vpi";
:vpi_module "/usr/local/Cellar/icarus-verilog/12.0/lib/ivl/vhdl_sys.vpi";
:vpi_module "/usr/local/Cellar/icarus-verilog/12.0/lib/ivl/vhdl_textio.vpi";
:vpi_module "/usr/local/Cellar/icarus-verilog/12.0/lib/ivl/v2005_math.vpi";
:vpi_module "/usr/local/Cellar/icarus-verilog/12.0/lib/ivl/va_math.vpi";
S_0x7fe1d9705c80 .scope module, "testbench" "testbench" 2 30;
 .timescale 0 0;
v0x7fe1da041500_0 .var "JA1", 0 0;
v0x7fe1da0415a0_0 .net "anodes", 7 0, v0x7fe1da03ff00_0;  1 drivers
v0x7fe1da041640_0 .net "cathodes", 3 0, v0x7fe1da0403a0_0;  1 drivers
v0x7fe1da0416d0_0 .var "clk", 0 0;
S_0x7fe1d9705df0 .scope begin, "$ivl_for_loop0" "$ivl_for_loop0" 2 44, 2 44 0, S_0x7fe1d9705c80;
 .timescale 0 0;
v0x7fe1d9705fb0_0 .var/i "i", 31 0;
S_0x7fe1da03c340 .scope module, "UUT" "MiniProjectTop" 2 38, 2 24 0, S_0x7fe1d9705c80;
 .timescale 0 0;
    .port_info 0 /INPUT 1 "clk";
    .port_info 1 /INPUT 1 "JA1";
    .port_info 2 /OUTPUT 4 "cathode";
    .port_info 3 /OUTPUT 8 "anode";
v0x7fe1da040e60_0 .net "Hundreds_Data", 3 0, v0x7fe1da03d770_0;  1 drivers
v0x7fe1da040f90_0 .net "JA1", 0 0, v0x7fe1da041500_0;  1 drivers
v0x7fe1da041020_0 .net "Ones_Data", 3 0, v0x7fe1da03d8d0_0;  1 drivers
v0x7fe1da041130_0 .net "Tens_Data", 3 0, v0x7fe1da03d960_0;  1 drivers
v0x7fe1da041240_0 .net "Thousands_Data", 3 0, v0x7fe1da03d9f0_0;  1 drivers
v0x7fe1da041350_0 .net "anode", 7 0, v0x7fe1da03ff00_0;  alias, 1 drivers
v0x7fe1da0413e0_0 .net "cathode", 3 0, v0x7fe1da0403a0_0;  alias, 1 drivers
v0x7fe1da041470_0 .net "clk", 0 0, v0x7fe1da0416d0_0;  1 drivers
S_0x7fe1da03c590 .scope module, "Unit1" "MicSignalHandler" 2 26, 3 38 0, S_0x7fe1da03c340;
 .timescale 0 0;
    .port_info 0 /INPUT 1 "clk";
    .port_info 1 /INPUT 1 "JA1";
    .port_info 2 /OUTPUT 4 "Thousands_Data";
    .port_info 3 /OUTPUT 4 "Hundreds_Data";
    .port_info 4 /OUTPUT 4 "Tens_Data";
    .port_info 5 /OUTPUT 4 "Ones_Data";
v0x7fe1da03dc10_0 .net "Binary_Hz", 9 0, v0x7fe1da03cf20_0;  1 drivers
v0x7fe1da03dce0_0 .net "Hundreds_Data", 3 0, v0x7fe1da03d770_0;  alias, 1 drivers
v0x7fe1da03dd70_0 .net "JA1", 0 0, v0x7fe1da041500_0;  alias, 1 drivers
v0x7fe1da03de20_0 .net "OneSecond", 0 0, v0x7fe1da03ca80_0;  1 drivers
v0x7fe1da03def0_0 .net "Ones_Data", 3 0, v0x7fe1da03d8d0_0;  alias, 1 drivers
v0x7fe1da03dfc0_0 .net "Tens_Data", 3 0, v0x7fe1da03d960_0;  alias, 1 drivers
v0x7fe1da03e050_0 .net "Thousands_Data", 3 0, v0x7fe1da03d9f0_0;  alias, 1 drivers
v0x7fe1da03e100_0 .net "clk", 0 0, v0x7fe1da0416d0_0;  alias, 1 drivers
S_0x7fe1da03c810 .scope module, "Unit1" "OneSecondTimer" 3 41, 3 21 0, S_0x7fe1da03c590;
 .timescale 0 0;
    .port_info 0 /INPUT 1 "clk";
    .port_info 1 /OUTPUT 1 "OneSecond";
v0x7fe1da03ca80_0 .var "OneSecond", 0 0;
v0x7fe1da03cb30_0 .net "clk", 0 0, v0x7fe1da0416d0_0;  alias, 1 drivers
v0x7fe1da03cbd0_0 .var "count", 25 0;
E_0x7fe1da03ca20 .event posedge, v0x7fe1da03cb30_0;
S_0x7fe1da03ccc0 .scope module, "Unit2" "HzCounter" 3 42, 4 23 0, S_0x7fe1da03c590;
 .timescale 0 0;
    .port_info 0 /INPUT 1 "JA1";
    .port_info 1 /INPUT 1 "OneSecond";
    .port_info 2 /INPUT 1 "clk";
    .port_info 3 /OUTPUT 10 "Hz";
v0x7fe1da03cf20_0 .var "Hz", 9 0;
v0x7fe1da03cfd0_0 .net "JA1", 0 0, v0x7fe1da041500_0;  alias, 1 drivers
v0x7fe1da03d070_0 .var "LiveSignal", 0 0;
v0x7fe1da03d120_0 .net "OneSecond", 0 0, v0x7fe1da03ca80_0;  alias, 1 drivers
v0x7fe1da03d1d0_0 .var "PrevSecond", 0 0;
v0x7fe1da03d2a0_0 .net "clk", 0 0, v0x7fe1da0416d0_0;  alias, 1 drivers
v0x7fe1da03d330_0 .var "temp", 9 0;
S_0x7fe1da03d430 .scope module, "Unit3" "BCD_Double_Dabble" 3 43, 5 20 0, S_0x7fe1da03c590;
 .timescale 0 0;
    .port_info 0 /INPUT 10 "Hz";
    .port_info 1 /OUTPUT 4 "Thousands_Data";
    .port_info 2 /OUTPUT 4 "Hundreds_Data";
    .port_info 3 /OUTPUT 4 "Tens_Data";
    .port_info 4 /OUTPUT 4 "Ones_Data";
v0x7fe1da03d770_0 .var "Hundreds_Data", 3 0;
v0x7fe1da03d830_0 .net "Hz", 9 0, v0x7fe1da03cf20_0;  alias, 1 drivers
v0x7fe1da03d8d0_0 .var "Ones_Data", 3 0;
v0x7fe1da03d960_0 .var "Tens_Data", 3 0;
v0x7fe1da03d9f0_0 .var "Thousands_Data", 3 0;
v0x7fe1da03dae0_0 .var "bin", 25 0;
E_0x7fe1da03d720 .event anyedge, v0x7fe1da03cf20_0;
S_0x7fe1da03e230 .scope module, "Unit2" "DisplayTop" 2 27, 6 27 0, S_0x7fe1da03c340;
 .timescale 0 0;
    .port_info 0 /INPUT 1 "clk";
    .port_info 1 /INPUT 4 "Thousands_Data";
    .port_info 2 /INPUT 4 "Hundreds_Data";
    .port_info 3 /INPUT 4 "Tens_Data";
    .port_info 4 /INPUT 4 "Ones_Data";
    .port_info 5 /OUTPUT 4 "cathode";
    .port_info 6 /OUTPUT 8 "segmentout";
v0x7fe1da040510_0 .net "Hundreds_Data", 3 0, v0x7fe1da03d770_0;  alias, 1 drivers
v0x7fe1da0405a0_0 .net "Ones_Data", 3 0, v0x7fe1da03d8d0_0;  alias, 1 drivers
v0x7fe1da040630_0 .net "Tens_Data", 3 0, v0x7fe1da03d960_0;  alias, 1 drivers
v0x7fe1da0406e0_0 .net "Thousands_Data", 3 0, v0x7fe1da03d9f0_0;  alias, 1 drivers
v0x7fe1da040780_0 .net "cathode", 3 0, v0x7fe1da0403a0_0;  alias, 1 drivers
v0x7fe1da040860_0 .net "clk", 0 0, v0x7fe1da0416d0_0;  alias, 1 drivers
v0x7fe1da040970_0 .net "decoder1", 7 0, v0x7fe1da03e870_0;  1 drivers
v0x7fe1da040a00_0 .net "decoder2", 7 0, v0x7fe1da03ec90_0;  1 drivers
v0x7fe1da040ae0_0 .net "decoder3", 7 0, v0x7fe1da03f0c0_0;  1 drivers
v0x7fe1da040bf0_0 .net "decoder4", 7 0, v0x7fe1da03f4e0_0;  1 drivers
v0x7fe1da040cc0_0 .net "segmentout", 7 0, v0x7fe1da03ff00_0;  alias, 1 drivers
v0x7fe1da040d50_0 .net "sync", 1 0, v0x7fe1da03f870_0;  1 drivers
S_0x7fe1da03e4e0 .scope module, "U1" "Digit_Decoder" 6 36, 7 23 0, S_0x7fe1da03e230;
 .timescale 0 0;
    .port_info 0 /INPUT 4 "data";
    .port_info 1 /OUTPUT 8 "segments";
v0x7fe1da03e780_0 .net "data", 3 0, v0x7fe1da03d9f0_0;  alias, 1 drivers
v0x7fe1da03e870_0 .var "segments", 7 0;
E_0x7fe1da03e730 .event anyedge, v0x7fe1da03d9f0_0;
S_0x7fe1da03e900 .scope module, "U2" "Digit_Decoder" 6 37, 7 23 0, S_0x7fe1da03e230;
 .timescale 0 0;
    .port_info 0 /INPUT 4 "data";
    .port_info 1 /OUTPUT 8 "segments";
v0x7fe1da03eba0_0 .net "data", 3 0, v0x7fe1da03d770_0;  alias, 1 drivers
v0x7fe1da03ec90_0 .var "segments", 7 0;
E_0x7fe1da03eb50 .event anyedge, v0x7fe1da03d770_0;
S_0x7fe1da03ed20 .scope module, "U3" "Digit_Decoder" 6 38, 7 23 0, S_0x7fe1da03e230;
 .timescale 0 0;
    .port_info 0 /INPUT 4 "data";
    .port_info 1 /OUTPUT 8 "segments";
v0x7fe1da03efd0_0 .net "data", 3 0, v0x7fe1da03d960_0;  alias, 1 drivers
v0x7fe1da03f0c0_0 .var "segments", 7 0;
E_0x7fe1da03ef90 .event anyedge, v0x7fe1da03d960_0;
S_0x7fe1da03f150 .scope module, "U4" "Digit_Decoder" 6 39, 7 23 0, S_0x7fe1da03e230;
 .timescale 0 0;
    .port_info 0 /INPUT 4 "data";
    .port_info 1 /OUTPUT 8 "segments";
v0x7fe1da03f3f0_0 .net "data", 3 0, v0x7fe1da03d8d0_0;  alias, 1 drivers
v0x7fe1da03f4e0_0 .var "segments", 7 0;
E_0x7fe1da03f3a0 .event anyedge, v0x7fe1da03d8d0_0;
S_0x7fe1da03f570 .scope module, "U5" "SyncCounter" 6 40, 8 18 0, S_0x7fe1da03e230;
 .timescale 0 0;
    .port_info 0 /INPUT 1 "clk";
    .port_info 1 /OUTPUT 2 "sync_count";
v0x7fe1da03f7d0_0 .net "clk", 0 0, v0x7fe1da0416d0_0;  alias, 1 drivers
v0x7fe1da03f870_0 .var "sync_count", 1 0;
S_0x7fe1da03f910 .scope module, "U6" "DisplayMUX" 6 41, 9 19 0, S_0x7fe1da03e230;
 .timescale 0 0;
    .port_info 0 /INPUT 8 "segment1";
    .port_info 1 /INPUT 8 "segment2";
    .port_info 2 /INPUT 8 "segment3";
    .port_info 3 /INPUT 8 "segment4";
    .port_info 4 /INPUT 2 "sync_count";
    .port_info 5 /OUTPUT 8 "segmentout";
v0x7fe1da03fc60_0 .net "segment1", 7 0, v0x7fe1da03e870_0;  alias, 1 drivers
v0x7fe1da03fd30_0 .net "segment2", 7 0, v0x7fe1da03ec90_0;  alias, 1 drivers
v0x7fe1da03fdc0_0 .net "segment3", 7 0, v0x7fe1da03f0c0_0;  alias, 1 drivers
v0x7fe1da03fe50_0 .net "segment4", 7 0, v0x7fe1da03f4e0_0;  alias, 1 drivers
v0x7fe1da03ff00_0 .var "segmentout", 7 0;
v0x7fe1da03ffd0_0 .net "sync_count", 1 0, v0x7fe1da03f870_0;  alias, 1 drivers
E_0x7fe1da03fbf0/0 .event anyedge, v0x7fe1da03f870_0, v0x7fe1da03f4e0_0, v0x7fe1da03f0c0_0, v0x7fe1da03ec90_0;
E_0x7fe1da03fbf0/1 .event anyedge, v0x7fe1da03e870_0;
E_0x7fe1da03fbf0 .event/or E_0x7fe1da03fbf0/0, E_0x7fe1da03fbf0/1;
S_0x7fe1da0400f0 .scope module, "U7" "CathodeDecoder" 6 42, 10 17 0, S_0x7fe1da03e230;
 .timescale 0 0;
    .port_info 0 /INPUT 2 "sync_count";
    .port_info 1 /OUTPUT 4 "cathode";
v0x7fe1da0403a0_0 .var "cathode", 3 0;
v0x7fe1da040460_0 .net "sync_count", 1 0, v0x7fe1da03f870_0;  alias, 1 drivers
E_0x7fe1da040360 .event anyedge, v0x7fe1da03f870_0;
    .scope S_0x7fe1da03c810;
T_0 ;
    %pushi/vec4 0, 0, 1;
    %store/vec4 v0x7fe1da03ca80_0, 0, 1;
    %pushi/vec4 0, 0, 26;
    %store/vec4 v0x7fe1da03cbd0_0, 0, 26;
    %end;
    .thread T_0;
    .scope S_0x7fe1da03c810;
T_1 ;
    %wait E_0x7fe1da03ca20;
    %load/vec4 v0x7fe1da03cbd0_0;
    %pad/u 32;
    %cmpi/e 500, 0, 32;
    %jmp/0xz  T_1.0, 4;
    %pushi/vec4 0, 0, 26;
    %store/vec4 v0x7fe1da03cbd0_0, 0, 26;
    %load/vec4 v0x7fe1da03ca80_0;
    %inv;
    %store/vec4 v0x7fe1da03ca80_0, 0, 1;
    %load/vec4 v0x7fe1da03cbd0_0;
    %addi 1, 0, 26;
    %store/vec4 v0x7fe1da03cbd0_0, 0, 26;
    %jmp T_1.1;
T_1.0 ;
    %load/vec4 v0x7fe1da03cbd0_0;
    %addi 1, 0, 26;
    %store/vec4 v0x7fe1da03cbd0_0, 0, 26;
T_1.1 ;
    %jmp T_1;
    .thread T_1;
    .scope S_0x7fe1da03ccc0;
T_2 ;
    %pushi/vec4 0, 0, 10;
    %store/vec4 v0x7fe1da03cf20_0, 0, 10;
    %pushi/vec4 0, 0, 1;
    %store/vec4 v0x7fe1da03d070_0, 0, 1;
    %pushi/vec4 0, 0, 1;
    %store/vec4 v0x7fe1da03d1d0_0, 0, 1;
    %pushi/vec4 0, 0, 10;
    %store/vec4 v0x7fe1da03d330_0, 0, 10;
    %end;
    .thread T_2;
    .scope S_0x7fe1da03ccc0;
T_3 ;
    %wait E_0x7fe1da03ca20;
    %load/vec4 v0x7fe1da03cfd0_0;
    %assign/vec4 v0x7fe1da03d070_0, 0;
    %jmp T_3;
    .thread T_3;
    .scope S_0x7fe1da03ccc0;
T_4 ;
    %wait E_0x7fe1da03ca20;
    %load/vec4 v0x7fe1da03d120_0;
    %load/vec4 v0x7fe1da03d1d0_0;
    %cmp/ne;
    %jmp/0xz  T_4.0, 4;
    %load/vec4 v0x7fe1da03d330_0;
    %store/vec4 v0x7fe1da03cf20_0, 0, 10;
    %pushi/vec4 0, 0, 10;
    %assign/vec4 v0x7fe1da03d330_0, 0;
    %load/vec4 v0x7fe1da03d120_0;
    %assign/vec4 v0x7fe1da03d1d0_0, 0;
    %jmp T_4.1;
T_4.0 ;
    %load/vec4 v0x7fe1da03d070_0;
    %inv;
    %load/vec4 v0x7fe1da03cfd0_0;
    %and;
    %flag_set/vec4 8;
    %jmp/0xz  T_4.2, 8;
    %load/vec4 v0x7fe1da03d330_0;
    %addi 1, 0, 10;
    %assign/vec4 v0x7fe1da03d330_0, 0;
T_4.2 ;
T_4.1 ;
    %jmp T_4;
    .thread T_4;
    .scope S_0x7fe1da03d430;
T_5 ;
    %pushi/vec4 0, 0, 4;
    %store/vec4 v0x7fe1da03d9f0_0, 0, 4;
    %pushi/vec4 0, 0, 4;
    %store/vec4 v0x7fe1da03d770_0, 0, 4;
    %pushi/vec4 0, 0, 4;
    %store/vec4 v0x7fe1da03d960_0, 0, 4;
    %pushi/vec4 0, 0, 4;
    %store/vec4 v0x7fe1da03d8d0_0, 0, 4;
    %pushi/vec4 0, 0, 26;
    %store/vec4 v0x7fe1da03dae0_0, 0, 26;
    %end;
    .thread T_5;
    .scope S_0x7fe1da03d430;
T_6 ;
    %wait E_0x7fe1da03d720;
    %pushi/vec4 0, 0, 26;
    %store/vec4 v0x7fe1da03dae0_0, 0, 26;
    %load/vec4 v0x7fe1da03d830_0;
    %ix/load 4, 0, 0;
    %flag_set/imm 4, 0;
    %store/vec4 v0x7fe1da03dae0_0, 4, 10;
    %load/vec4 v0x7fe1da03dae0_0;
    %parti/s 4, 10, 5;
    %pad/u 32;
    %cmpi/u 5, 0, 32;
    %flag_inv 5; GE is !LT
    %jmp/0xz  T_6.0, 5;
    %load/vec4 v0x7fe1da03dae0_0;
    %parti/s 4, 10, 5;
    %addi 3, 0, 4;
    %ix/load 4, 10, 0;
    %flag_set/imm 4, 0;
    %store/vec4 v0x7fe1da03dae0_0, 4, 4;
T_6.0 ;
    %load/vec4 v0x7fe1da03dae0_0;
    %parti/s 4, 14, 5;
    %pad/u 32;
    %cmpi/u 5, 0, 32;
    %flag_inv 5; GE is !LT
    %jmp/0xz  T_6.2, 5;
    %load/vec4 v0x7fe1da03dae0_0;
    %parti/s 4, 14, 5;
    %addi 3, 0, 4;
    %ix/load 4, 14, 0;
    %flag_set/imm 4, 0;
    %store/vec4 v0x7fe1da03dae0_0, 4, 4;
T_6.2 ;
    %load/vec4 v0x7fe1da03dae0_0;
    %parti/s 4, 18, 6;
    %pad/u 32;
    %cmpi/u 5, 0, 32;
    %flag_inv 5; GE is !LT
    %jmp/0xz  T_6.4, 5;
    %load/vec4 v0x7fe1da03dae0_0;
    %parti/s 4, 18, 6;
    %addi 3, 0, 4;
    %ix/load 4, 18, 0;
    %flag_set/imm 4, 0;
    %store/vec4 v0x7fe1da03dae0_0, 4, 4;
T_6.4 ;
    %load/vec4 v0x7fe1da03dae0_0;
    %parti/s 4, 22, 6;
    %pad/u 32;
    %cmpi/u 5, 0, 32;
    %flag_inv 5; GE is !LT
    %jmp/0xz  T_6.6, 5;
    %load/vec4 v0x7fe1da03dae0_0;
    %parti/s 4, 22, 6;
    %addi 3, 0, 4;
    %ix/load 4, 22, 0;
    %flag_set/imm 4, 0;
    %store/vec4 v0x7fe1da03dae0_0, 4, 4;
T_6.6 ;
    %load/vec4 v0x7fe1da03dae0_0;
    %ix/load 4, 1, 0;
    %flag_set/imm 4, 0;
    %shiftl 4;
    %store/vec4 v0x7fe1da03dae0_0, 0, 26;
    %load/vec4 v0x7fe1da03dae0_0;
    %parti/s 4, 10, 5;
    %pad/u 32;
    %cmpi/u 5, 0, 32;
    %flag_inv 5; GE is !LT
    %jmp/0xz  T_6.8, 5;
    %load/vec4 v0x7fe1da03dae0_0;
    %parti/s 4, 10, 5;
    %addi 3, 0, 4;
    %ix/load 4, 10, 0;
    %flag_set/imm 4, 0;
    %store/vec4 v0x7fe1da03dae0_0, 4, 4;
T_6.8 ;
    %load/vec4 v0x7fe1da03dae0_0;
    %parti/s 4, 14, 5;
    %pad/u 32;
    %cmpi/u 5, 0, 32;
    %flag_inv 5; GE is !LT
    %jmp/0xz  T_6.10, 5;
    %load/vec4 v0x7fe1da03dae0_0;
    %parti/s 4, 14, 5;
    %addi 3, 0, 4;
    %ix/load 4, 14, 0;
    %flag_set/imm 4, 0;
    %store/vec4 v0x7fe1da03dae0_0, 4, 4;
T_6.10 ;
    %load/vec4 v0x7fe1da03dae0_0;
    %parti/s 4, 18, 6;
    %pad/u 32;
    %cmpi/u 5, 0, 32;
    %flag_inv 5; GE is !LT
    %jmp/0xz  T_6.12, 5;
    %load/vec4 v0x7fe1da03dae0_0;
    %parti/s 4, 18, 6;
    %addi 3, 0, 4;
    %ix/load 4, 18, 0;
    %flag_set/imm 4, 0;
    %store/vec4 v0x7fe1da03dae0_0, 4, 4;
T_6.12 ;
    %load/vec4 v0x7fe1da03dae0_0;
    %parti/s 4, 22, 6;
    %pad/u 32;
    %cmpi/u 5, 0, 32;
    %flag_inv 5; GE is !LT
    %jmp/0xz  T_6.14, 5;
    %load/vec4 v0x7fe1da03dae0_0;
    %parti/s 4, 22, 6;
    %addi 3, 0, 4;
    %ix/load 4, 22, 0;
    %flag_set/imm 4, 0;
    %store/vec4 v0x7fe1da03dae0_0, 4, 4;
T_6.14 ;
    %load/vec4 v0x7fe1da03dae0_0;
    %ix/load 4, 1, 0;
    %flag_set/imm 4, 0;
    %shiftl 4;
    %store/vec4 v0x7fe1da03dae0_0, 0, 26;
    %load/vec4 v0x7fe1da03dae0_0;
    %parti/s 4, 10, 5;
    %pad/u 32;
    %cmpi/u 5, 0, 32;
    %flag_inv 5; GE is !LT
    %jmp/0xz  T_6.16, 5;
    %load/vec4 v0x7fe1da03dae0_0;
    %parti/s 4, 10, 5;
    %addi 3, 0, 4;
    %ix/load 4, 10, 0;
    %flag_set/imm 4, 0;
    %store/vec4 v0x7fe1da03dae0_0, 4, 4;
T_6.16 ;
    %load/vec4 v0x7fe1da03dae0_0;
    %parti/s 4, 14, 5;
    %pad/u 32;
    %cmpi/u 5, 0, 32;
    %flag_inv 5; GE is !LT
    %jmp/0xz  T_6.18, 5;
    %load/vec4 v0x7fe1da03dae0_0;
    %parti/s 4, 14, 5;
    %addi 3, 0, 4;
    %ix/load 4, 14, 0;
    %flag_set/imm 4, 0;
    %store/vec4 v0x7fe1da03dae0_0, 4, 4;
T_6.18 ;
    %load/vec4 v0x7fe1da03dae0_0;
    %parti/s 4, 18, 6;
    %pad/u 32;
    %cmpi/u 5, 0, 32;
    %flag_inv 5; GE is !LT
    %jmp/0xz  T_6.20, 5;
    %load/vec4 v0x7fe1da03dae0_0;
    %parti/s 4, 18, 6;
    %addi 3, 0, 4;
    %ix/load 4, 18, 0;
    %flag_set/imm 4, 0;
    %store/vec4 v0x7fe1da03dae0_0, 4, 4;
T_6.20 ;
    %load/vec4 v0x7fe1da03dae0_0;
    %parti/s 4, 22, 6;
    %pad/u 32;
    %cmpi/u 5, 0, 32;
    %flag_inv 5; GE is !LT
    %jmp/0xz  T_6.22, 5;
    %load/vec4 v0x7fe1da03dae0_0;
    %parti/s 4, 22, 6;
    %addi 3, 0, 4;
    %ix/load 4, 22, 0;
    %flag_set/imm 4, 0;
    %store/vec4 v0x7fe1da03dae0_0, 4, 4;
T_6.22 ;
    %load/vec4 v0x7fe1da03dae0_0;
    %ix/load 4, 1, 0;
    %flag_set/imm 4, 0;
    %shiftl 4;
    %store/vec4 v0x7fe1da03dae0_0, 0, 26;
    %load/vec4 v0x7fe1da03dae0_0;
    %parti/s 4, 10, 5;
    %pad/u 32;
    %cmpi/u 5, 0, 32;
    %flag_inv 5; GE is !LT
    %jmp/0xz  T_6.24, 5;
    %load/vec4 v0x7fe1da03dae0_0;
    %parti/s 4, 10, 5;
    %addi 3, 0, 4;
    %ix/load 4, 10, 0;
    %flag_set/imm 4, 0;
    %store/vec4 v0x7fe1da03dae0_0, 4, 4;
T_6.24 ;
    %load/vec4 v0x7fe1da03dae0_0;
    %parti/s 4, 14, 5;
    %pad/u 32;
    %cmpi/u 5, 0, 32;
    %flag_inv 5; GE is !LT
    %jmp/0xz  T_6.26, 5;
    %load/vec4 v0x7fe1da03dae0_0;
    %parti/s 4, 14, 5;
    %addi 3, 0, 4;
    %ix/load 4, 14, 0;
    %flag_set/imm 4, 0;
    %store/vec4 v0x7fe1da03dae0_0, 4, 4;
T_6.26 ;
    %load/vec4 v0x7fe1da03dae0_0;
    %parti/s 4, 18, 6;
    %pad/u 32;
    %cmpi/u 5, 0, 32;
    %flag_inv 5; GE is !LT
    %jmp/0xz  T_6.28, 5;
    %load/vec4 v0x7fe1da03dae0_0;
    %parti/s 4, 18, 6;
    %addi 3, 0, 4;
    %ix/load 4, 18, 0;
    %flag_set/imm 4, 0;
    %store/vec4 v0x7fe1da03dae0_0, 4, 4;
T_6.28 ;
    %load/vec4 v0x7fe1da03dae0_0;
    %parti/s 4, 22, 6;
    %pad/u 32;
    %cmpi/u 5, 0, 32;
    %flag_inv 5; GE is !LT
    %jmp/0xz  T_6.30, 5;
    %load/vec4 v0x7fe1da03dae0_0;
    %parti/s 4, 22, 6;
    %addi 3, 0, 4;
    %ix/load 4, 22, 0;
    %flag_set/imm 4, 0;
    %store/vec4 v0x7fe1da03dae0_0, 4, 4;
T_6.30 ;
    %load/vec4 v0x7fe1da03dae0_0;
    %ix/load 4, 1, 0;
    %flag_set/imm 4, 0;
    %shiftl 4;
    %store/vec4 v0x7fe1da03dae0_0, 0, 26;
    %load/vec4 v0x7fe1da03dae0_0;
    %parti/s 4, 10, 5;
    %pad/u 32;
    %cmpi/u 5, 0, 32;
    %flag_inv 5; GE is !LT
    %jmp/0xz  T_6.32, 5;
    %load/vec4 v0x7fe1da03dae0_0;
    %parti/s 4, 10, 5;
    %addi 3, 0, 4;
    %ix/load 4, 10, 0;
    %flag_set/imm 4, 0;
    %store/vec4 v0x7fe1da03dae0_0, 4, 4;
T_6.32 ;
    %load/vec4 v0x7fe1da03dae0_0;
    %parti/s 4, 14, 5;
    %pad/u 32;
    %cmpi/u 5, 0, 32;
    %flag_inv 5; GE is !LT
    %jmp/0xz  T_6.34, 5;
    %load/vec4 v0x7fe1da03dae0_0;
    %parti/s 4, 14, 5;
    %addi 3, 0, 4;
    %ix/load 4, 14, 0;
    %flag_set/imm 4, 0;
    %store/vec4 v0x7fe1da03dae0_0, 4, 4;
T_6.34 ;
    %load/vec4 v0x7fe1da03dae0_0;
    %parti/s 4, 18, 6;
    %pad/u 32;
    %cmpi/u 5, 0, 32;
    %flag_inv 5; GE is !LT
    %jmp/0xz  T_6.36, 5;
    %load/vec4 v0x7fe1da03dae0_0;
    %parti/s 4, 18, 6;
    %addi 3, 0, 4;
    %ix/load 4, 18, 0;
    %flag_set/imm 4, 0;
    %store/vec4 v0x7fe1da03dae0_0, 4, 4;
T_6.36 ;
    %load/vec4 v0x7fe1da03dae0_0;
    %parti/s 4, 22, 6;
    %pad/u 32;
    %cmpi/u 5, 0, 32;
    %flag_inv 5; GE is !LT
    %jmp/0xz  T_6.38, 5;
    %load/vec4 v0x7fe1da03dae0_0;
    %parti/s 4, 22, 6;
    %addi 3, 0, 4;
    %ix/load 4, 22, 0;
    %flag_set/imm 4, 0;
    %store/vec4 v0x7fe1da03dae0_0, 4, 4;
T_6.38 ;
    %load/vec4 v0x7fe1da03dae0_0;
    %ix/load 4, 1, 0;
    %flag_set/imm 4, 0;
    %shiftl 4;
    %store/vec4 v0x7fe1da03dae0_0, 0, 26;
    %load/vec4 v0x7fe1da03dae0_0;
    %parti/s 4, 10, 5;
    %pad/u 32;
    %cmpi/u 5, 0, 32;
    %flag_inv 5; GE is !LT
    %jmp/0xz  T_6.40, 5;
    %load/vec4 v0x7fe1da03dae0_0;
    %parti/s 4, 10, 5;
    %addi 3, 0, 4;
    %ix/load 4, 10, 0;
    %flag_set/imm 4, 0;
    %store/vec4 v0x7fe1da03dae0_0, 4, 4;
T_6.40 ;
    %load/vec4 v0x7fe1da03dae0_0;
    %parti/s 4, 14, 5;
    %pad/u 32;
    %cmpi/u 5, 0, 32;
    %flag_inv 5; GE is !LT
    %jmp/0xz  T_6.42, 5;
    %load/vec4 v0x7fe1da03dae0_0;
    %parti/s 4, 14, 5;
    %addi 3, 0, 4;
    %ix/load 4, 14, 0;
    %flag_set/imm 4, 0;
    %store/vec4 v0x7fe1da03dae0_0, 4, 4;
T_6.42 ;
    %load/vec4 v0x7fe1da03dae0_0;
    %parti/s 4, 18, 6;
    %pad/u 32;
    %cmpi/u 5, 0, 32;
    %flag_inv 5; GE is !LT
    %jmp/0xz  T_6.44, 5;
    %load/vec4 v0x7fe1da03dae0_0;
    %parti/s 4, 18, 6;
    %addi 3, 0, 4;
    %ix/load 4, 18, 0;
    %flag_set/imm 4, 0;
    %store/vec4 v0x7fe1da03dae0_0, 4, 4;
T_6.44 ;
    %load/vec4 v0x7fe1da03dae0_0;
    %parti/s 4, 22, 6;
    %pad/u 32;
    %cmpi/u 5, 0, 32;
    %flag_inv 5; GE is !LT
    %jmp/0xz  T_6.46, 5;
    %load/vec4 v0x7fe1da03dae0_0;
    %parti/s 4, 22, 6;
    %addi 3, 0, 4;
    %ix/load 4, 22, 0;
    %flag_set/imm 4, 0;
    %store/vec4 v0x7fe1da03dae0_0, 4, 4;
T_6.46 ;
    %load/vec4 v0x7fe1da03dae0_0;
    %ix/load 4, 1, 0;
    %flag_set/imm 4, 0;
    %shiftl 4;
    %store/vec4 v0x7fe1da03dae0_0, 0, 26;
    %load/vec4 v0x7fe1da03dae0_0;
    %parti/s 4, 10, 5;
    %pad/u 32;
    %cmpi/u 5, 0, 32;
    %flag_inv 5; GE is !LT
    %jmp/0xz  T_6.48, 5;
    %load/vec4 v0x7fe1da03dae0_0;
    %parti/s 4, 10, 5;
    %addi 3, 0, 4;
    %ix/load 4, 10, 0;
    %flag_set/imm 4, 0;
    %store/vec4 v0x7fe1da03dae0_0, 4, 4;
T_6.48 ;
    %load/vec4 v0x7fe1da03dae0_0;
    %parti/s 4, 14, 5;
    %pad/u 32;
    %cmpi/u 5, 0, 32;
    %flag_inv 5; GE is !LT
    %jmp/0xz  T_6.50, 5;
    %load/vec4 v0x7fe1da03dae0_0;
    %parti/s 4, 14, 5;
    %addi 3, 0, 4;
    %ix/load 4, 14, 0;
    %flag_set/imm 4, 0;
    %store/vec4 v0x7fe1da03dae0_0, 4, 4;
T_6.50 ;
    %load/vec4 v0x7fe1da03dae0_0;
    %parti/s 4, 18, 6;
    %pad/u 32;
    %cmpi/u 5, 0, 32;
    %flag_inv 5; GE is !LT
    %jmp/0xz  T_6.52, 5;
    %load/vec4 v0x7fe1da03dae0_0;
    %parti/s 4, 18, 6;
    %addi 3, 0, 4;
    %ix/load 4, 18, 0;
    %flag_set/imm 4, 0;
    %store/vec4 v0x7fe1da03dae0_0, 4, 4;
T_6.52 ;
    %load/vec4 v0x7fe1da03dae0_0;
    %parti/s 4, 22, 6;
    %pad/u 32;
    %cmpi/u 5, 0, 32;
    %flag_inv 5; GE is !LT
    %jmp/0xz  T_6.54, 5;
    %load/vec4 v0x7fe1da03dae0_0;
    %parti/s 4, 22, 6;
    %addi 3, 0, 4;
    %ix/load 4, 22, 0;
    %flag_set/imm 4, 0;
    %store/vec4 v0x7fe1da03dae0_0, 4, 4;
T_6.54 ;
    %load/vec4 v0x7fe1da03dae0_0;
    %ix/load 4, 1, 0;
    %flag_set/imm 4, 0;
    %shiftl 4;
    %store/vec4 v0x7fe1da03dae0_0, 0, 26;
    %load/vec4 v0x7fe1da03dae0_0;
    %parti/s 4, 10, 5;
    %pad/u 32;
    %cmpi/u 5, 0, 32;
    %flag_inv 5; GE is !LT
    %jmp/0xz  T_6.56, 5;
    %load/vec4 v0x7fe1da03dae0_0;
    %parti/s 4, 10, 5;
    %addi 3, 0, 4;
    %ix/load 4, 10, 0;
    %flag_set/imm 4, 0;
    %store/vec4 v0x7fe1da03dae0_0, 4, 4;
T_6.56 ;
    %load/vec4 v0x7fe1da03dae0_0;
    %parti/s 4, 14, 5;
    %pad/u 32;
    %cmpi/u 5, 0, 32;
    %flag_inv 5; GE is !LT
    %jmp/0xz  T_6.58, 5;
    %load/vec4 v0x7fe1da03dae0_0;
    %parti/s 4, 14, 5;
    %addi 3, 0, 4;
    %ix/load 4, 14, 0;
    %flag_set/imm 4, 0;
    %store/vec4 v0x7fe1da03dae0_0, 4, 4;
T_6.58 ;
    %load/vec4 v0x7fe1da03dae0_0;
    %parti/s 4, 18, 6;
    %pad/u 32;
    %cmpi/u 5, 0, 32;
    %flag_inv 5; GE is !LT
    %jmp/0xz  T_6.60, 5;
    %load/vec4 v0x7fe1da03dae0_0;
    %parti/s 4, 18, 6;
    %addi 3, 0, 4;
    %ix/load 4, 18, 0;
    %flag_set/imm 4, 0;
    %store/vec4 v0x7fe1da03dae0_0, 4, 4;
T_6.60 ;
    %load/vec4 v0x7fe1da03dae0_0;
    %parti/s 4, 22, 6;
    %pad/u 32;
    %cmpi/u 5, 0, 32;
    %flag_inv 5; GE is !LT
    %jmp/0xz  T_6.62, 5;
    %load/vec4 v0x7fe1da03dae0_0;
    %parti/s 4, 22, 6;
    %addi 3, 0, 4;
    %ix/load 4, 22, 0;
    %flag_set/imm 4, 0;
    %store/vec4 v0x7fe1da03dae0_0, 4, 4;
T_6.62 ;
    %load/vec4 v0x7fe1da03dae0_0;
    %ix/load 4, 1, 0;
    %flag_set/imm 4, 0;
    %shiftl 4;
    %store/vec4 v0x7fe1da03dae0_0, 0, 26;
    %load/vec4 v0x7fe1da03dae0_0;
    %parti/s 4, 10, 5;
    %pad/u 32;
    %cmpi/u 5, 0, 32;
    %flag_inv 5; GE is !LT
    %jmp/0xz  T_6.64, 5;
    %load/vec4 v0x7fe1da03dae0_0;
    %parti/s 4, 10, 5;
    %addi 3, 0, 4;
    %ix/load 4, 10, 0;
    %flag_set/imm 4, 0;
    %store/vec4 v0x7fe1da03dae0_0, 4, 4;
T_6.64 ;
    %load/vec4 v0x7fe1da03dae0_0;
    %parti/s 4, 14, 5;
    %pad/u 32;
    %cmpi/u 5, 0, 32;
    %flag_inv 5; GE is !LT
    %jmp/0xz  T_6.66, 5;
    %load/vec4 v0x7fe1da03dae0_0;
    %parti/s 4, 14, 5;
    %addi 3, 0, 4;
    %ix/load 4, 14, 0;
    %flag_set/imm 4, 0;
    %store/vec4 v0x7fe1da03dae0_0, 4, 4;
T_6.66 ;
    %load/vec4 v0x7fe1da03dae0_0;
    %parti/s 4, 18, 6;
    %pad/u 32;
    %cmpi/u 5, 0, 32;
    %flag_inv 5; GE is !LT
    %jmp/0xz  T_6.68, 5;
    %load/vec4 v0x7fe1da03dae0_0;
    %parti/s 4, 18, 6;
    %addi 3, 0, 4;
    %ix/load 4, 18, 0;
    %flag_set/imm 4, 0;
    %store/vec4 v0x7fe1da03dae0_0, 4, 4;
T_6.68 ;
    %load/vec4 v0x7fe1da03dae0_0;
    %parti/s 4, 22, 6;
    %pad/u 32;
    %cmpi/u 5, 0, 32;
    %flag_inv 5; GE is !LT
    %jmp/0xz  T_6.70, 5;
    %load/vec4 v0x7fe1da03dae0_0;
    %parti/s 4, 22, 6;
    %addi 3, 0, 4;
    %ix/load 4, 22, 0;
    %flag_set/imm 4, 0;
    %store/vec4 v0x7fe1da03dae0_0, 4, 4;
T_6.70 ;
    %load/vec4 v0x7fe1da03dae0_0;
    %ix/load 4, 1, 0;
    %flag_set/imm 4, 0;
    %shiftl 4;
    %store/vec4 v0x7fe1da03dae0_0, 0, 26;
    %load/vec4 v0x7fe1da03dae0_0;
    %parti/s 4, 10, 5;
    %pad/u 32;
    %cmpi/u 5, 0, 32;
    %flag_inv 5; GE is !LT
    %jmp/0xz  T_6.72, 5;
    %load/vec4 v0x7fe1da03dae0_0;
    %parti/s 4, 10, 5;
    %addi 3, 0, 4;
    %ix/load 4, 10, 0;
    %flag_set/imm 4, 0;
    %store/vec4 v0x7fe1da03dae0_0, 4, 4;
T_6.72 ;
    %load/vec4 v0x7fe1da03dae0_0;
    %parti/s 4, 14, 5;
    %pad/u 32;
    %cmpi/u 5, 0, 32;
    %flag_inv 5; GE is !LT
    %jmp/0xz  T_6.74, 5;
    %load/vec4 v0x7fe1da03dae0_0;
    %parti/s 4, 14, 5;
    %addi 3, 0, 4;
    %ix/load 4, 14, 0;
    %flag_set/imm 4, 0;
    %store/vec4 v0x7fe1da03dae0_0, 4, 4;
T_6.74 ;
    %load/vec4 v0x7fe1da03dae0_0;
    %parti/s 4, 18, 6;
    %pad/u 32;
    %cmpi/u 5, 0, 32;
    %flag_inv 5; GE is !LT
    %jmp/0xz  T_6.76, 5;
    %load/vec4 v0x7fe1da03dae0_0;
    %parti/s 4, 18, 6;
    %addi 3, 0, 4;
    %ix/load 4, 18, 0;
    %flag_set/imm 4, 0;
    %store/vec4 v0x7fe1da03dae0_0, 4, 4;
T_6.76 ;
    %load/vec4 v0x7fe1da03dae0_0;
    %parti/s 4, 22, 6;
    %pad/u 32;
    %cmpi/u 5, 0, 32;
    %flag_inv 5; GE is !LT
    %jmp/0xz  T_6.78, 5;
    %load/vec4 v0x7fe1da03dae0_0;
    %parti/s 4, 22, 6;
    %addi 3, 0, 4;
    %ix/load 4, 22, 0;
    %flag_set/imm 4, 0;
    %store/vec4 v0x7fe1da03dae0_0, 4, 4;
T_6.78 ;
    %load/vec4 v0x7fe1da03dae0_0;
    %ix/load 4, 1, 0;
    %flag_set/imm 4, 0;
    %shiftl 4;
    %store/vec4 v0x7fe1da03dae0_0, 0, 26;
    %load/vec4 v0x7fe1da03dae0_0;
    %parti/s 4, 10, 5;
    %assign/vec4 v0x7fe1da03d8d0_0, 0;
    %load/vec4 v0x7fe1da03dae0_0;
    %parti/s 4, 14, 5;
    %assign/vec4 v0x7fe1da03d960_0, 0;
    %load/vec4 v0x7fe1da03dae0_0;
    %parti/s 4, 18, 6;
    %assign/vec4 v0x7fe1da03d770_0, 0;
    %load/vec4 v0x7fe1da03dae0_0;
    %parti/s 4, 22, 6;
    %assign/vec4 v0x7fe1da03d9f0_0, 0;
    %jmp T_6;
    .thread T_6, $push;
    .scope S_0x7fe1da03e4e0;
T_7 ;
    %wait E_0x7fe1da03e730;
    %load/vec4 v0x7fe1da03e780_0;
    %dup/vec4;
    %pushi/vec4 0, 0, 4;
    %cmp/u;
    %jmp/1 T_7.0, 6;
    %dup/vec4;
    %pushi/vec4 1, 0, 4;
    %cmp/u;
    %jmp/1 T_7.1, 6;
    %dup/vec4;
    %pushi/vec4 2, 0, 4;
    %cmp/u;
    %jmp/1 T_7.2, 6;
    %dup/vec4;
    %pushi/vec4 3, 0, 4;
    %cmp/u;
    %jmp/1 T_7.3, 6;
    %dup/vec4;
    %pushi/vec4 4, 0, 4;
    %cmp/u;
    %jmp/1 T_7.4, 6;
    %dup/vec4;
    %pushi/vec4 5, 0, 4;
    %cmp/u;
    %jmp/1 T_7.5, 6;
    %dup/vec4;
    %pushi/vec4 6, 0, 4;
    %cmp/u;
    %jmp/1 T_7.6, 6;
    %dup/vec4;
    %pushi/vec4 7, 0, 4;
    %cmp/u;
    %jmp/1 T_7.7, 6;
    %dup/vec4;
    %pushi/vec4 8, 0, 4;
    %cmp/u;
    %jmp/1 T_7.8, 6;
    %dup/vec4;
    %pushi/vec4 9, 0, 4;
    %cmp/u;
    %jmp/1 T_7.9, 6;
    %pushi/vec4 0, 0, 8;
    %store/vec4 v0x7fe1da03e870_0, 0, 8;
    %jmp T_7.11;
T_7.0 ;
    %pushi/vec4 192, 0, 8;
    %store/vec4 v0x7fe1da03e870_0, 0, 8;
    %jmp T_7.11;
T_7.1 ;
    %pushi/vec4 249, 0, 8;
    %store/vec4 v0x7fe1da03e870_0, 0, 8;
    %jmp T_7.11;
T_7.2 ;
    %pushi/vec4 164, 0, 8;
    %store/vec4 v0x7fe1da03e870_0, 0, 8;
    %jmp T_7.11;
T_7.3 ;
    %pushi/vec4 176, 0, 8;
    %store/vec4 v0x7fe1da03e870_0, 0, 8;
    %jmp T_7.11;
T_7.4 ;
    %pushi/vec4 153, 0, 8;
    %store/vec4 v0x7fe1da03e870_0, 0, 8;
    %jmp T_7.11;
T_7.5 ;
    %pushi/vec4 146, 0, 8;
    %store/vec4 v0x7fe1da03e870_0, 0, 8;
    %jmp T_7.11;
T_7.6 ;
    %pushi/vec4 130, 0, 8;
    %store/vec4 v0x7fe1da03e870_0, 0, 8;
    %jmp T_7.11;
T_7.7 ;
    %pushi/vec4 248, 0, 8;
    %store/vec4 v0x7fe1da03e870_0, 0, 8;
    %jmp T_7.11;
T_7.8 ;
    %pushi/vec4 128, 0, 8;
    %store/vec4 v0x7fe1da03e870_0, 0, 8;
    %jmp T_7.11;
T_7.9 ;
    %pushi/vec4 144, 0, 8;
    %store/vec4 v0x7fe1da03e870_0, 0, 8;
    %jmp T_7.11;
T_7.11 ;
    %pop/vec4 1;
    %jmp T_7;
    .thread T_7, $push;
    .scope S_0x7fe1da03e900;
T_8 ;
    %wait E_0x7fe1da03eb50;
    %load/vec4 v0x7fe1da03eba0_0;
    %dup/vec4;
    %pushi/vec4 0, 0, 4;
    %cmp/u;
    %jmp/1 T_8.0, 6;
    %dup/vec4;
    %pushi/vec4 1, 0, 4;
    %cmp/u;
    %jmp/1 T_8.1, 6;
    %dup/vec4;
    %pushi/vec4 2, 0, 4;
    %cmp/u;
    %jmp/1 T_8.2, 6;
    %dup/vec4;
    %pushi/vec4 3, 0, 4;
    %cmp/u;
    %jmp/1 T_8.3, 6;
    %dup/vec4;
    %pushi/vec4 4, 0, 4;
    %cmp/u;
    %jmp/1 T_8.4, 6;
    %dup/vec4;
    %pushi/vec4 5, 0, 4;
    %cmp/u;
    %jmp/1 T_8.5, 6;
    %dup/vec4;
    %pushi/vec4 6, 0, 4;
    %cmp/u;
    %jmp/1 T_8.6, 6;
    %dup/vec4;
    %pushi/vec4 7, 0, 4;
    %cmp/u;
    %jmp/1 T_8.7, 6;
    %dup/vec4;
    %pushi/vec4 8, 0, 4;
    %cmp/u;
    %jmp/1 T_8.8, 6;
    %dup/vec4;
    %pushi/vec4 9, 0, 4;
    %cmp/u;
    %jmp/1 T_8.9, 6;
    %pushi/vec4 0, 0, 8;
    %store/vec4 v0x7fe1da03ec90_0, 0, 8;
    %jmp T_8.11;
T_8.0 ;
    %pushi/vec4 192, 0, 8;
    %store/vec4 v0x7fe1da03ec90_0, 0, 8;
    %jmp T_8.11;
T_8.1 ;
    %pushi/vec4 249, 0, 8;
    %store/vec4 v0x7fe1da03ec90_0, 0, 8;
    %jmp T_8.11;
T_8.2 ;
    %pushi/vec4 164, 0, 8;
    %store/vec4 v0x7fe1da03ec90_0, 0, 8;
    %jmp T_8.11;
T_8.3 ;
    %pushi/vec4 176, 0, 8;
    %store/vec4 v0x7fe1da03ec90_0, 0, 8;
    %jmp T_8.11;
T_8.4 ;
    %pushi/vec4 153, 0, 8;
    %store/vec4 v0x7fe1da03ec90_0, 0, 8;
    %jmp T_8.11;
T_8.5 ;
    %pushi/vec4 146, 0, 8;
    %store/vec4 v0x7fe1da03ec90_0, 0, 8;
    %jmp T_8.11;
T_8.6 ;
    %pushi/vec4 130, 0, 8;
    %store/vec4 v0x7fe1da03ec90_0, 0, 8;
    %jmp T_8.11;
T_8.7 ;
    %pushi/vec4 248, 0, 8;
    %store/vec4 v0x7fe1da03ec90_0, 0, 8;
    %jmp T_8.11;
T_8.8 ;
    %pushi/vec4 128, 0, 8;
    %store/vec4 v0x7fe1da03ec90_0, 0, 8;
    %jmp T_8.11;
T_8.9 ;
    %pushi/vec4 144, 0, 8;
    %store/vec4 v0x7fe1da03ec90_0, 0, 8;
    %jmp T_8.11;
T_8.11 ;
    %pop/vec4 1;
    %jmp T_8;
    .thread T_8, $push;
    .scope S_0x7fe1da03ed20;
T_9 ;
    %wait E_0x7fe1da03ef90;
    %load/vec4 v0x7fe1da03efd0_0;
    %dup/vec4;
    %pushi/vec4 0, 0, 4;
    %cmp/u;
    %jmp/1 T_9.0, 6;
    %dup/vec4;
    %pushi/vec4 1, 0, 4;
    %cmp/u;
    %jmp/1 T_9.1, 6;
    %dup/vec4;
    %pushi/vec4 2, 0, 4;
    %cmp/u;
    %jmp/1 T_9.2, 6;
    %dup/vec4;
    %pushi/vec4 3, 0, 4;
    %cmp/u;
    %jmp/1 T_9.3, 6;
    %dup/vec4;
    %pushi/vec4 4, 0, 4;
    %cmp/u;
    %jmp/1 T_9.4, 6;
    %dup/vec4;
    %pushi/vec4 5, 0, 4;
    %cmp/u;
    %jmp/1 T_9.5, 6;
    %dup/vec4;
    %pushi/vec4 6, 0, 4;
    %cmp/u;
    %jmp/1 T_9.6, 6;
    %dup/vec4;
    %pushi/vec4 7, 0, 4;
    %cmp/u;
    %jmp/1 T_9.7, 6;
    %dup/vec4;
    %pushi/vec4 8, 0, 4;
    %cmp/u;
    %jmp/1 T_9.8, 6;
    %dup/vec4;
    %pushi/vec4 9, 0, 4;
    %cmp/u;
    %jmp/1 T_9.9, 6;
    %pushi/vec4 0, 0, 8;
    %store/vec4 v0x7fe1da03f0c0_0, 0, 8;
    %jmp T_9.11;
T_9.0 ;
    %pushi/vec4 192, 0, 8;
    %store/vec4 v0x7fe1da03f0c0_0, 0, 8;
    %jmp T_9.11;
T_9.1 ;
    %pushi/vec4 249, 0, 8;
    %store/vec4 v0x7fe1da03f0c0_0, 0, 8;
    %jmp T_9.11;
T_9.2 ;
    %pushi/vec4 164, 0, 8;
    %store/vec4 v0x7fe1da03f0c0_0, 0, 8;
    %jmp T_9.11;
T_9.3 ;
    %pushi/vec4 176, 0, 8;
    %store/vec4 v0x7fe1da03f0c0_0, 0, 8;
    %jmp T_9.11;
T_9.4 ;
    %pushi/vec4 153, 0, 8;
    %store/vec4 v0x7fe1da03f0c0_0, 0, 8;
    %jmp T_9.11;
T_9.5 ;
    %pushi/vec4 146, 0, 8;
    %store/vec4 v0x7fe1da03f0c0_0, 0, 8;
    %jmp T_9.11;
T_9.6 ;
    %pushi/vec4 130, 0, 8;
    %store/vec4 v0x7fe1da03f0c0_0, 0, 8;
    %jmp T_9.11;
T_9.7 ;
    %pushi/vec4 248, 0, 8;
    %store/vec4 v0x7fe1da03f0c0_0, 0, 8;
    %jmp T_9.11;
T_9.8 ;
    %pushi/vec4 128, 0, 8;
    %store/vec4 v0x7fe1da03f0c0_0, 0, 8;
    %jmp T_9.11;
T_9.9 ;
    %pushi/vec4 144, 0, 8;
    %store/vec4 v0x7fe1da03f0c0_0, 0, 8;
    %jmp T_9.11;
T_9.11 ;
    %pop/vec4 1;
    %jmp T_9;
    .thread T_9, $push;
    .scope S_0x7fe1da03f150;
T_10 ;
    %wait E_0x7fe1da03f3a0;
    %load/vec4 v0x7fe1da03f3f0_0;
    %dup/vec4;
    %pushi/vec4 0, 0, 4;
    %cmp/u;
    %jmp/1 T_10.0, 6;
    %dup/vec4;
    %pushi/vec4 1, 0, 4;
    %cmp/u;
    %jmp/1 T_10.1, 6;
    %dup/vec4;
    %pushi/vec4 2, 0, 4;
    %cmp/u;
    %jmp/1 T_10.2, 6;
    %dup/vec4;
    %pushi/vec4 3, 0, 4;
    %cmp/u;
    %jmp/1 T_10.3, 6;
    %dup/vec4;
    %pushi/vec4 4, 0, 4;
    %cmp/u;
    %jmp/1 T_10.4, 6;
    %dup/vec4;
    %pushi/vec4 5, 0, 4;
    %cmp/u;
    %jmp/1 T_10.5, 6;
    %dup/vec4;
    %pushi/vec4 6, 0, 4;
    %cmp/u;
    %jmp/1 T_10.6, 6;
    %dup/vec4;
    %pushi/vec4 7, 0, 4;
    %cmp/u;
    %jmp/1 T_10.7, 6;
    %dup/vec4;
    %pushi/vec4 8, 0, 4;
    %cmp/u;
    %jmp/1 T_10.8, 6;
    %dup/vec4;
    %pushi/vec4 9, 0, 4;
    %cmp/u;
    %jmp/1 T_10.9, 6;
    %pushi/vec4 0, 0, 8;
    %store/vec4 v0x7fe1da03f4e0_0, 0, 8;
    %jmp T_10.11;
T_10.0 ;
    %pushi/vec4 192, 0, 8;
    %store/vec4 v0x7fe1da03f4e0_0, 0, 8;
    %jmp T_10.11;
T_10.1 ;
    %pushi/vec4 249, 0, 8;
    %store/vec4 v0x7fe1da03f4e0_0, 0, 8;
    %jmp T_10.11;
T_10.2 ;
    %pushi/vec4 164, 0, 8;
    %store/vec4 v0x7fe1da03f4e0_0, 0, 8;
    %jmp T_10.11;
T_10.3 ;
    %pushi/vec4 176, 0, 8;
    %store/vec4 v0x7fe1da03f4e0_0, 0, 8;
    %jmp T_10.11;
T_10.4 ;
    %pushi/vec4 153, 0, 8;
    %store/vec4 v0x7fe1da03f4e0_0, 0, 8;
    %jmp T_10.11;
T_10.5 ;
    %pushi/vec4 146, 0, 8;
    %store/vec4 v0x7fe1da03f4e0_0, 0, 8;
    %jmp T_10.11;
T_10.6 ;
    %pushi/vec4 130, 0, 8;
    %store/vec4 v0x7fe1da03f4e0_0, 0, 8;
    %jmp T_10.11;
T_10.7 ;
    %pushi/vec4 248, 0, 8;
    %store/vec4 v0x7fe1da03f4e0_0, 0, 8;
    %jmp T_10.11;
T_10.8 ;
    %pushi/vec4 128, 0, 8;
    %store/vec4 v0x7fe1da03f4e0_0, 0, 8;
    %jmp T_10.11;
T_10.9 ;
    %pushi/vec4 144, 0, 8;
    %store/vec4 v0x7fe1da03f4e0_0, 0, 8;
    %jmp T_10.11;
T_10.11 ;
    %pop/vec4 1;
    %jmp T_10;
    .thread T_10, $push;
    .scope S_0x7fe1da03f570;
T_11 ;
    %pushi/vec4 0, 0, 2;
    %store/vec4 v0x7fe1da03f870_0, 0, 2;
    %end;
    .thread T_11;
    .scope S_0x7fe1da03f570;
T_12 ;
    %wait E_0x7fe1da03ca20;
    %load/vec4 v0x7fe1da03f870_0;
    %addi 1, 0, 2;
    %store/vec4 v0x7fe1da03f870_0, 0, 2;
    %jmp T_12;
    .thread T_12;
    .scope S_0x7fe1da03f910;
T_13 ;
    %pushi/vec4 0, 0, 8;
    %store/vec4 v0x7fe1da03ff00_0, 0, 8;
    %end;
    .thread T_13;
    .scope S_0x7fe1da03f910;
T_14 ;
    %wait E_0x7fe1da03fbf0;
    %load/vec4 v0x7fe1da03ffd0_0;
    %dup/vec4;
    %pushi/vec4 0, 0, 2;
    %cmp/u;
    %jmp/1 T_14.0, 6;
    %dup/vec4;
    %pushi/vec4 1, 0, 2;
    %cmp/u;
    %jmp/1 T_14.1, 6;
    %dup/vec4;
    %pushi/vec4 2, 0, 2;
    %cmp/u;
    %jmp/1 T_14.2, 6;
    %dup/vec4;
    %pushi/vec4 3, 0, 2;
    %cmp/u;
    %jmp/1 T_14.3, 6;
    %pushi/vec4 0, 0, 8;
    %store/vec4 v0x7fe1da03ff00_0, 0, 8;
    %jmp T_14.5;
T_14.0 ;
    %load/vec4 v0x7fe1da03fc60_0;
    %store/vec4 v0x7fe1da03ff00_0, 0, 8;
    %jmp T_14.5;
T_14.1 ;
    %load/vec4 v0x7fe1da03fd30_0;
    %store/vec4 v0x7fe1da03ff00_0, 0, 8;
    %jmp T_14.5;
T_14.2 ;
    %load/vec4 v0x7fe1da03fdc0_0;
    %store/vec4 v0x7fe1da03ff00_0, 0, 8;
    %jmp T_14.5;
T_14.3 ;
    %load/vec4 v0x7fe1da03fe50_0;
    %store/vec4 v0x7fe1da03ff00_0, 0, 8;
    %jmp T_14.5;
T_14.5 ;
    %pop/vec4 1;
    %jmp T_14;
    .thread T_14, $push;
    .scope S_0x7fe1da0400f0;
T_15 ;
    %pushi/vec4 0, 0, 4;
    %store/vec4 v0x7fe1da0403a0_0, 0, 4;
    %end;
    .thread T_15;
    .scope S_0x7fe1da0400f0;
T_16 ;
    %wait E_0x7fe1da040360;
    %load/vec4 v0x7fe1da040460_0;
    %dup/vec4;
    %pushi/vec4 0, 0, 2;
    %cmp/u;
    %jmp/1 T_16.0, 6;
    %dup/vec4;
    %pushi/vec4 1, 0, 2;
    %cmp/u;
    %jmp/1 T_16.1, 6;
    %dup/vec4;
    %pushi/vec4 2, 0, 2;
    %cmp/u;
    %jmp/1 T_16.2, 6;
    %dup/vec4;
    %pushi/vec4 3, 0, 2;
    %cmp/u;
    %jmp/1 T_16.3, 6;
    %jmp T_16.4;
T_16.0 ;
    %pushi/vec4 14, 0, 4;
    %assign/vec4 v0x7fe1da0403a0_0, 0;
    %jmp T_16.4;
T_16.1 ;
    %pushi/vec4 13, 0, 4;
    %assign/vec4 v0x7fe1da0403a0_0, 0;
    %jmp T_16.4;
T_16.2 ;
    %pushi/vec4 11, 0, 4;
    %assign/vec4 v0x7fe1da0403a0_0, 0;
    %jmp T_16.4;
T_16.3 ;
    %pushi/vec4 7, 0, 4;
    %assign/vec4 v0x7fe1da0403a0_0, 0;
    %jmp T_16.4;
T_16.4 ;
    %pop/vec4 1;
    %jmp T_16;
    .thread T_16, $push;
    .scope S_0x7fe1d9705c80;
T_17 ;
    %pushi/vec4 0, 0, 1;
    %store/vec4 v0x7fe1da041500_0, 0, 1;
    %pushi/vec4 0, 0, 1;
    %store/vec4 v0x7fe1da0416d0_0, 0, 1;
    %end;
    .thread T_17;
    .scope S_0x7fe1d9705c80;
T_18 ;
    %load/vec4 v0x7fe1da0416d0_0;
    %inv;
    %store/vec4 v0x7fe1da0416d0_0, 0, 1;
    %delay 1, 0;
    %jmp T_18;
    .thread T_18;
    .scope S_0x7fe1d9705c80;
T_19 ;
    %vpi_call 2 40 "$dumpfile", "waveform.vcd" {0 0 0};
    %vpi_call 2 41 "$dumpvars", 32'sb00000000000000000000000000000000, S_0x7fe1d9705c80 {0 0 0};
    %delay 10, 0;
    %fork t_1, S_0x7fe1d9705df0;
    %jmp t_0;
    .scope S_0x7fe1d9705df0;
t_1 ;
    %pushi/vec4 0, 0, 32;
    %store/vec4 v0x7fe1d9705fb0_0, 0, 32;
T_19.0 ;
    %load/vec4 v0x7fe1d9705fb0_0;
    %cmpi/s 246, 0, 32;
    %jmp/0xz T_19.1, 5;
    %load/vec4 v0x7fe1da041500_0;
    %inv;
    %store/vec4 v0x7fe1da041500_0, 0, 1;
    %delay 4, 0;
    %load/vec4 v0x7fe1d9705fb0_0;
    %addi 1, 0, 32;
    %store/vec4 v0x7fe1d9705fb0_0, 0, 32;
    %jmp T_19.0;
T_19.1 ;
    %end;
    .scope S_0x7fe1d9705c80;
t_0 %join;
    %delay 16, 0;
    %vpi_call 2 48 "$finish" {0 0 0};
    %end;
    .thread T_19;
# The file index is used to find the file name in the following table.
:file_names 11;
    "N/A";
    "<interactive>";
    "TestModules/MiniProjectTop.v";
    "./TestModules/MicSignalHandler/MicSignalHandlerTop/MSH_VSCODE.v";
    "./TestModules/MicSignalHandler/HzCounter/HzCounter.v";
    "./TestModules/MicSignalHandler/BCD/BCD_Double_Dabble.v";
    "./TestModules/Display/DisplayTop/VSCODEDisplayTop.v";
    "./TestModules/Display/DigitDecoder/DigitDecoder.v";
    "./TestModules/Display/SyncCounter/SyncCounter.v";
    "./TestModules/Display/DisplayMUX/DisplayMUX.v";
    "./TestModules/Display/CathodeDecoder/CathodeDecoder.v";
