#! /usr/local/Cellar/icarus-verilog/12.0/bin/vvp
:ivl_version "12.0 (stable)";
:ivl_delay_selection "TYPICAL";
:vpi_time_precision - 9;
:vpi_module "/usr/local/Cellar/icarus-verilog/12.0/lib/ivl/system.vpi";
:vpi_module "/usr/local/Cellar/icarus-verilog/12.0/lib/ivl/vhdl_sys.vpi";
:vpi_module "/usr/local/Cellar/icarus-verilog/12.0/lib/ivl/vhdl_textio.vpi";
:vpi_module "/usr/local/Cellar/icarus-verilog/12.0/lib/ivl/v2005_math.vpi";
:vpi_module "/usr/local/Cellar/icarus-verilog/12.0/lib/ivl/va_math.vpi";
S_0x7fd83c304160 .scope module, "testbench" "testbench" 2 3;
 .timescale -9 -9;
v0x7fd83c204f40_0 .var "DutyCycle", 1 0;
v0x7fd83c204fd0_0 .net "PulseSignal", 0 0, v0x7fd83c213c00_0;  1 drivers
v0x7fd83c205060_0 .var "clk", 0 0;
S_0x7fd83c3042e0 .scope module, "UUT" "MotorPWM" 2 6, 3 1 0, S_0x7fd83c304160;
 .timescale -9 -9;
    .port_info 0 /INPUT 1 "clk";
    .port_info 1 /INPUT 2 "DutyCycle";
    .port_info 2 /OUTPUT 1 "PulseSignal";
P_0x7fd83c3044b0 .param/l "DynamicEighty" 0 3 12, C4<10>;
P_0x7fd83c3044f0 .param/l "DynamicForty" 0 3 11, C4<01>;
P_0x7fd83c304530 .param/l "EightyDuty" 0 3 7, C4<10011100010000>;
P_0x7fd83c304570 .param/l "FivePercent" 0 3 8, C4<00001001110001>;
P_0x7fd83c3045b0 .param/l "FortyDuty" 0 3 5, C4<01001110001000>;
P_0x7fd83c3045f0 .param/l "HalfDuty" 0 3 6, C4<01100001101010>;
P_0x7fd83c304630 .param/l "StaticForty" 0 3 10, C4<00>;
P_0x7fd83c304670 .param/l "StaticFull" 0 3 13, C4<11>;
v0x7fd83c304a30_0 .net "DutyCycle", 1 0, v0x7fd83c204f40_0;  1 drivers
v0x7fd83c218780_0 .var "OneSecond", 25 0;
v0x7fd83c213b70_0 .var "Overdrive_Level", 1 0;
v0x7fd83c213c00_0 .var "PulseSignal", 0 0;
v0x7fd83c213c90_0 .var "STATE", 1 0;
v0x7fd83c204e20_0 .net "clk", 0 0, v0x7fd83c205060_0;  1 drivers
v0x7fd83c204eb0_0 .var "count", 13 0;
E_0x7fd83c304990/0 .event anyedge, v0x7fd83c304a30_0;
E_0x7fd83c304990/1 .event posedge, v0x7fd83c204e20_0;
E_0x7fd83c304990 .event/or E_0x7fd83c304990/0, E_0x7fd83c304990/1;
E_0x7fd83c3049e0 .event posedge, v0x7fd83c204e20_0;
    .scope S_0x7fd83c3042e0;
T_0 ;
    %pushi/vec4 0, 0, 1;
    %store/vec4 v0x7fd83c213c00_0, 0, 1;
    %pushi/vec4 0, 0, 14;
    %store/vec4 v0x7fd83c204eb0_0, 0, 14;
    %pushi/vec4 0, 0, 26;
    %store/vec4 v0x7fd83c218780_0, 0, 26;
    %pushi/vec4 0, 0, 2;
    %store/vec4 v0x7fd83c213c90_0, 0, 2;
    %pushi/vec4 0, 0, 2;
    %store/vec4 v0x7fd83c213b70_0, 0, 2;
    %end;
    .thread T_0;
    .scope S_0x7fd83c3042e0;
T_1 ;
    %wait E_0x7fd83c3049e0;
    %load/vec4 v0x7fd83c204eb0_0;
    %cmpi/u 12500, 0, 14;
    %flag_inv 5; GE is !LT
    %jmp/0xz  T_1.0, 5;
    %pushi/vec4 0, 0, 14;
    %store/vec4 v0x7fd83c204eb0_0, 0, 14;
    %load/vec4 v0x7fd83c204eb0_0;
    %addi 1, 0, 14;
    %store/vec4 v0x7fd83c204eb0_0, 0, 14;
    %jmp T_1.1;
T_1.0 ;
    %load/vec4 v0x7fd83c204eb0_0;
    %addi 1, 0, 14;
    %store/vec4 v0x7fd83c204eb0_0, 0, 14;
T_1.1 ;
    %jmp T_1;
    .thread T_1;
    .scope S_0x7fd83c3042e0;
T_2 ;
    %wait E_0x7fd83c3049e0;
    %load/vec4 v0x7fd83c218780_0;
    %cmpi/u 5, 0, 26;
    %flag_inv 5; GE is !LT
    %jmp/0xz  T_2.0, 5;
    %load/vec4 v0x7fd83c213b70_0;
    %cmpi/ne 2, 0, 2;
    %jmp/0xz  T_2.2, 4;
    %load/vec4 v0x7fd83c213b70_0;
    %addi 1, 0, 2;
    %store/vec4 v0x7fd83c213b70_0, 0, 2;
T_2.2 ;
    %pushi/vec4 0, 0, 26;
    %store/vec4 v0x7fd83c218780_0, 0, 26;
    %load/vec4 v0x7fd83c218780_0;
    %addi 1, 0, 26;
    %store/vec4 v0x7fd83c218780_0, 0, 26;
    %jmp T_2.1;
T_2.0 ;
    %load/vec4 v0x7fd83c218780_0;
    %addi 1, 0, 26;
    %store/vec4 v0x7fd83c218780_0, 0, 26;
T_2.1 ;
    %jmp T_2;
    .thread T_2;
    .scope S_0x7fd83c3042e0;
T_3 ;
    %wait E_0x7fd83c304990;
    %load/vec4 v0x7fd83c213c90_0;
    %dup/vec4;
    %pushi/vec4 0, 0, 2;
    %cmp/u;
    %jmp/1 T_3.0, 6;
    %dup/vec4;
    %pushi/vec4 1, 0, 2;
    %cmp/u;
    %jmp/1 T_3.1, 6;
    %dup/vec4;
    %pushi/vec4 2, 0, 2;
    %cmp/u;
    %jmp/1 T_3.2, 6;
    %dup/vec4;
    %pushi/vec4 3, 0, 2;
    %cmp/u;
    %jmp/1 T_3.3, 6;
    %jmp T_3.4;
T_3.0 ;
    %load/vec4 v0x7fd83c304a30_0;
    %cmpi/e 1, 0, 2;
    %jmp/0xz  T_3.5, 4;
    %pushi/vec4 0, 0, 26;
    %assign/vec4 v0x7fd83c218780_0, 0;
    %pushi/vec4 0, 0, 2;
    %assign/vec4 v0x7fd83c213b70_0, 0;
    %pushi/vec4 1, 0, 2;
    %assign/vec4 v0x7fd83c213c90_0, 0;
    %jmp T_3.6;
T_3.5 ;
    %load/vec4 v0x7fd83c304a30_0;
    %cmpi/e 2, 0, 2;
    %jmp/0xz  T_3.7, 4;
    %pushi/vec4 0, 0, 26;
    %assign/vec4 v0x7fd83c218780_0, 0;
    %pushi/vec4 0, 0, 2;
    %assign/vec4 v0x7fd83c213b70_0, 0;
    %pushi/vec4 2, 0, 2;
    %assign/vec4 v0x7fd83c213c90_0, 0;
    %jmp T_3.8;
T_3.7 ;
    %load/vec4 v0x7fd83c304a30_0;
    %cmpi/e 3, 0, 2;
    %jmp/0xz  T_3.9, 4;
    %pushi/vec4 3, 0, 2;
    %store/vec4 v0x7fd83c213c90_0, 0, 2;
T_3.9 ;
T_3.8 ;
T_3.6 ;
    %jmp T_3.4;
T_3.1 ;
    %load/vec4 v0x7fd83c304a30_0;
    %cmpi/e 0, 0, 2;
    %jmp/0xz  T_3.11, 4;
    %pushi/vec4 0, 0, 2;
    %assign/vec4 v0x7fd83c213c90_0, 0;
    %jmp T_3.12;
T_3.11 ;
    %load/vec4 v0x7fd83c304a30_0;
    %cmpi/e 2, 0, 2;
    %jmp/0xz  T_3.13, 4;
    %pushi/vec4 0, 0, 26;
    %assign/vec4 v0x7fd83c218780_0, 0;
    %pushi/vec4 0, 0, 2;
    %assign/vec4 v0x7fd83c213b70_0, 0;
    %pushi/vec4 2, 0, 2;
    %assign/vec4 v0x7fd83c213c90_0, 0;
    %jmp T_3.14;
T_3.13 ;
    %load/vec4 v0x7fd83c304a30_0;
    %cmpi/e 3, 0, 2;
    %jmp/0xz  T_3.15, 4;
    %pushi/vec4 3, 0, 2;
    %store/vec4 v0x7fd83c213c90_0, 0, 2;
T_3.15 ;
T_3.14 ;
T_3.12 ;
    %jmp T_3.4;
T_3.2 ;
    %load/vec4 v0x7fd83c304a30_0;
    %cmpi/e 0, 0, 2;
    %jmp/0xz  T_3.17, 4;
    %pushi/vec4 0, 0, 2;
    %assign/vec4 v0x7fd83c213c90_0, 0;
    %jmp T_3.18;
T_3.17 ;
    %load/vec4 v0x7fd83c304a30_0;
    %cmpi/e 1, 0, 2;
    %jmp/0xz  T_3.19, 4;
    %pushi/vec4 0, 0, 26;
    %assign/vec4 v0x7fd83c218780_0, 0;
    %pushi/vec4 0, 0, 2;
    %assign/vec4 v0x7fd83c213b70_0, 0;
    %pushi/vec4 1, 0, 2;
    %assign/vec4 v0x7fd83c213c90_0, 0;
    %jmp T_3.20;
T_3.19 ;
    %load/vec4 v0x7fd83c304a30_0;
    %cmpi/e 3, 0, 2;
    %jmp/0xz  T_3.21, 4;
    %pushi/vec4 3, 0, 2;
    %store/vec4 v0x7fd83c213c90_0, 0, 2;
T_3.21 ;
T_3.20 ;
T_3.18 ;
    %jmp T_3.4;
T_3.3 ;
    %load/vec4 v0x7fd83c304a30_0;
    %cmpi/e 0, 0, 2;
    %jmp/0xz  T_3.23, 4;
    %pushi/vec4 0, 0, 2;
    %assign/vec4 v0x7fd83c213c90_0, 0;
    %jmp T_3.24;
T_3.23 ;
    %load/vec4 v0x7fd83c304a30_0;
    %cmpi/e 1, 0, 2;
    %jmp/0xz  T_3.25, 4;
    %pushi/vec4 0, 0, 26;
    %assign/vec4 v0x7fd83c218780_0, 0;
    %pushi/vec4 0, 0, 2;
    %assign/vec4 v0x7fd83c213b70_0, 0;
    %pushi/vec4 1, 0, 2;
    %assign/vec4 v0x7fd83c213c90_0, 0;
    %jmp T_3.26;
T_3.25 ;
    %load/vec4 v0x7fd83c304a30_0;
    %cmpi/e 2, 0, 2;
    %jmp/0xz  T_3.27, 4;
    %pushi/vec4 0, 0, 26;
    %assign/vec4 v0x7fd83c218780_0, 0;
    %pushi/vec4 0, 0, 2;
    %assign/vec4 v0x7fd83c213b70_0, 0;
    %pushi/vec4 2, 0, 2;
    %assign/vec4 v0x7fd83c213c90_0, 0;
T_3.27 ;
T_3.26 ;
T_3.24 ;
    %jmp T_3.4;
T_3.4 ;
    %pop/vec4 1;
    %load/vec4 v0x7fd83c213c90_0;
    %dup/vec4;
    %pushi/vec4 0, 0, 2;
    %cmp/u;
    %jmp/1 T_3.29, 6;
    %dup/vec4;
    %pushi/vec4 1, 0, 2;
    %cmp/u;
    %jmp/1 T_3.30, 6;
    %dup/vec4;
    %pushi/vec4 2, 0, 2;
    %cmp/u;
    %jmp/1 T_3.31, 6;
    %dup/vec4;
    %pushi/vec4 3, 0, 2;
    %cmp/u;
    %jmp/1 T_3.32, 6;
    %pushi/vec4 0, 0, 1;
    %store/vec4 v0x7fd83c213c00_0, 0, 1;
    %jmp T_3.34;
T_3.29 ;
    %load/vec4 v0x7fd83c204eb0_0;
    %cmpi/u 5000, 0, 14;
    %flag_or 5, 4;
    %jmp/0xz  T_3.35, 5;
    %pushi/vec4 1, 0, 1;
    %store/vec4 v0x7fd83c213c00_0, 0, 1;
    %jmp T_3.36;
T_3.35 ;
    %pushi/vec4 0, 0, 1;
    %store/vec4 v0x7fd83c213c00_0, 0, 1;
T_3.36 ;
    %jmp T_3.34;
T_3.30 ;
    %load/vec4 v0x7fd83c213b70_0;
    %dup/vec4;
    %pushi/vec4 0, 0, 2;
    %cmp/u;
    %jmp/1 T_3.37, 6;
    %dup/vec4;
    %pushi/vec4 1, 0, 2;
    %cmp/u;
    %jmp/1 T_3.38, 6;
    %dup/vec4;
    %pushi/vec4 2, 0, 2;
    %cmp/u;
    %jmp/1 T_3.39, 6;
    %dup/vec4;
    %pushi/vec4 3, 0, 2;
    %cmp/u;
    %jmp/1 T_3.40, 6;
    %jmp T_3.41;
T_3.37 ;
    %load/vec4 v0x7fd83c204eb0_0;
    %cmpi/u 5000, 0, 14;
    %flag_or 5, 4;
    %jmp/0xz  T_3.42, 5;
    %pushi/vec4 1, 0, 1;
    %store/vec4 v0x7fd83c213c00_0, 0, 1;
    %jmp T_3.43;
T_3.42 ;
    %pushi/vec4 0, 0, 1;
    %store/vec4 v0x7fd83c213c00_0, 0, 1;
T_3.43 ;
    %jmp T_3.41;
T_3.38 ;
    %load/vec4 v0x7fd83c204eb0_0;
    %cmpi/u 4375, 0, 14;
    %flag_or 5, 4;
    %jmp/0xz  T_3.44, 5;
    %pushi/vec4 1, 0, 1;
    %store/vec4 v0x7fd83c213c00_0, 0, 1;
    %jmp T_3.45;
T_3.44 ;
    %pushi/vec4 0, 0, 1;
    %store/vec4 v0x7fd83c213c00_0, 0, 1;
T_3.45 ;
    %jmp T_3.41;
T_3.39 ;
    %load/vec4 v0x7fd83c204eb0_0;
    %pad/u 32;
    %cmpi/u 3750, 0, 32;
    %flag_or 5, 4;
    %jmp/0xz  T_3.46, 5;
    %pushi/vec4 1, 0, 1;
    %store/vec4 v0x7fd83c213c00_0, 0, 1;
    %jmp T_3.47;
T_3.46 ;
    %pushi/vec4 0, 0, 1;
    %store/vec4 v0x7fd83c213c00_0, 0, 1;
T_3.47 ;
    %jmp T_3.41;
T_3.40 ;
    %load/vec4 v0x7fd83c204eb0_0;
    %pad/u 32;
    %cmpi/u 3125, 0, 32;
    %flag_or 5, 4;
    %jmp/0xz  T_3.48, 5;
    %pushi/vec4 1, 0, 1;
    %store/vec4 v0x7fd83c213c00_0, 0, 1;
    %jmp T_3.49;
T_3.48 ;
    %pushi/vec4 0, 0, 1;
    %store/vec4 v0x7fd83c213c00_0, 0, 1;
T_3.49 ;
    %jmp T_3.41;
T_3.41 ;
    %pop/vec4 1;
    %jmp T_3.34;
T_3.31 ;
    %load/vec4 v0x7fd83c213b70_0;
    %dup/vec4;
    %pushi/vec4 0, 0, 2;
    %cmp/u;
    %jmp/1 T_3.50, 6;
    %dup/vec4;
    %pushi/vec4 1, 0, 2;
    %cmp/u;
    %jmp/1 T_3.51, 6;
    %dup/vec4;
    %pushi/vec4 2, 0, 2;
    %cmp/u;
    %jmp/1 T_3.52, 6;
    %dup/vec4;
    %pushi/vec4 3, 0, 2;
    %cmp/u;
    %jmp/1 T_3.53, 6;
    %jmp T_3.54;
T_3.50 ;
    %load/vec4 v0x7fd83c204eb0_0;
    %cmpi/u 10000, 0, 14;
    %flag_or 5, 4;
    %jmp/0xz  T_3.55, 5;
    %pushi/vec4 1, 0, 1;
    %store/vec4 v0x7fd83c213c00_0, 0, 1;
    %jmp T_3.56;
T_3.55 ;
    %pushi/vec4 0, 0, 1;
    %store/vec4 v0x7fd83c213c00_0, 0, 1;
T_3.56 ;
    %jmp T_3.54;
T_3.51 ;
    %load/vec4 v0x7fd83c204eb0_0;
    %cmpi/u 10625, 0, 14;
    %flag_or 5, 4;
    %jmp/0xz  T_3.57, 5;
    %pushi/vec4 1, 0, 1;
    %store/vec4 v0x7fd83c213c00_0, 0, 1;
    %jmp T_3.58;
T_3.57 ;
    %pushi/vec4 0, 0, 1;
    %store/vec4 v0x7fd83c213c00_0, 0, 1;
T_3.58 ;
    %jmp T_3.54;
T_3.52 ;
    %load/vec4 v0x7fd83c204eb0_0;
    %pad/u 32;
    %cmpi/u 11250, 0, 32;
    %flag_or 5, 4;
    %jmp/0xz  T_3.59, 5;
    %pushi/vec4 1, 0, 1;
    %store/vec4 v0x7fd83c213c00_0, 0, 1;
    %jmp T_3.60;
T_3.59 ;
    %pushi/vec4 0, 0, 1;
    %store/vec4 v0x7fd83c213c00_0, 0, 1;
T_3.60 ;
    %jmp T_3.54;
T_3.53 ;
    %load/vec4 v0x7fd83c204eb0_0;
    %pad/u 32;
    %cmpi/u 11875, 0, 32;
    %flag_or 5, 4;
    %jmp/0xz  T_3.61, 5;
    %pushi/vec4 1, 0, 1;
    %store/vec4 v0x7fd83c213c00_0, 0, 1;
    %jmp T_3.62;
T_3.61 ;
    %pushi/vec4 0, 0, 1;
    %store/vec4 v0x7fd83c213c00_0, 0, 1;
T_3.62 ;
    %jmp T_3.54;
T_3.54 ;
    %pop/vec4 1;
    %jmp T_3.34;
T_3.32 ;
    %pushi/vec4 1, 0, 1;
    %store/vec4 v0x7fd83c213c00_0, 0, 1;
    %jmp T_3.34;
T_3.34 ;
    %pop/vec4 1;
    %jmp T_3;
    .thread T_3;
    .scope S_0x7fd83c304160;
T_4 ;
    %pushi/vec4 0, 0, 2;
    %store/vec4 v0x7fd83c204f40_0, 0, 2;
    %pushi/vec4 0, 0, 1;
    %store/vec4 v0x7fd83c205060_0, 0, 1;
    %end;
    .thread T_4;
    .scope S_0x7fd83c304160;
T_5 ;
    %load/vec4 v0x7fd83c205060_0;
    %inv;
    %store/vec4 v0x7fd83c205060_0, 0, 1;
    %delay 1, 0;
    %jmp T_5;
    .thread T_5;
    .scope S_0x7fd83c304160;
T_6 ;
    %vpi_call 2 17 "$dumpfile", "waveform.vcd" {0 0 0};
    %vpi_call 2 18 "$dumpvars", 32'sb00000000000000000000000000000000, S_0x7fd83c304160 {0 0 0};
    %delay 25000, 0;
    %pushi/vec4 1, 0, 2;
    %store/vec4 v0x7fd83c204f40_0, 0, 2;
    %delay 25000, 0;
    %pushi/vec4 2, 0, 2;
    %store/vec4 v0x7fd83c204f40_0, 0, 2;
    %delay 25000, 0;
    %pushi/vec4 3, 0, 2;
    %store/vec4 v0x7fd83c204f40_0, 0, 2;
    %delay 25000, 0;
    %vpi_call 2 26 "$finish" {0 0 0};
    %end;
    .thread T_6;
# The file index is used to find the file name in the following table.
:file_names 4;
    "N/A";
    "<interactive>";
    "MainProject/DriveTrain/MotorPWM/MotorPWM_WithOverdrive_TB.v";
    "./MainProject/DriveTrain/MotorPWM/MotorPWM_WithOverdrive.v";
