#! /usr/local/Cellar/icarus-verilog/12.0/bin/vvp
:ivl_version "12.0 (stable)";
:ivl_delay_selection "TYPICAL";
:vpi_time_precision + 0;
:vpi_module "/usr/local/Cellar/icarus-verilog/12.0/lib/ivl/system.vpi";
:vpi_module "/usr/local/Cellar/icarus-verilog/12.0/lib/ivl/vhdl_sys.vpi";
:vpi_module "/usr/local/Cellar/icarus-verilog/12.0/lib/ivl/vhdl_textio.vpi";
:vpi_module "/usr/local/Cellar/icarus-verilog/12.0/lib/ivl/v2005_math.vpi";
:vpi_module "/usr/local/Cellar/icarus-verilog/12.0/lib/ivl/va_math.vpi";
S_0x7f8ce3705c80 .scope module, "MotorPWM" "MotorPWM" 2 20;
 .timescale 0 0;
    .port_info 0 /INPUT 1 "clk";
    .port_info 1 /INPUT 2 "DutyCycle";
    .port_info 2 /OUTPUT 1 "PulseSignalA";
    .port_info 3 /OUTPUT 1 "PulseSignalB";
P_0x7f8ce3705df0 .param/l "HalfDuty" 0 2 22, C4<01100001101010>;
o0x7f8ce4132008 .functor BUFZ 2, C4<zz>; HiZ drive
v0x7f8ce3705f20_0 .net "DutyCycle", 1 0, o0x7f8ce4132008;  0 drivers
v0x7f8ce3715fe0_0 .var "PulseSignalA", 0 0;
v0x7f8ce3716080_0 .var "PulseSignalB", 0 0;
o0x7f8ce4132098 .functor BUFZ 1, C4<z>; HiZ drive
v0x7f8ce3716110_0 .net "clk", 0 0, o0x7f8ce4132098;  0 drivers
v0x7f8ce37161b0_0 .var "count", 13 0;
E_0x7f8ce3705e70 .event posedge, v0x7f8ce3716110_0;
    .scope S_0x7f8ce3705c80;
T_0 ;
    %pushi/vec4 0, 0, 1;
    %store/vec4 v0x7f8ce3715fe0_0, 0, 1;
    %pushi/vec4 0, 0, 1;
    %store/vec4 v0x7f8ce3716080_0, 0, 1;
    %pushi/vec4 0, 0, 14;
    %store/vec4 v0x7f8ce37161b0_0, 0, 14;
    %end;
    .thread T_0;
    .scope S_0x7f8ce3705c80;
T_1 ;
    %wait E_0x7f8ce3705e70;
    %load/vec4 v0x7f8ce37161b0_0;
    %cmpi/u 12500, 0, 14;
    %flag_inv 5; GE is !LT
    %jmp/0xz  T_1.0, 5;
    %pushi/vec4 0, 0, 14;
    %store/vec4 v0x7f8ce37161b0_0, 0, 14;
    %load/vec4 v0x7f8ce37161b0_0;
    %addi 1, 0, 14;
    %store/vec4 v0x7f8ce37161b0_0, 0, 14;
    %jmp T_1.1;
T_1.0 ;
    %load/vec4 v0x7f8ce37161b0_0;
    %addi 1, 0, 14;
    %assign/vec4 v0x7f8ce37161b0_0, 0;
T_1.1 ;
    %load/vec4 v0x7f8ce3705f20_0;
    %parti/s 1, 1, 2;
    %load/vec4 v0x7f8ce3705f20_0;
    %parti/s 1, 0, 2;
    %concat/vec4; draw_concat_vec4
    %dup/vec4;
    %pushi/vec4 0, 0, 2;
    %cmp/u;
    %jmp/1 T_1.2, 6;
    %dup/vec4;
    %pushi/vec4 1, 0, 2;
    %cmp/u;
    %jmp/1 T_1.3, 6;
    %dup/vec4;
    %pushi/vec4 2, 0, 2;
    %cmp/u;
    %jmp/1 T_1.4, 6;
    %dup/vec4;
    %pushi/vec4 3, 0, 2;
    %cmp/u;
    %jmp/1 T_1.5, 6;
    %pushi/vec4 0, 0, 2;
    %split/vec4 1;
    %store/vec4 v0x7f8ce3715fe0_0, 0, 1;
    %store/vec4 v0x7f8ce3715fe0_0, 0, 1;
    %jmp T_1.7;
T_1.2 ;
    %load/vec4 v0x7f8ce37161b0_0;
    %cmpi/u 6250, 0, 14;
    %flag_or 5, 4;
    %jmp/0xz  T_1.8, 5;
    %pushi/vec4 3, 0, 2;
    %split/vec4 1;
    %assign/vec4 v0x7f8ce3716080_0, 0;
    %assign/vec4 v0x7f8ce3715fe0_0, 0;
    %jmp T_1.9;
T_1.8 ;
    %pushi/vec4 0, 0, 2;
    %split/vec4 1;
    %assign/vec4 v0x7f8ce3716080_0, 0;
    %assign/vec4 v0x7f8ce3715fe0_0, 0;
T_1.9 ;
    %jmp T_1.7;
T_1.3 ;
    %load/vec4 v0x7f8ce37161b0_0;
    %cmpi/u 6250, 0, 14;
    %flag_or 5, 4;
    %jmp/0xz  T_1.10, 5;
    %pushi/vec4 1, 0, 1;
    %assign/vec4 v0x7f8ce3716080_0, 0;
    %jmp T_1.11;
T_1.10 ;
    %pushi/vec4 0, 0, 1;
    %store/vec4 v0x7f8ce3716080_0, 0, 1;
T_1.11 ;
    %pushi/vec4 1, 0, 1;
    %store/vec4 v0x7f8ce3715fe0_0, 0, 1;
    %jmp T_1.7;
T_1.4 ;
    %load/vec4 v0x7f8ce37161b0_0;
    %cmpi/u 6250, 0, 14;
    %flag_or 5, 4;
    %jmp/0xz  T_1.12, 5;
    %pushi/vec4 1, 0, 1;
    %assign/vec4 v0x7f8ce3715fe0_0, 0;
    %jmp T_1.13;
T_1.12 ;
    %pushi/vec4 0, 0, 1;
    %store/vec4 v0x7f8ce3715fe0_0, 0, 1;
T_1.13 ;
    %pushi/vec4 1, 0, 1;
    %store/vec4 v0x7f8ce3716080_0, 0, 1;
    %jmp T_1.7;
T_1.5 ;
    %pushi/vec4 3, 0, 2;
    %split/vec4 1;
    %store/vec4 v0x7f8ce3716080_0, 0, 1;
    %store/vec4 v0x7f8ce3715fe0_0, 0, 1;
    %jmp T_1.7;
T_1.7 ;
    %pop/vec4 1;
    %jmp T_1;
    .thread T_1;
# The file index is used to find the file name in the following table.
:file_names 3;
    "N/A";
    "<interactive>";
    "MainProject/DriveTrain/MotorPWM/MotorPWM.v";
