#! /usr/local/Cellar/icarus-verilog/12.0/bin/vvp
:ivl_version "12.0 (stable)";
:ivl_delay_selection "TYPICAL";
:vpi_time_precision + 0;
:vpi_module "/usr/local/Cellar/icarus-verilog/12.0/lib/ivl/system.vpi";
:vpi_module "/usr/local/Cellar/icarus-verilog/12.0/lib/ivl/vhdl_sys.vpi";
:vpi_module "/usr/local/Cellar/icarus-verilog/12.0/lib/ivl/vhdl_textio.vpi";
:vpi_module "/usr/local/Cellar/icarus-verilog/12.0/lib/ivl/v2005_math.vpi";
:vpi_module "/usr/local/Cellar/icarus-verilog/12.0/lib/ivl/va_math.vpi";
S_0x7f8be580fcc0 .scope module, "testbench" "testbench" 2 3;
 .timescale 0 0;
v0x7f8be582cc00_0 .net "Hundreds_Data", 3 0, v0x7f8be582c190_0;  1 drivers
v0x7f8be582ccd0_0 .var "JA1", 0 0;
v0x7f8be582cda0_0 .net "Ones_Data", 3 0, v0x7f8be582c310_0;  1 drivers
v0x7f8be582ce70_0 .net "Tens_Data", 3 0, v0x7f8be582c3c0_0;  1 drivers
v0x7f8be582cf40_0 .net "Thousands_Data", 3 0, v0x7f8be582c470_0;  1 drivers
v0x7f8be582d050_0 .var "clk", 0 0;
S_0x7f8be580a670 .scope begin, "$ivl_for_loop1" "$ivl_for_loop1" 2 16, 2 16 0, S_0x7f8be580fcc0;
 .timescale 0 0;
v0x7f8be5806b70_0 .var/i "i", 31 0;
S_0x7f8be582ae90 .scope module, "UUT" "MicSignalHandlerTop" 2 6, 3 25 0, S_0x7f8be580fcc0;
 .timescale 0 0;
    .port_info 0 /INPUT 1 "clk";
    .port_info 1 /INPUT 1 "JA1";
    .port_info 2 /OUTPUT 4 "Thousands_Data";
    .port_info 3 /OUTPUT 4 "Hundreds_Data";
    .port_info 4 /OUTPUT 4 "Tens_Data";
    .port_info 5 /OUTPUT 4 "Ones_Data";
v0x7f8be582c690_0 .net "Binary_Hz", 9 0, v0x7f8be582b890_0;  1 drivers
v0x7f8be582c760_0 .net "Hundreds_Data", 3 0, v0x7f8be582c190_0;  alias, 1 drivers
v0x7f8be582c7f0_0 .net "JA1", 0 0, v0x7f8be582ccd0_0;  1 drivers
v0x7f8be582c8a0_0 .net "Ones_Data", 3 0, v0x7f8be582c310_0;  alias, 1 drivers
v0x7f8be582c950_0 .net "Tens_Data", 3 0, v0x7f8be582c3c0_0;  alias, 1 drivers
v0x7f8be582ca20_0 .net "Thousands_Data", 3 0, v0x7f8be582c470_0;  alias, 1 drivers
v0x7f8be582cad0_0 .net "clk", 0 0, v0x7f8be582d050_0;  1 drivers
S_0x7f8be582b120 .scope module, "Unit0" "HzCounter" 3 28, 4 22 0, S_0x7f8be582ae90;
 .timescale 0 0;
    .port_info 0 /INPUT 1 "clk";
    .port_info 1 /INPUT 1 "JA1";
    .port_info 2 /OUTPUT 10 "Hz";
v0x7f8be582b890_0 .var "Hz", 9 0;
v0x7f8be582b940_0 .net "JA1", 0 0, v0x7f8be582ccd0_0;  alias, 1 drivers
v0x7f8be582b9e0_0 .net "OneSecond", 0 0, v0x7f8be582b650_0;  1 drivers
v0x7f8be582bab0_0 .net "clk", 0 0, v0x7f8be582d050_0;  alias, 1 drivers
v0x7f8be582bb60_0 .var "count", 9 0;
E_0x7f8be582b330 .event anyedge, v0x7f8be582b650_0;
E_0x7f8be582b390 .event posedge, v0x7f8be582b940_0;
S_0x7f8be582b3e0 .scope module, "U0" "OneSecondTimer" 4 25, 5 19 0, S_0x7f8be582b120;
 .timescale 0 0;
    .port_info 0 /INPUT 1 "clk";
    .port_info 1 /OUTPUT 1 "OneSecond";
v0x7f8be582b650_0 .var "OneSecond", 0 0;
v0x7f8be582b700_0 .net "clk", 0 0, v0x7f8be582d050_0;  alias, 1 drivers
v0x7f8be582b7a0_0 .var "count", 25 0;
E_0x7f8be582b5f0 .event posedge, v0x7f8be582b700_0;
S_0x7f8be582bc50 .scope module, "Unit1" "BCD_Double_Dabble" 3 29, 6 20 0, S_0x7f8be582ae90;
 .timescale 0 0;
    .port_info 0 /INPUT 10 "Hz";
    .port_info 1 /OUTPUT 4 "Thousands_Data";
    .port_info 2 /OUTPUT 4 "Hundreds_Data";
    .port_info 3 /OUTPUT 4 "Tens_Data";
    .port_info 4 /OUTPUT 4 "Ones_Data";
v0x7f8be582c190_0 .var "Hundreds_Data", 3 0;
v0x7f8be582c250_0 .net "Hz", 9 0, v0x7f8be582b890_0;  alias, 1 drivers
v0x7f8be582c310_0 .var "Ones_Data", 3 0;
v0x7f8be582c3c0_0 .var "Tens_Data", 3 0;
v0x7f8be582c470_0 .var "Thousands_Data", 3 0;
v0x7f8be582c560_0 .var "bin", 25 0;
E_0x7f8be582bed0 .event anyedge, v0x7f8be582b890_0;
S_0x7f8be582bf10 .scope begin, "$ivl_for_loop0" "$ivl_for_loop0" 6 28, 6 28 0, S_0x7f8be582bc50;
 .timescale 0 0;
v0x7f8be582c0d0_0 .var/i "i", 31 0;
    .scope S_0x7f8be582b3e0;
T_0 ;
    %pushi/vec4 0, 0, 1;
    %store/vec4 v0x7f8be582b650_0, 0, 1;
    %pushi/vec4 0, 0, 26;
    %store/vec4 v0x7f8be582b7a0_0, 0, 26;
    %end;
    .thread T_0;
    .scope S_0x7f8be582b3e0;
T_1 ;
    %wait E_0x7f8be582b5f0;
    %load/vec4 v0x7f8be582b7a0_0;
    %pad/u 32;
    %cmpi/e 200, 0, 32;
    %jmp/0xz  T_1.0, 4;
    %pushi/vec4 0, 0, 26;
    %store/vec4 v0x7f8be582b7a0_0, 0, 26;
    %load/vec4 v0x7f8be582b650_0;
    %inv;
    %store/vec4 v0x7f8be582b650_0, 0, 1;
    %load/vec4 v0x7f8be582b7a0_0;
    %addi 1, 0, 26;
    %store/vec4 v0x7f8be582b7a0_0, 0, 26;
    %jmp T_1.1;
T_1.0 ;
    %load/vec4 v0x7f8be582b7a0_0;
    %addi 1, 0, 26;
    %store/vec4 v0x7f8be582b7a0_0, 0, 26;
T_1.1 ;
    %jmp T_1;
    .thread T_1;
    .scope S_0x7f8be582b120;
T_2 ;
    %pushi/vec4 0, 0, 10;
    %store/vec4 v0x7f8be582b890_0, 0, 10;
    %pushi/vec4 0, 0, 10;
    %store/vec4 v0x7f8be582bb60_0, 0, 10;
    %end;
    .thread T_2;
    .scope S_0x7f8be582b120;
T_3 ;
    %wait E_0x7f8be582b390;
    %load/vec4 v0x7f8be582bb60_0;
    %addi 1, 0, 10;
    %assign/vec4 v0x7f8be582bb60_0, 0;
    %jmp T_3;
    .thread T_3;
    .scope S_0x7f8be582b120;
T_4 ;
    %wait E_0x7f8be582b330;
    %load/vec4 v0x7f8be582bb60_0;
    %store/vec4 v0x7f8be582b890_0, 0, 10;
    %pushi/vec4 0, 0, 10;
    %store/vec4 v0x7f8be582bb60_0, 0, 10;
    %jmp T_4;
    .thread T_4, $push;
    .scope S_0x7f8be582bc50;
T_5 ;
    %pushi/vec4 0, 0, 4;
    %store/vec4 v0x7f8be582c470_0, 0, 4;
    %pushi/vec4 0, 0, 4;
    %store/vec4 v0x7f8be582c190_0, 0, 4;
    %pushi/vec4 0, 0, 4;
    %store/vec4 v0x7f8be582c3c0_0, 0, 4;
    %pushi/vec4 0, 0, 4;
    %store/vec4 v0x7f8be582c310_0, 0, 4;
    %pushi/vec4 0, 0, 26;
    %store/vec4 v0x7f8be582c560_0, 0, 26;
    %end;
    .thread T_5;
    .scope S_0x7f8be582bc50;
T_6 ;
    %wait E_0x7f8be582bed0;
    %pushi/vec4 0, 0, 26;
    %store/vec4 v0x7f8be582c560_0, 0, 26;
    %load/vec4 v0x7f8be582c250_0;
    %ix/load 4, 0, 0;
    %flag_set/imm 4, 0;
    %store/vec4 v0x7f8be582c560_0, 4, 10;
    %fork t_1, S_0x7f8be582bf10;
    %jmp t_0;
    .scope S_0x7f8be582bf10;
t_1 ;
    %pushi/vec4 0, 0, 32;
    %store/vec4 v0x7f8be582c0d0_0, 0, 32;
T_6.0 ;
    %load/vec4 v0x7f8be582c0d0_0;
    %cmpi/s 10, 0, 32;
    %jmp/0xz T_6.1, 5;
    %load/vec4 v0x7f8be582c560_0;
    %parti/s 4, 10, 5;
    %pad/u 32;
    %cmpi/u 5, 0, 32;
    %flag_inv 5; GE is !LT
    %jmp/0xz  T_6.2, 5;
    %load/vec4 v0x7f8be582c560_0;
    %parti/s 4, 10, 5;
    %addi 3, 0, 4;
    %ix/load 4, 10, 0;
    %flag_set/imm 4, 0;
    %store/vec4 v0x7f8be582c560_0, 4, 4;
T_6.2 ;
    %load/vec4 v0x7f8be582c560_0;
    %parti/s 4, 14, 5;
    %pad/u 32;
    %cmpi/u 5, 0, 32;
    %flag_inv 5; GE is !LT
    %jmp/0xz  T_6.4, 5;
    %load/vec4 v0x7f8be582c560_0;
    %parti/s 4, 14, 5;
    %addi 3, 0, 4;
    %ix/load 4, 14, 0;
    %flag_set/imm 4, 0;
    %store/vec4 v0x7f8be582c560_0, 4, 4;
T_6.4 ;
    %load/vec4 v0x7f8be582c560_0;
    %parti/s 4, 18, 6;
    %pad/u 32;
    %cmpi/u 5, 0, 32;
    %flag_inv 5; GE is !LT
    %jmp/0xz  T_6.6, 5;
    %load/vec4 v0x7f8be582c560_0;
    %parti/s 4, 18, 6;
    %addi 3, 0, 4;
    %ix/load 4, 18, 0;
    %flag_set/imm 4, 0;
    %store/vec4 v0x7f8be582c560_0, 4, 4;
T_6.6 ;
    %load/vec4 v0x7f8be582c560_0;
    %parti/s 4, 22, 6;
    %pad/u 32;
    %cmpi/u 5, 0, 32;
    %flag_inv 5; GE is !LT
    %jmp/0xz  T_6.8, 5;
    %load/vec4 v0x7f8be582c560_0;
    %parti/s 4, 22, 6;
    %addi 3, 0, 4;
    %ix/load 4, 22, 0;
    %flag_set/imm 4, 0;
    %store/vec4 v0x7f8be582c560_0, 4, 4;
T_6.8 ;
    %load/vec4 v0x7f8be582c560_0;
    %ix/load 4, 1, 0;
    %flag_set/imm 4, 0;
    %shiftl 4;
    %store/vec4 v0x7f8be582c560_0, 0, 26;
    %load/vec4 v0x7f8be582c0d0_0;
    %addi 1, 0, 32;
    %store/vec4 v0x7f8be582c0d0_0, 0, 32;
    %jmp T_6.0;
T_6.1 ;
    %end;
    .scope S_0x7f8be582bc50;
t_0 %join;
    %load/vec4 v0x7f8be582c560_0;
    %parti/s 4, 10, 5;
    %assign/vec4 v0x7f8be582c310_0, 0;
    %load/vec4 v0x7f8be582c560_0;
    %parti/s 4, 14, 5;
    %assign/vec4 v0x7f8be582c3c0_0, 0;
    %load/vec4 v0x7f8be582c560_0;
    %parti/s 4, 18, 6;
    %assign/vec4 v0x7f8be582c190_0, 0;
    %load/vec4 v0x7f8be582c560_0;
    %parti/s 4, 22, 6;
    %assign/vec4 v0x7f8be582c470_0, 0;
    %jmp T_6;
    .thread T_6, $push;
    .scope S_0x7f8be580fcc0;
T_7 ;
    %pushi/vec4 0, 0, 1;
    %store/vec4 v0x7f8be582ccd0_0, 0, 1;
    %pushi/vec4 0, 0, 1;
    %store/vec4 v0x7f8be582d050_0, 0, 1;
    %end;
    .thread T_7;
    .scope S_0x7f8be580fcc0;
T_8 ;
    %load/vec4 v0x7f8be582d050_0;
    %inv;
    %store/vec4 v0x7f8be582d050_0, 0, 1;
    %delay 1, 0;
    %jmp T_8;
    .thread T_8;
    .scope S_0x7f8be580fcc0;
T_9 ;
    %vpi_call 2 13 "$dumpfile", "waveform.vcd" {0 0 0};
    %vpi_call 2 14 "$dumpvars", 32'sb00000000000000000000000000000000, S_0x7f8be580fcc0 {0 0 0};
    %delay 100, 0;
    %fork t_3, S_0x7f8be580a670;
    %jmp t_2;
    .scope S_0x7f8be580a670;
t_3 ;
    %pushi/vec4 0, 0, 32;
    %store/vec4 v0x7f8be5806b70_0, 0, 32;
T_9.0 ;
    %load/vec4 v0x7f8be5806b70_0;
    %cmpi/s 246, 0, 32;
    %jmp/0xz T_9.1, 5;
    %load/vec4 v0x7f8be582ccd0_0;
    %inv;
    %store/vec4 v0x7f8be582ccd0_0, 0, 1;
    %delay 1, 0;
    %load/vec4 v0x7f8be5806b70_0;
    %addi 1, 0, 32;
    %store/vec4 v0x7f8be5806b70_0, 0, 32;
    %jmp T_9.0;
T_9.1 ;
    %end;
    .scope S_0x7f8be580fcc0;
t_2 %join;
    %delay 292, 0;
    %vpi_call 2 20 "$finish" {0 0 0};
    %end;
    .thread T_9;
# The file index is used to find the file name in the following table.
:file_names 7;
    "N/A";
    "<interactive>";
    "TestModules/MicSignalHandler/MicSignalHandlerTop/MSH_TB.v";
    "./TestModules/MicSignalHandler/MicSignalHandlerTop/MicSignalHandlerTop.v";
    "./TestModules/MicSignalHandler/HzCounter/HzCounter.v";
    "./TestModules/MicSignalHandler/OneSecondTimer/OneSecondTimer.v";
    "./TestModules/MicSignalHandler/BCD/BCD_Double_Dabble.v";
