#! /c/Source/iverilog-install/bin/vvp
:ivl_version "12.0 (devel)" "(s20150603-1539-g2693dd32b)";
:ivl_delay_selection "TYPICAL";
:vpi_time_precision + 0;
:vpi_module "C:\iverilog\lib\ivl\system.vpi";
:vpi_module "C:\iverilog\lib\ivl\vhdl_sys.vpi";
:vpi_module "C:\iverilog\lib\ivl\vhdl_textio.vpi";
:vpi_module "C:\iverilog\lib\ivl\v2005_math.vpi";
:vpi_module "C:\iverilog\lib\ivl\va_math.vpi";
S_0000020544dab010 .scope module, "testbench" "testbench" 2 3;
 .timescale 0 0;
P_0000020544d97700 .param/l "PRD" 0 2 13, +C4<00000000000000000000000000000010>;
v0000020544da3ce0_0 .var "Attack", 0 0;
v0000020544da3d80_0 .net "Ball_Detection_SM_EN", 0 0, v0000020544d56a30_0;  1 drivers
v0000020544da3e20_0 .var "Ball_SM_Done", 0 0;
v0000020544dfe1b0_0 .var "Defense", 0 0;
v0000020544dfef70_0 .var "Defense_SM_Done", 0 0;
v0000020544dfe930_0 .net "Defense_SM_EN", 0 0, v0000020544da37e0_0;  1 drivers
v0000020544dfe2f0_0 .net "Goal_Detection_SM_EN", 0 0, v0000020544da3880_0;  1 drivers
v0000020544dfe610_0 .var "Goal_SM_Done", 0 0;
v0000020544dfea70_0 .var "Reset", 0 0;
v0000020544dfe250_0 .var "Shooter_Done", 0 0;
v0000020544dfe4d0_0 .net "Shooter_EN", 0 0, v0000020544da3ba0_0;  1 drivers
v0000020544dfe570_0 .var "clk", 0 0;
S_0000020544dab1a0 .scope module, "UUT" "Main_State_Machine" 2 7, 3 18 0, S_0000020544dab010;
 .timescale 0 0;
    .port_info 0 /INPUT 1 "clk";
    .port_info 1 /INPUT 1 "Attack";
    .port_info 2 /INPUT 1 "Defense";
    .port_info 3 /INPUT 1 "Reset";
    .port_info 4 /INPUT 1 "Ball_SM_Done";
    .port_info 5 /INPUT 1 "Goal_SM_Done";
    .port_info 6 /INPUT 1 "Defense_SM_Done";
    .port_info 7 /INPUT 1 "Shooter_Done";
    .port_info 8 /OUTPUT 1 "Ball_Detection_SM_EN";
    .port_info 9 /OUTPUT 1 "Goal_Detection_SM_EN";
    .port_info 10 /OUTPUT 1 "Defense_SM_EN";
    .port_info 11 /OUTPUT 1 "Shooter_EN";
P_0000020544d5acd0 .param/l "BALL_DETECTION" 0 3 23, C4<001>;
P_0000020544d5ad08 .param/l "DEFENSE" 0 3 26, C4<100>;
P_0000020544d5ad40 .param/l "GOAL_DETECTION" 0 3 24, C4<010>;
P_0000020544d5ad78 .param/l "IDLE" 0 3 22, C4<000>;
P_0000020544d5adb0 .param/l "SHOOT" 0 3 25, C4<011>;
v0000020544d56c50_0 .net "Attack", 0 0, v0000020544da3ce0_0;  1 drivers
v0000020544d56a30_0 .var "Ball_Detection_SM_EN", 0 0;
v0000020544dab330_0 .net "Ball_SM_Done", 0 0, v0000020544da3e20_0;  1 drivers
v0000020544dab3d0_0 .net "Defense", 0 0, v0000020544dfe1b0_0;  1 drivers
v0000020544da3740_0 .net "Defense_SM_Done", 0 0, v0000020544dfef70_0;  1 drivers
v0000020544da37e0_0 .var "Defense_SM_EN", 0 0;
v0000020544da3880_0 .var "Goal_Detection_SM_EN", 0 0;
v0000020544da3920_0 .net "Goal_SM_Done", 0 0, v0000020544dfe610_0;  1 drivers
v0000020544da39c0_0 .net "Reset", 0 0, v0000020544dfea70_0;  1 drivers
v0000020544da3a60_0 .var "STATE", 2 0;
v0000020544da3b00_0 .net "Shooter_Done", 0 0, v0000020544dfe250_0;  1 drivers
v0000020544da3ba0_0 .var "Shooter_EN", 0 0;
v0000020544da3c40_0 .net "clk", 0 0, v0000020544dfe570_0;  1 drivers
E_0000020544d97a80 .event posedge, v0000020544da3c40_0;
    .scope S_0000020544dab1a0;
T_0 ;
    %pushi/vec4 0, 0, 1;
    %store/vec4 v0000020544d56a30_0, 0, 1;
    %pushi/vec4 0, 0, 1;
    %store/vec4 v0000020544da3880_0, 0, 1;
    %pushi/vec4 0, 0, 1;
    %store/vec4 v0000020544da37e0_0, 0, 1;
    %pushi/vec4 0, 0, 1;
    %store/vec4 v0000020544da3ba0_0, 0, 1;
    %pushi/vec4 0, 0, 3;
    %store/vec4 v0000020544da3a60_0, 0, 3;
    %end;
    .thread T_0;
    .scope S_0000020544dab1a0;
T_1 ;
    %wait E_0000020544d97a80;
    %load/vec4 v0000020544da39c0_0;
    %flag_set/vec4 8;
    %jmp/0xz  T_1.0, 8;
    %pushi/vec4 0, 0, 3;
    %store/vec4 v0000020544da3a60_0, 0, 3;
    %jmp T_1.1;
T_1.0 ;
    %load/vec4 v0000020544da3a60_0;
    %dup/vec4;
    %pushi/vec4 0, 0, 3;
    %cmp/u;
    %jmp/1 T_1.2, 6;
    %dup/vec4;
    %pushi/vec4 1, 0, 3;
    %cmp/u;
    %jmp/1 T_1.3, 6;
    %dup/vec4;
    %pushi/vec4 2, 0, 3;
    %cmp/u;
    %jmp/1 T_1.4, 6;
    %dup/vec4;
    %pushi/vec4 3, 0, 3;
    %cmp/u;
    %jmp/1 T_1.5, 6;
    %dup/vec4;
    %pushi/vec4 4, 0, 3;
    %cmp/u;
    %jmp/1 T_1.6, 6;
    %jmp T_1.7;
T_1.2 ;
    %load/vec4 v0000020544d56c50_0;
    %load/vec4 v0000020544dab3d0_0;
    %and;
    %flag_set/vec4 8;
    %jmp/0 T_1.8, 8;
    %pushi/vec4 0, 0, 3;
    %jmp/1 T_1.9, 8;
T_1.8 ; End of true expr.
    %load/vec4 v0000020544dab3d0_0;
    %flag_set/vec4 9;
    %jmp/0 T_1.10, 9;
    %pushi/vec4 4, 0, 3;
    %jmp/1 T_1.11, 9;
T_1.10 ; End of true expr.
    %load/vec4 v0000020544d56c50_0;
    %flag_set/vec4 10;
    %jmp/0 T_1.12, 10;
    %pushi/vec4 1, 0, 3;
    %jmp/1 T_1.13, 10;
T_1.12 ; End of true expr.
    %pushi/vec4 0, 0, 3;
    %jmp/0 T_1.13, 10;
 ; End of false expr.
    %blend;
T_1.13;
    %jmp/0 T_1.11, 9;
 ; End of false expr.
    %blend;
T_1.11;
    %jmp/0 T_1.9, 8;
 ; End of false expr.
    %blend;
T_1.9;
    %store/vec4 v0000020544da3a60_0, 0, 3;
    %jmp T_1.7;
T_1.3 ;
    %load/vec4 v0000020544dab330_0;
    %flag_set/vec4 8;
    %jmp/0 T_1.14, 8;
    %pushi/vec4 2, 0, 3;
    %jmp/1 T_1.15, 8;
T_1.14 ; End of true expr.
    %pushi/vec4 1, 0, 3;
    %jmp/0 T_1.15, 8;
 ; End of false expr.
    %blend;
T_1.15;
    %store/vec4 v0000020544da3a60_0, 0, 3;
    %jmp T_1.7;
T_1.4 ;
    %load/vec4 v0000020544da3920_0;
    %flag_set/vec4 8;
    %jmp/0 T_1.16, 8;
    %pushi/vec4 3, 0, 3;
    %jmp/1 T_1.17, 8;
T_1.16 ; End of true expr.
    %pushi/vec4 2, 0, 3;
    %jmp/0 T_1.17, 8;
 ; End of false expr.
    %blend;
T_1.17;
    %store/vec4 v0000020544da3a60_0, 0, 3;
    %jmp T_1.7;
T_1.5 ;
    %load/vec4 v0000020544da3b00_0;
    %flag_set/vec4 8;
    %jmp/0 T_1.18, 8;
    %pushi/vec4 0, 0, 3;
    %jmp/1 T_1.19, 8;
T_1.18 ; End of true expr.
    %pushi/vec4 3, 0, 3;
    %jmp/0 T_1.19, 8;
 ; End of false expr.
    %blend;
T_1.19;
    %store/vec4 v0000020544da3a60_0, 0, 3;
    %jmp T_1.7;
T_1.6 ;
    %load/vec4 v0000020544da3740_0;
    %flag_set/vec4 8;
    %jmp/0 T_1.20, 8;
    %pushi/vec4 0, 0, 3;
    %jmp/1 T_1.21, 8;
T_1.20 ; End of true expr.
    %pushi/vec4 4, 0, 3;
    %jmp/0 T_1.21, 8;
 ; End of false expr.
    %blend;
T_1.21;
    %store/vec4 v0000020544da3a60_0, 0, 3;
    %jmp T_1.7;
T_1.7 ;
    %pop/vec4 1;
T_1.1 ;
    %load/vec4 v0000020544da3a60_0;
    %dup/vec4;
    %pushi/vec4 0, 0, 3;
    %cmp/u;
    %jmp/1 T_1.22, 6;
    %dup/vec4;
    %pushi/vec4 1, 0, 3;
    %cmp/u;
    %jmp/1 T_1.23, 6;
    %dup/vec4;
    %pushi/vec4 2, 0, 3;
    %cmp/u;
    %jmp/1 T_1.24, 6;
    %dup/vec4;
    %pushi/vec4 3, 0, 3;
    %cmp/u;
    %jmp/1 T_1.25, 6;
    %dup/vec4;
    %pushi/vec4 4, 0, 3;
    %cmp/u;
    %jmp/1 T_1.26, 6;
    %jmp T_1.27;
T_1.22 ;
    %pushi/vec4 0, 0, 4;
    %split/vec4 1;
    %store/vec4 v0000020544da3ba0_0, 0, 1;
    %split/vec4 1;
    %store/vec4 v0000020544da37e0_0, 0, 1;
    %split/vec4 1;
    %store/vec4 v0000020544da3880_0, 0, 1;
    %store/vec4 v0000020544d56a30_0, 0, 1;
    %jmp T_1.27;
T_1.23 ;
    %pushi/vec4 8, 0, 4;
    %split/vec4 1;
    %store/vec4 v0000020544da3ba0_0, 0, 1;
    %split/vec4 1;
    %store/vec4 v0000020544da37e0_0, 0, 1;
    %split/vec4 1;
    %store/vec4 v0000020544da3880_0, 0, 1;
    %store/vec4 v0000020544d56a30_0, 0, 1;
    %jmp T_1.27;
T_1.24 ;
    %pushi/vec4 4, 0, 4;
    %split/vec4 1;
    %store/vec4 v0000020544da3ba0_0, 0, 1;
    %split/vec4 1;
    %store/vec4 v0000020544da37e0_0, 0, 1;
    %split/vec4 1;
    %store/vec4 v0000020544da3880_0, 0, 1;
    %store/vec4 v0000020544d56a30_0, 0, 1;
    %jmp T_1.27;
T_1.25 ;
    %pushi/vec4 1, 0, 4;
    %split/vec4 1;
    %store/vec4 v0000020544da3ba0_0, 0, 1;
    %split/vec4 1;
    %store/vec4 v0000020544da37e0_0, 0, 1;
    %split/vec4 1;
    %store/vec4 v0000020544da3880_0, 0, 1;
    %store/vec4 v0000020544d56a30_0, 0, 1;
    %jmp T_1.27;
T_1.26 ;
    %pushi/vec4 2, 0, 4;
    %split/vec4 1;
    %store/vec4 v0000020544da3ba0_0, 0, 1;
    %split/vec4 1;
    %store/vec4 v0000020544da37e0_0, 0, 1;
    %split/vec4 1;
    %store/vec4 v0000020544da3880_0, 0, 1;
    %store/vec4 v0000020544d56a30_0, 0, 1;
    %jmp T_1.27;
T_1.27 ;
    %pop/vec4 1;
    %jmp T_1;
    .thread T_1;
    .scope S_0000020544dab010;
T_2 ;
    %pushi/vec4 0, 0, 1;
    %store/vec4 v0000020544da3ce0_0, 0, 1;
    %pushi/vec4 0, 0, 1;
    %store/vec4 v0000020544dfe1b0_0, 0, 1;
    %pushi/vec4 0, 0, 1;
    %store/vec4 v0000020544dfea70_0, 0, 1;
    %pushi/vec4 0, 0, 1;
    %store/vec4 v0000020544da3e20_0, 0, 1;
    %pushi/vec4 0, 0, 1;
    %store/vec4 v0000020544dfe610_0, 0, 1;
    %pushi/vec4 0, 0, 1;
    %store/vec4 v0000020544dfef70_0, 0, 1;
    %pushi/vec4 0, 0, 1;
    %store/vec4 v0000020544dfe250_0, 0, 1;
    %pushi/vec4 0, 0, 1;
    %store/vec4 v0000020544dfe570_0, 0, 1;
    %end;
    .thread T_2;
    .scope S_0000020544dab010;
T_3 ;
    %delay 1, 0;
    %load/vec4 v0000020544dfe570_0;
    %inv;
    %store/vec4 v0000020544dfe570_0, 0, 1;
    %jmp T_3;
    .thread T_3;
    .scope S_0000020544dab010;
T_4 ;
    %vpi_call 2 18 "$dumpfile", "waveform.vcd" {0 0 0};
    %vpi_call 2 19 "$dumpvars", 32'sb00000000000000000000000000000000, S_0000020544dab010 {0 0 0};
    %delay 10, 0;
    %vpi_call 2 21 "$finish" {0 0 0};
    %end;
    .thread T_4;
# The file index is used to find the file name in the following table.
:file_names 4;
    "N/A";
    "<interactive>";
    "MainProject\MainStateMachine\MSM_TB.v";
    "./MainProject\MainStateMachine\MainStateMachine.v";
