#! /c/Source/iverilog-install/bin/vvp
:ivl_version "12.0 (devel)" "(s20150603-1539-g2693dd32b)";
:ivl_delay_selection "TYPICAL";
:vpi_time_precision + 0;
:vpi_module "C:\iverilog\lib\ivl\system.vpi";
:vpi_module "C:\iverilog\lib\ivl\vhdl_sys.vpi";
:vpi_module "C:\iverilog\lib\ivl\vhdl_textio.vpi";
:vpi_module "C:\iverilog\lib\ivl\v2005_math.vpi";
:vpi_module "C:\iverilog\lib\ivl\va_math.vpi";
S_000001969f8bab80 .scope module, "testbench" "testbench" 2 2;
 .timescale 0 0;
P_000001969f8bcca0 .param/l "PRD" 0 2 7, +C4<00000000000000011000011100000100>;
v000001969f9066e0_0 .net "OneKiloHert", 0 0, v000001969f9065a0_0;  1 drivers
v000001969f906780_0 .var "clk", 0 0;
S_000001969f906410 .scope module, "UUT" "OneKilohertTimer" 2 4, 3 1 0, S_000001969f8bab80;
 .timescale 0 0;
    .port_info 0 /INPUT 1 "clk";
    .port_info 1 /OUTPUT 1 "OneKiloHert";
v000001969f9065a0_0 .var "OneKiloHert", 0 0;
v000001969f8b67c0_0 .net "clk", 0 0, v000001969f906780_0;  1 drivers
v000001969f906640_0 .var "count", 15 0;
E_000001969f8bc8a0 .event posedge, v000001969f8b67c0_0;
    .scope S_000001969f906410;
T_0 ;
    %pushi/vec4 0, 0, 1;
    %store/vec4 v000001969f9065a0_0, 0, 1;
    %pushi/vec4 0, 0, 16;
    %store/vec4 v000001969f906640_0, 0, 16;
    %end;
    .thread T_0;
    .scope S_000001969f906410;
T_1 ;
    %wait E_000001969f8bc8a0;
    %load/vec4 v000001969f906640_0;
    %pad/u 32;
    %cmpi/e 50000, 0, 32;
    %jmp/0xz  T_1.0, 4;
    %pushi/vec4 0, 0, 16;
    %store/vec4 v000001969f906640_0, 0, 16;
    %load/vec4 v000001969f9065a0_0;
    %inv;
    %store/vec4 v000001969f9065a0_0, 0, 1;
    %load/vec4 v000001969f906640_0;
    %addi 1, 0, 16;
    %store/vec4 v000001969f906640_0, 0, 16;
    %jmp T_1.1;
T_1.0 ;
    %load/vec4 v000001969f906640_0;
    %addi 1, 0, 16;
    %store/vec4 v000001969f906640_0, 0, 16;
T_1.1 ;
    %jmp T_1;
    .thread T_1;
    .scope S_000001969f8bab80;
T_2 ;
    %pushi/vec4 0, 0, 1;
    %store/vec4 v000001969f906780_0, 0, 1;
    %end;
    .thread T_2;
    .scope S_000001969f8bab80;
T_3 ;
    %load/vec4 v000001969f906780_0;
    %inv;
    %store/vec4 v000001969f906780_0, 0, 1;
    %delay 1, 0;
    %jmp T_3;
    .thread T_3;
    .scope S_000001969f8bab80;
T_4 ;
    %vpi_call 2 12 "$dumpfile", "waveform.vcd" {0 0 0};
    %vpi_call 2 13 "$dumpvars", 32'sb00000000000000000000000000000000, S_000001969f8bab80 {0 0 0};
    %delay 100100, 0;
    %vpi_call 2 15 "$finish" {0 0 0};
    %end;
    .thread T_4;
# The file index is used to find the file name in the following table.
:file_names 4;
    "N/A";
    "<interactive>";
    "TestModules\MicSignalHandler\OneKhzTimer\OneKhzT_TB.v";
    "./TestModules/MicSignalHandler/OneKhzTimer/OneKhzTimer.v";
