#! /usr/local/Cellar/icarus-verilog/12.0/bin/vvp
:ivl_version "12.0 (stable)";
:ivl_delay_selection "TYPICAL";
:vpi_time_precision + 0;
:vpi_module "/usr/local/Cellar/icarus-verilog/12.0/lib/ivl/system.vpi";
:vpi_module "/usr/local/Cellar/icarus-verilog/12.0/lib/ivl/vhdl_sys.vpi";
:vpi_module "/usr/local/Cellar/icarus-verilog/12.0/lib/ivl/vhdl_textio.vpi";
:vpi_module "/usr/local/Cellar/icarus-verilog/12.0/lib/ivl/v2005_math.vpi";
:vpi_module "/usr/local/Cellar/icarus-verilog/12.0/lib/ivl/va_math.vpi";
S_0x7fae60604160 .scope module, "testbench" "testbench" 2 45;
 .timescale 0 0;
P_0x7fae606042d0 .param/l "PRD" 0 2 52, +C4<00000000000000000000000000000100>;
v0x7fae6070ac90_0 .var "Hundreds_Data", 3 0;
v0x7fae6070ad80_0 .var "Ones_Data", 3 0;
v0x7fae6070ae60_0 .var "Tens_Data", 3 0;
v0x7fae6070af30_0 .var "Thousands_Data", 3 0;
v0x7fae6070b000_0 .net "cathode", 3 0, v0x7fae6070a160_0;  1 drivers
v0x7fae6070b110_0 .var "clk", 0 0;
v0x7fae6070b1e0_0 .net "segmentout", 7 0, v0x7fae60709d40_0;  1 drivers
S_0x7fae60604400 .scope module, "UUT" "DisplayTop" 2 49, 2 27 0, S_0x7fae60604160;
 .timescale 0 0;
    .port_info 0 /INPUT 1 "clk";
    .port_info 1 /INPUT 4 "Thousands_Data";
    .port_info 2 /INPUT 4 "Hundreds_Data";
    .port_info 3 /INPUT 4 "Tens_Data";
    .port_info 4 /INPUT 4 "Ones_Data";
    .port_info 5 /OUTPUT 4 "cathode";
    .port_info 6 /OUTPUT 8 "segmentout";
v0x7fae6070a330_0 .net "Hundreds_Data", 3 0, v0x7fae6070ac90_0;  1 drivers
v0x7fae6070a3e0_0 .net "Ones_Data", 3 0, v0x7fae6070ad80_0;  1 drivers
v0x7fae6070a490_0 .net "Tens_Data", 3 0, v0x7fae6070ae60_0;  1 drivers
v0x7fae6070a560_0 .net "Thousands_Data", 3 0, v0x7fae6070af30_0;  1 drivers
v0x7fae6070a610_0 .net "cathode", 3 0, v0x7fae6070a160_0;  alias, 1 drivers
v0x7fae6070a6e0_0 .net "clk", 0 0, v0x7fae6070b110_0;  1 drivers
v0x7fae6070a790_0 .net "decoder1", 7 0, v0x7fae60708660_0;  1 drivers
v0x7fae6070a860_0 .net "decoder2", 7 0, v0x7fae60708a80_0;  1 drivers
v0x7fae6070a930_0 .net "decoder3", 7 0, v0x7fae60708e80_0;  1 drivers
v0x7fae6070aa40_0 .net "decoder4", 7 0, v0x7fae60709270_0;  1 drivers
v0x7fae6070ab10_0 .net "segmentout", 7 0, v0x7fae60709d40_0;  alias, 1 drivers
v0x7fae6070aba0_0 .net "sync", 1 0, v0x7fae60709690_0;  1 drivers
S_0x7fae60604660 .scope module, "U1" "Digit_Decoder" 2 36, 3 22 0, S_0x7fae60604400;
 .timescale 0 0;
    .port_info 0 /INPUT 4 "data";
    .port_info 1 /OUTPUT 8 "segments";
v0x7fae606048b0_0 .net "data", 3 0, v0x7fae6070af30_0;  alias, 1 drivers
v0x7fae60708660_0 .var "segments", 7 0;
E_0x7fae60604850 .event anyedge, v0x7fae606048b0_0;
S_0x7fae60708750 .scope module, "U2" "Digit_Decoder" 2 37, 3 22 0, S_0x7fae60604400;
 .timescale 0 0;
    .port_info 0 /INPUT 4 "data";
    .port_info 1 /OUTPUT 8 "segments";
v0x7fae607089c0_0 .net "data", 3 0, v0x7fae6070ac90_0;  alias, 1 drivers
v0x7fae60708a80_0 .var "segments", 7 0;
E_0x7fae60708960 .event anyedge, v0x7fae607089c0_0;
S_0x7fae60708b60 .scope module, "U3" "Digit_Decoder" 2 38, 3 22 0, S_0x7fae60604400;
 .timescale 0 0;
    .port_info 0 /INPUT 4 "data";
    .port_info 1 /OUTPUT 8 "segments";
v0x7fae60708dc0_0 .net "data", 3 0, v0x7fae6070ae60_0;  alias, 1 drivers
v0x7fae60708e80_0 .var "segments", 7 0;
E_0x7fae60708d70 .event anyedge, v0x7fae60708dc0_0;
S_0x7fae60708f60 .scope module, "U4" "Digit_Decoder" 2 39, 3 22 0, S_0x7fae60604400;
 .timescale 0 0;
    .port_info 0 /INPUT 4 "data";
    .port_info 1 /OUTPUT 8 "segments";
v0x7fae607091b0_0 .net "data", 3 0, v0x7fae6070ad80_0;  alias, 1 drivers
v0x7fae60709270_0 .var "segments", 7 0;
E_0x7fae60709150 .event anyedge, v0x7fae607091b0_0;
S_0x7fae60709350 .scope module, "U5" "SyncCounter" 2 40, 4 18 0, S_0x7fae60604400;
 .timescale 0 0;
    .port_info 0 /INPUT 1 "clk";
    .port_info 1 /OUTPUT 2 "sync_count";
v0x7fae607095e0_0 .net "clk", 0 0, v0x7fae6070b110_0;  alias, 1 drivers
v0x7fae60709690_0 .var "sync_count", 1 0;
E_0x7fae60709580 .event posedge, v0x7fae607095e0_0;
S_0x7fae60709750 .scope module, "U6" "DisplayMUX" 2 41, 5 19 0, S_0x7fae60604400;
 .timescale 0 0;
    .port_info 0 /INPUT 8 "segment1";
    .port_info 1 /INPUT 8 "segment2";
    .port_info 2 /INPUT 8 "segment3";
    .port_info 3 /INPUT 8 "segment4";
    .port_info 4 /INPUT 2 "sync_count";
    .port_info 5 /OUTPUT 8 "segmentout";
v0x7fae60709a40_0 .net "segment1", 7 0, v0x7fae60708660_0;  alias, 1 drivers
v0x7fae60709b10_0 .net "segment2", 7 0, v0x7fae60708a80_0;  alias, 1 drivers
v0x7fae60709bc0_0 .net "segment3", 7 0, v0x7fae60708e80_0;  alias, 1 drivers
v0x7fae60709c90_0 .net "segment4", 7 0, v0x7fae60709270_0;  alias, 1 drivers
v0x7fae60709d40_0 .var "segmentout", 7 0;
v0x7fae60709e10_0 .net "sync_count", 1 0, v0x7fae60709690_0;  alias, 1 drivers
E_0x7fae607099d0/0 .event anyedge, v0x7fae60709690_0, v0x7fae60709270_0, v0x7fae60708e80_0, v0x7fae60708a80_0;
E_0x7fae607099d0/1 .event anyedge, v0x7fae60708660_0;
E_0x7fae607099d0 .event/or E_0x7fae607099d0/0, E_0x7fae607099d0/1;
S_0x7fae60709f30 .scope module, "U7" "CathodeDecoder" 2 42, 6 17 0, S_0x7fae60604400;
 .timescale 0 0;
    .port_info 0 /INPUT 2 "sync_count";
    .port_info 1 /OUTPUT 4 "cathode";
v0x7fae6070a160_0 .var "cathode", 3 0;
v0x7fae6070a220_0 .net "sync_count", 1 0, v0x7fae60709690_0;  alias, 1 drivers
E_0x7fae6070a100 .event anyedge, v0x7fae60709690_0;
    .scope S_0x7fae60604660;
T_0 ;
    %wait E_0x7fae60604850;
    %load/vec4 v0x7fae606048b0_0;
    %dup/vec4;
    %pushi/vec4 0, 0, 4;
    %cmp/u;
    %jmp/1 T_0.0, 6;
    %dup/vec4;
    %pushi/vec4 1, 0, 4;
    %cmp/u;
    %jmp/1 T_0.1, 6;
    %dup/vec4;
    %pushi/vec4 2, 0, 4;
    %cmp/u;
    %jmp/1 T_0.2, 6;
    %dup/vec4;
    %pushi/vec4 3, 0, 4;
    %cmp/u;
    %jmp/1 T_0.3, 6;
    %dup/vec4;
    %pushi/vec4 4, 0, 4;
    %cmp/u;
    %jmp/1 T_0.4, 6;
    %dup/vec4;
    %pushi/vec4 5, 0, 4;
    %cmp/u;
    %jmp/1 T_0.5, 6;
    %dup/vec4;
    %pushi/vec4 6, 0, 4;
    %cmp/u;
    %jmp/1 T_0.6, 6;
    %dup/vec4;
    %pushi/vec4 7, 0, 4;
    %cmp/u;
    %jmp/1 T_0.7, 6;
    %dup/vec4;
    %pushi/vec4 8, 0, 4;
    %cmp/u;
    %jmp/1 T_0.8, 6;
    %dup/vec4;
    %pushi/vec4 9, 0, 4;
    %cmp/u;
    %jmp/1 T_0.9, 6;
    %pushi/vec4 0, 0, 8;
    %store/vec4 v0x7fae60708660_0, 0, 8;
    %jmp T_0.11;
T_0.0 ;
    %pushi/vec4 192, 0, 8;
    %store/vec4 v0x7fae60708660_0, 0, 8;
    %jmp T_0.11;
T_0.1 ;
    %pushi/vec4 249, 0, 8;
    %store/vec4 v0x7fae60708660_0, 0, 8;
    %jmp T_0.11;
T_0.2 ;
    %pushi/vec4 164, 0, 8;
    %store/vec4 v0x7fae60708660_0, 0, 8;
    %jmp T_0.11;
T_0.3 ;
    %pushi/vec4 176, 0, 8;
    %store/vec4 v0x7fae60708660_0, 0, 8;
    %jmp T_0.11;
T_0.4 ;
    %pushi/vec4 153, 0, 8;
    %store/vec4 v0x7fae60708660_0, 0, 8;
    %jmp T_0.11;
T_0.5 ;
    %pushi/vec4 146, 0, 8;
    %store/vec4 v0x7fae60708660_0, 0, 8;
    %jmp T_0.11;
T_0.6 ;
    %pushi/vec4 130, 0, 8;
    %store/vec4 v0x7fae60708660_0, 0, 8;
    %jmp T_0.11;
T_0.7 ;
    %pushi/vec4 248, 0, 8;
    %store/vec4 v0x7fae60708660_0, 0, 8;
    %jmp T_0.11;
T_0.8 ;
    %pushi/vec4 128, 0, 8;
    %store/vec4 v0x7fae60708660_0, 0, 8;
    %jmp T_0.11;
T_0.9 ;
    %pushi/vec4 144, 0, 8;
    %store/vec4 v0x7fae60708660_0, 0, 8;
    %jmp T_0.11;
T_0.11 ;
    %pop/vec4 1;
    %jmp T_0;
    .thread T_0, $push;
    .scope S_0x7fae60708750;
T_1 ;
    %wait E_0x7fae60708960;
    %load/vec4 v0x7fae607089c0_0;
    %dup/vec4;
    %pushi/vec4 0, 0, 4;
    %cmp/u;
    %jmp/1 T_1.0, 6;
    %dup/vec4;
    %pushi/vec4 1, 0, 4;
    %cmp/u;
    %jmp/1 T_1.1, 6;
    %dup/vec4;
    %pushi/vec4 2, 0, 4;
    %cmp/u;
    %jmp/1 T_1.2, 6;
    %dup/vec4;
    %pushi/vec4 3, 0, 4;
    %cmp/u;
    %jmp/1 T_1.3, 6;
    %dup/vec4;
    %pushi/vec4 4, 0, 4;
    %cmp/u;
    %jmp/1 T_1.4, 6;
    %dup/vec4;
    %pushi/vec4 5, 0, 4;
    %cmp/u;
    %jmp/1 T_1.5, 6;
    %dup/vec4;
    %pushi/vec4 6, 0, 4;
    %cmp/u;
    %jmp/1 T_1.6, 6;
    %dup/vec4;
    %pushi/vec4 7, 0, 4;
    %cmp/u;
    %jmp/1 T_1.7, 6;
    %dup/vec4;
    %pushi/vec4 8, 0, 4;
    %cmp/u;
    %jmp/1 T_1.8, 6;
    %dup/vec4;
    %pushi/vec4 9, 0, 4;
    %cmp/u;
    %jmp/1 T_1.9, 6;
    %pushi/vec4 0, 0, 8;
    %store/vec4 v0x7fae60708a80_0, 0, 8;
    %jmp T_1.11;
T_1.0 ;
    %pushi/vec4 192, 0, 8;
    %store/vec4 v0x7fae60708a80_0, 0, 8;
    %jmp T_1.11;
T_1.1 ;
    %pushi/vec4 249, 0, 8;
    %store/vec4 v0x7fae60708a80_0, 0, 8;
    %jmp T_1.11;
T_1.2 ;
    %pushi/vec4 164, 0, 8;
    %store/vec4 v0x7fae60708a80_0, 0, 8;
    %jmp T_1.11;
T_1.3 ;
    %pushi/vec4 176, 0, 8;
    %store/vec4 v0x7fae60708a80_0, 0, 8;
    %jmp T_1.11;
T_1.4 ;
    %pushi/vec4 153, 0, 8;
    %store/vec4 v0x7fae60708a80_0, 0, 8;
    %jmp T_1.11;
T_1.5 ;
    %pushi/vec4 146, 0, 8;
    %store/vec4 v0x7fae60708a80_0, 0, 8;
    %jmp T_1.11;
T_1.6 ;
    %pushi/vec4 130, 0, 8;
    %store/vec4 v0x7fae60708a80_0, 0, 8;
    %jmp T_1.11;
T_1.7 ;
    %pushi/vec4 248, 0, 8;
    %store/vec4 v0x7fae60708a80_0, 0, 8;
    %jmp T_1.11;
T_1.8 ;
    %pushi/vec4 128, 0, 8;
    %store/vec4 v0x7fae60708a80_0, 0, 8;
    %jmp T_1.11;
T_1.9 ;
    %pushi/vec4 144, 0, 8;
    %store/vec4 v0x7fae60708a80_0, 0, 8;
    %jmp T_1.11;
T_1.11 ;
    %pop/vec4 1;
    %jmp T_1;
    .thread T_1, $push;
    .scope S_0x7fae60708b60;
T_2 ;
    %wait E_0x7fae60708d70;
    %load/vec4 v0x7fae60708dc0_0;
    %dup/vec4;
    %pushi/vec4 0, 0, 4;
    %cmp/u;
    %jmp/1 T_2.0, 6;
    %dup/vec4;
    %pushi/vec4 1, 0, 4;
    %cmp/u;
    %jmp/1 T_2.1, 6;
    %dup/vec4;
    %pushi/vec4 2, 0, 4;
    %cmp/u;
    %jmp/1 T_2.2, 6;
    %dup/vec4;
    %pushi/vec4 3, 0, 4;
    %cmp/u;
    %jmp/1 T_2.3, 6;
    %dup/vec4;
    %pushi/vec4 4, 0, 4;
    %cmp/u;
    %jmp/1 T_2.4, 6;
    %dup/vec4;
    %pushi/vec4 5, 0, 4;
    %cmp/u;
    %jmp/1 T_2.5, 6;
    %dup/vec4;
    %pushi/vec4 6, 0, 4;
    %cmp/u;
    %jmp/1 T_2.6, 6;
    %dup/vec4;
    %pushi/vec4 7, 0, 4;
    %cmp/u;
    %jmp/1 T_2.7, 6;
    %dup/vec4;
    %pushi/vec4 8, 0, 4;
    %cmp/u;
    %jmp/1 T_2.8, 6;
    %dup/vec4;
    %pushi/vec4 9, 0, 4;
    %cmp/u;
    %jmp/1 T_2.9, 6;
    %pushi/vec4 0, 0, 8;
    %store/vec4 v0x7fae60708e80_0, 0, 8;
    %jmp T_2.11;
T_2.0 ;
    %pushi/vec4 192, 0, 8;
    %store/vec4 v0x7fae60708e80_0, 0, 8;
    %jmp T_2.11;
T_2.1 ;
    %pushi/vec4 249, 0, 8;
    %store/vec4 v0x7fae60708e80_0, 0, 8;
    %jmp T_2.11;
T_2.2 ;
    %pushi/vec4 164, 0, 8;
    %store/vec4 v0x7fae60708e80_0, 0, 8;
    %jmp T_2.11;
T_2.3 ;
    %pushi/vec4 176, 0, 8;
    %store/vec4 v0x7fae60708e80_0, 0, 8;
    %jmp T_2.11;
T_2.4 ;
    %pushi/vec4 153, 0, 8;
    %store/vec4 v0x7fae60708e80_0, 0, 8;
    %jmp T_2.11;
T_2.5 ;
    %pushi/vec4 146, 0, 8;
    %store/vec4 v0x7fae60708e80_0, 0, 8;
    %jmp T_2.11;
T_2.6 ;
    %pushi/vec4 130, 0, 8;
    %store/vec4 v0x7fae60708e80_0, 0, 8;
    %jmp T_2.11;
T_2.7 ;
    %pushi/vec4 248, 0, 8;
    %store/vec4 v0x7fae60708e80_0, 0, 8;
    %jmp T_2.11;
T_2.8 ;
    %pushi/vec4 128, 0, 8;
    %store/vec4 v0x7fae60708e80_0, 0, 8;
    %jmp T_2.11;
T_2.9 ;
    %pushi/vec4 144, 0, 8;
    %store/vec4 v0x7fae60708e80_0, 0, 8;
    %jmp T_2.11;
T_2.11 ;
    %pop/vec4 1;
    %jmp T_2;
    .thread T_2, $push;
    .scope S_0x7fae60708f60;
T_3 ;
    %wait E_0x7fae60709150;
    %load/vec4 v0x7fae607091b0_0;
    %dup/vec4;
    %pushi/vec4 0, 0, 4;
    %cmp/u;
    %jmp/1 T_3.0, 6;
    %dup/vec4;
    %pushi/vec4 1, 0, 4;
    %cmp/u;
    %jmp/1 T_3.1, 6;
    %dup/vec4;
    %pushi/vec4 2, 0, 4;
    %cmp/u;
    %jmp/1 T_3.2, 6;
    %dup/vec4;
    %pushi/vec4 3, 0, 4;
    %cmp/u;
    %jmp/1 T_3.3, 6;
    %dup/vec4;
    %pushi/vec4 4, 0, 4;
    %cmp/u;
    %jmp/1 T_3.4, 6;
    %dup/vec4;
    %pushi/vec4 5, 0, 4;
    %cmp/u;
    %jmp/1 T_3.5, 6;
    %dup/vec4;
    %pushi/vec4 6, 0, 4;
    %cmp/u;
    %jmp/1 T_3.6, 6;
    %dup/vec4;
    %pushi/vec4 7, 0, 4;
    %cmp/u;
    %jmp/1 T_3.7, 6;
    %dup/vec4;
    %pushi/vec4 8, 0, 4;
    %cmp/u;
    %jmp/1 T_3.8, 6;
    %dup/vec4;
    %pushi/vec4 9, 0, 4;
    %cmp/u;
    %jmp/1 T_3.9, 6;
    %pushi/vec4 0, 0, 8;
    %store/vec4 v0x7fae60709270_0, 0, 8;
    %jmp T_3.11;
T_3.0 ;
    %pushi/vec4 192, 0, 8;
    %store/vec4 v0x7fae60709270_0, 0, 8;
    %jmp T_3.11;
T_3.1 ;
    %pushi/vec4 249, 0, 8;
    %store/vec4 v0x7fae60709270_0, 0, 8;
    %jmp T_3.11;
T_3.2 ;
    %pushi/vec4 164, 0, 8;
    %store/vec4 v0x7fae60709270_0, 0, 8;
    %jmp T_3.11;
T_3.3 ;
    %pushi/vec4 176, 0, 8;
    %store/vec4 v0x7fae60709270_0, 0, 8;
    %jmp T_3.11;
T_3.4 ;
    %pushi/vec4 153, 0, 8;
    %store/vec4 v0x7fae60709270_0, 0, 8;
    %jmp T_3.11;
T_3.5 ;
    %pushi/vec4 146, 0, 8;
    %store/vec4 v0x7fae60709270_0, 0, 8;
    %jmp T_3.11;
T_3.6 ;
    %pushi/vec4 130, 0, 8;
    %store/vec4 v0x7fae60709270_0, 0, 8;
    %jmp T_3.11;
T_3.7 ;
    %pushi/vec4 248, 0, 8;
    %store/vec4 v0x7fae60709270_0, 0, 8;
    %jmp T_3.11;
T_3.8 ;
    %pushi/vec4 128, 0, 8;
    %store/vec4 v0x7fae60709270_0, 0, 8;
    %jmp T_3.11;
T_3.9 ;
    %pushi/vec4 144, 0, 8;
    %store/vec4 v0x7fae60709270_0, 0, 8;
    %jmp T_3.11;
T_3.11 ;
    %pop/vec4 1;
    %jmp T_3;
    .thread T_3, $push;
    .scope S_0x7fae60709350;
T_4 ;
    %pushi/vec4 0, 0, 2;
    %store/vec4 v0x7fae60709690_0, 0, 2;
    %end;
    .thread T_4;
    .scope S_0x7fae60709350;
T_5 ;
    %wait E_0x7fae60709580;
    %load/vec4 v0x7fae60709690_0;
    %addi 1, 0, 2;
    %store/vec4 v0x7fae60709690_0, 0, 2;
    %jmp T_5;
    .thread T_5;
    .scope S_0x7fae60709750;
T_6 ;
    %pushi/vec4 0, 0, 8;
    %store/vec4 v0x7fae60709d40_0, 0, 8;
    %end;
    .thread T_6;
    .scope S_0x7fae60709750;
T_7 ;
    %wait E_0x7fae607099d0;
    %load/vec4 v0x7fae60709e10_0;
    %dup/vec4;
    %pushi/vec4 0, 0, 2;
    %cmp/u;
    %jmp/1 T_7.0, 6;
    %dup/vec4;
    %pushi/vec4 1, 0, 2;
    %cmp/u;
    %jmp/1 T_7.1, 6;
    %dup/vec4;
    %pushi/vec4 2, 0, 2;
    %cmp/u;
    %jmp/1 T_7.2, 6;
    %dup/vec4;
    %pushi/vec4 3, 0, 2;
    %cmp/u;
    %jmp/1 T_7.3, 6;
    %pushi/vec4 0, 0, 8;
    %store/vec4 v0x7fae60709d40_0, 0, 8;
    %jmp T_7.5;
T_7.0 ;
    %load/vec4 v0x7fae60709a40_0;
    %store/vec4 v0x7fae60709d40_0, 0, 8;
    %jmp T_7.5;
T_7.1 ;
    %load/vec4 v0x7fae60709b10_0;
    %store/vec4 v0x7fae60709d40_0, 0, 8;
    %jmp T_7.5;
T_7.2 ;
    %load/vec4 v0x7fae60709bc0_0;
    %store/vec4 v0x7fae60709d40_0, 0, 8;
    %jmp T_7.5;
T_7.3 ;
    %load/vec4 v0x7fae60709c90_0;
    %store/vec4 v0x7fae60709d40_0, 0, 8;
    %jmp T_7.5;
T_7.5 ;
    %pop/vec4 1;
    %jmp T_7;
    .thread T_7, $push;
    .scope S_0x7fae60709f30;
T_8 ;
    %pushi/vec4 0, 0, 4;
    %store/vec4 v0x7fae6070a160_0, 0, 4;
    %end;
    .thread T_8;
    .scope S_0x7fae60709f30;
T_9 ;
    %wait E_0x7fae6070a100;
    %load/vec4 v0x7fae6070a220_0;
    %dup/vec4;
    %pushi/vec4 0, 0, 2;
    %cmp/u;
    %jmp/1 T_9.0, 6;
    %dup/vec4;
    %pushi/vec4 1, 0, 2;
    %cmp/u;
    %jmp/1 T_9.1, 6;
    %dup/vec4;
    %pushi/vec4 2, 0, 2;
    %cmp/u;
    %jmp/1 T_9.2, 6;
    %dup/vec4;
    %pushi/vec4 3, 0, 2;
    %cmp/u;
    %jmp/1 T_9.3, 6;
    %jmp T_9.4;
T_9.0 ;
    %pushi/vec4 14, 0, 4;
    %assign/vec4 v0x7fae6070a160_0, 0;
    %jmp T_9.4;
T_9.1 ;
    %pushi/vec4 13, 0, 4;
    %assign/vec4 v0x7fae6070a160_0, 0;
    %jmp T_9.4;
T_9.2 ;
    %pushi/vec4 11, 0, 4;
    %assign/vec4 v0x7fae6070a160_0, 0;
    %jmp T_9.4;
T_9.3 ;
    %pushi/vec4 7, 0, 4;
    %assign/vec4 v0x7fae6070a160_0, 0;
    %jmp T_9.4;
T_9.4 ;
    %pop/vec4 1;
    %jmp T_9;
    .thread T_9, $push;
    .scope S_0x7fae60604160;
T_10 ;
    %pushi/vec4 0, 0, 4;
    %store/vec4 v0x7fae6070af30_0, 0, 4;
    %pushi/vec4 1, 0, 4;
    %store/vec4 v0x7fae6070ac90_0, 0, 4;
    %pushi/vec4 2, 0, 4;
    %store/vec4 v0x7fae6070ae60_0, 0, 4;
    %pushi/vec4 3, 0, 4;
    %store/vec4 v0x7fae6070ad80_0, 0, 4;
    %pushi/vec4 0, 0, 1;
    %store/vec4 v0x7fae6070b110_0, 0, 1;
    %end;
    .thread T_10;
    .scope S_0x7fae60604160;
T_11 ;
    %delay 2, 0;
    %load/vec4 v0x7fae6070b110_0;
    %inv;
    %store/vec4 v0x7fae6070b110_0, 0, 1;
    %jmp T_11;
    .thread T_11;
    .scope S_0x7fae60604160;
T_12 ;
    %vpi_call 2 57 "$dumpfile", "waveform.vcd" {0 0 0};
    %vpi_call 2 58 "$dumpvars", 32'sb00000000000000000000000000000000, S_0x7fae60604160 {0 0 0};
    %delay 16, 0;
    %pushi/vec4 4, 0, 4;
    %store/vec4 v0x7fae6070af30_0, 0, 4;
    %pushi/vec4 5, 0, 4;
    %store/vec4 v0x7fae6070ac90_0, 0, 4;
    %pushi/vec4 6, 0, 4;
    %store/vec4 v0x7fae6070ae60_0, 0, 4;
    %pushi/vec4 7, 0, 4;
    %store/vec4 v0x7fae6070ad80_0, 0, 4;
    %delay 16, 0;
    %pushi/vec4 8, 0, 4;
    %store/vec4 v0x7fae6070af30_0, 0, 4;
    %pushi/vec4 9, 0, 4;
    %store/vec4 v0x7fae6070ac90_0, 0, 4;
    %delay 8, 0;
    %vpi_call 2 68 "$finish" {0 0 0};
    %end;
    .thread T_12;
# The file index is used to find the file name in the following table.
:file_names 7;
    "N/A";
    "<interactive>";
    "TestModules/Display/DisplayTop/VSCODEDisplayTop.v";
    "./TestModules/Display/DigitDecoder/DigitDecoder.v";
    "./TestModules/Display/SyncCounter/SyncCounter.v";
    "./TestModules/Display/DisplayMUX/DisplayMUX.v";
    "./TestModules/Display/CathodeDecoder/CathodeDecoder.v";
